[21/07/2010 22:48:36] (Notice - virtual void ProtocolGame::parsePacket(NetworkMessage&)) PLAYER: Milphia Erk sent unknown byte: 0x22f1d4

[22/07/2010 02:18:29] (Notice - virtual void ProtocolGame::parsePacket(NetworkMessage&)) PLAYER: Mega Sorcerer sent unknown byte: 0x22f1d4

[22/07/2010 10:54:12] (Notice - virtual void ProtocolGame::parsePacket(NetworkMessage&)) PLAYER: Ojani sent unknown byte: 0x22f1d4

[22/07/2010 21:27:13] (Notice - virtual void ProtocolGame::parsePacket(NetworkMessage&)) PLAYER: Lady Power sent unknown byte: 0x22f1d4

[23/07/2010 11:28:31] (Notice - virtual void ProtocolGame::parsePacket(NetworkMessage&)) PLAYER: Er noiisxz sent unknown byte: 0x22f1d4

[23/07/2010 11:28:45] (Notice - virtual void ProtocolGame::parsePacket(NetworkMessage&)) PLAYER: Er noiisxz sent unknown byte: 0x22f1d4

[23/07/2010 11:30:34] (Notice - virtual void ProtocolGame::parsePacket(NetworkMessage&)) PLAYER: Er noiisxz sent unknown byte: 0x22f1d4

[23/07/2010 11:32:05] (Notice - virtual void ProtocolGame::parsePacket(NetworkMessage&)) PLAYER: Er noiisxz sent unknown byte: 0x22f1d4

[23/07/2010 11:32:05] (Notice - virtual void ProtocolGame::parsePacket(NetworkMessage&)) PLAYER: Er noiisxz sent unknown byte: 0x22f1d4

[23/07/2010 11:37:29] (Notice - virtual void ProtocolGame::parsePacket(NetworkMessage&)) PLAYER: Er noiisxz sent unknown byte: 0x22f1d4

[23/07/2010 11:37:29] (Notice - virtual void ProtocolGame::parsePacket(NetworkMessage&)) PLAYER: Er noiisxz sent unknown byte: 0x22f1d4

[23/07/2010 16:26:11] (Notice - virtual void ProtocolGame::parsePacket(NetworkMessage&)) PLAYER: Jack Storm sent unknown byte: 0x22f1d4

[24/07/2010 05:01:21] (Notice - virtual void ProtocolGame::parsePacket(NetworkMessage&)) PLAYER: Andres pupe sent unknown byte: 0x22f1d4

[24/07/2010 05:04:16] (Notice - virtual void ProtocolGame::parsePacket(NetworkMessage&)) PLAYER: Andres pupe sent unknown byte: 0x22f1d4

[24/07/2010 20:05:52] (Notice - virtual void ProtocolGame::parsePacket(NetworkMessage&)) PLAYER: Andres pupe sent unknown byte: 0x22f1d4

[24/07/2010 22:36:51] (Notice - virtual void ProtocolGame::parsePacket(NetworkMessage&)) PLAYER: Shadow Death sent unknown byte: 0x22f1d4

[25/07/2010 11:17:53] (Notice - virtual void ProtocolGame::parsePacket(NetworkMessage&)) PLAYER: Berns sent unknown byte: 0x22f1d4

[25/07/2010 11:25:29] (Notice - virtual void ProtocolGame::parsePacket(NetworkMessage&)) PLAYER: Berns sent unknown byte: 0x22f1d4

[25/07/2010 11:25:29] (Notice - virtual void ProtocolGame::parsePacket(NetworkMessage&)) PLAYER: Berns sent unknown byte: 0x22f1d4

[25/07/2010 11:26:33] (Notice - virtual void ProtocolGame::parsePacket(NetworkMessage&)) PLAYER: Berns sent unknown byte: 0x22f1d4

[25/07/2010 14:25:33] (Notice - virtual void ProtocolGame::parsePacket(NetworkMessage&)) PLAYER: Berns sent unknown byte: 0x22f1d4

[25/07/2010 15:18:18] (Notice - virtual void ProtocolGame::parsePacket(NetworkMessage&)) PLAYER: Jappax sent unknown byte: 0x22f1d4

[25/07/2010 20:21:21] (Notice - virtual void ProtocolGame::parsePacket(NetworkMessage&)) PLAYER: Jappax sent unknown byte: 0x22f1d4

[26/07/2010 02:41:16] (Notice - virtual void ProtocolGame::parsePacket(NetworkMessage&)) PLAYER: Password sent unknown byte: 0x22f1d4

[26/07/2010 09:23:51] (Notice - virtual void ProtocolGame::parsePacket(NetworkMessage&)) PLAYER: Jappax sent unknown byte: 0x22f1d4

[26/07/2010 09:23:51] (Notice - virtual void ProtocolGame::parsePacket(NetworkMessage&)) PLAYER: Jappax sent unknown byte: 0x22f1d4

[26/07/2010 09:23:51] (Notice - virtual void ProtocolGame::parsePacket(NetworkMessage&)) PLAYER: Jappax sent unknown byte: 0x22f1d4

[26/07/2010 09:50:30] (Notice - virtual void ProtocolGame::parsePacket(NetworkMessage&)) PLAYER: Jappax sent unknown byte: 0x22f1d4

[26/07/2010 13:32:18] (Notice - virtual void ProtocolGame::parsePacket(NetworkMessage&)) PLAYER: Jappax sent unknown byte: 0x22f1d4

[26/07/2010 13:32:18] (Notice - virtual void ProtocolGame::parsePacket(NetworkMessage&)) PLAYER: Jappax sent unknown byte: 0x22f1d4

[26/07/2010 09:32:05] (Notice - virtual void ProtocolGame::parsePacket(NetworkMessage&)) PLAYER: Demon Bolado sent unknown byte: 0x22f1d4

[26/07/2010 10:22:15] (Notice - virtual void ProtocolGame::parsePacket(NetworkMessage&)) PLAYER: Zaitsev Owll sent unknown byte: 0x22f1d4

[26/12/2012 13:49:15] (Notice - virtual void ProtocolGame::parsePacket(NetworkMessage&)) PLAYER: Mattheuzinho sent unknown byte: 0x22f1d4

[26/12/2012 13:52:18] (Notice - virtual void ProtocolGame::parsePacket(NetworkMessage&)) PLAYER: Mattheuzinho sent unknown byte: 0x22f1d4

[26/12/2012 13:52:18] (Notice - virtual void ProtocolGame::parsePacket(NetworkMessage&)) PLAYER: Mattheuzinho sent unknown byte: 0x22f1d4

[26/12/2012 14:07:41] (Notice - virtual void ProtocolGame::parsePacket(NetworkMessage&)) PLAYER: Mattheuzinho sent unknown byte: 0x22f1d4

[26/12/2012 14:29:01] (Notice - virtual void ProtocolGame::parsePacket(NetworkMessage&)) PLAYER: Mattheuzinho sent unknown byte: 0x22f1d4

