[21/07/2010 17:05:22] Conhaque: muito
[21/07/2010 18:07:47] Dunga Burro: ta ae
[21/07/2010 18:07:48] Dunga Burro: god
[21/07/2010 18:07:48] Dunga Burro: ?
[21/07/2010 18:18:28] Destination Noiszx: pode usa bot no treinner ?
[21/07/2010 18:18:47] GOD Rapha: sim
[21/07/2010 18:18:51] Destination Noiszx: =)
[21/07/2010 18:18:55] Destination Noiszx: na hunt pode ?
[21/07/2010 18:19:09] GOD Rapha: se eu pega nao vai pode
[21/07/2010 18:19:18] Destination Noiszx: ata
[21/07/2010 18:19:20] Destination Noiszx: ty
[21/07/2010 18:19:21] Destination Noiszx: =)
[21/07/2010 18:19:23] Destination Noiszx: se pega e ban 
[21/07/2010 18:19:23] Destination Noiszx: ?
[21/07/2010 18:19:27] GOD Rapha: s
[21/07/2010 18:19:37] Destination Noiszx: ainda bem q so uso pra treinnar :]
[21/07/2010 18:19:54] GOD Rapha: sei
[21/07/2010 18:19:55] GOD Rapha: wioaiwoiawoia
[21/07/2010 18:20:08] Destination Noiszx: uso n 
[21/07/2010 18:20:12] Destination Noiszx: serio =)
[21/07/2010 18:20:26] Madaleninha: sim sim muito lag
[21/07/2010 18:20:28] Destination Noiszx: pra upa eu uso minhas habilidade msm =D
[21/07/2010 18:20:34] Destination Noiszx: nem ta lag nao ...
[21/07/2010 18:20:40] Dunga Burro: GOD
[21/07/2010 18:20:41] Dunga Burro: ta ae
[21/07/2010 18:20:43] Dunga Burro: tira meu ban
[21/07/2010 18:20:45] Dunga Burro: kra por favor
[21/07/2010 18:20:50] Dunga Burro: tira ban meu no mlk doido
[21/07/2010 18:20:52] Dunga Burro: veio
[21/07/2010 18:20:56] Dunga Burro: por favor
[21/07/2010 18:20:57] GOD Rapha: n fui eu que dei ban
[21/07/2010 18:20:58] Pedriinhoo: God
[21/07/2010 18:21:01] Dunga Burro: aff
[21/07/2010 18:21:02] Dunga Burro: veio
[21/07/2010 18:21:05] Dunga Burro: kem ke deu ban
[21/07/2010 18:21:06] Dunga Burro: mano
[21/07/2010 18:21:08] Dunga Burro: tira AE
[21/07/2010 18:21:08] Pedriinhoo: god tem um bot nos treiner
[21/07/2010 18:21:08] Dunga Burro: pow
[21/07/2010 18:21:10] Dunga Burro: aff
[21/07/2010 18:21:17] Dunga Burro: aff
[21/07/2010 18:21:18] Dunga Burro: flw
[21/07/2010 18:21:19] GOD Rapha: bot nos treino pode
[21/07/2010 18:21:21] GOD Rapha: nao pode caçando
[21/07/2010 18:21:21] Destination Noiszx: Pedriinhooo noob
[21/07/2010 18:21:23] Destination Noiszx: Pedriinhooo noob
[21/07/2010 18:21:46] Pedriinhoo: kkkkkkkkkkkkkkkkkkkkk
[21/07/2010 18:22:04] Destination Noiszx: ou o mouse do kalil estrago ne ?
[21/07/2010 18:23:09] Mirna: pow mlk doido gente boa sacanage tira o ban deli ae o leke ta desesperado kerendo joga
[21/07/2010 18:23:10] Pedriinhoo: kkk
[21/07/2010 18:23:16] Mirna: o mlk se arrependeu do que fex
[21/07/2010 18:24:40] Destination Noiszx: oq ja fez ta feito , n tem como volta atras ...
[21/07/2010 18:25:14] GOD Rapha: nao fui eu que dei ban
[21/07/2010 18:25:15] Mirna: leke mas foi boberinha a deixa
[21/07/2010 18:25:18] GOD Rapha: o god real que deu
[21/07/2010 18:25:24] GOD Rapha: ele falo que nao vai tira
[21/07/2010 18:25:27] GOD Rapha: pq ele xingo ele
[21/07/2010 18:25:57] Mirna: olo esse god real era amigo do leke a deixa keto vcs n entende mermo
[21/07/2010 18:25:58] Mirna: pow
[21/07/2010 18:26:02] Mirna: ot fera
[21/07/2010 18:26:13] Destination Noiszx: mas cara chinga gm e ban .
[21/07/2010 18:26:53] GOD Rapha: sim
[21/07/2010 18:27:26] Mirna: a eskece
[21/07/2010 18:27:34] Destination Noiszx: ou god , vip e 3kk certo ?
[21/07/2010 18:27:37] Pedriinhoo: s
[21/07/2010 18:27:47] Destination Noiszx: perguntei pro c n noob '-'
[21/07/2010 18:28:15] Mirna: nb olha  lvl do leke e ker fala
[21/07/2010 18:28:16] Mirna: kkkkkkkkkkkkkk
[21/07/2010 18:28:20] Pedriinhoo: kkk
[21/07/2010 18:28:21] Destination Noiszx: mirna xiu
[21/07/2010 18:28:21] Destination Noiszx: ae
[21/07/2010 18:28:22] Pedriinhoo: mata nem rat
[21/07/2010 18:28:26] Destination Noiszx: criei esse char agr
[21/07/2010 18:28:28] Destination Noiszx: atade
[21/07/2010 18:28:31] Destination Noiszx: atarde*
[21/07/2010 18:28:33] Pedriinhoo: mentira
[21/07/2010 18:28:37] Pedriinhoo: tem 3 dia ja
[21/07/2010 18:28:38] Destination Noiszx: eu vo madruga hj tu vai ve o lvl q eu vo pega
[21/07/2010 18:28:43] Destination Noiszx: teu CU 
[21/07/2010 18:28:46] Mirna: upa ae mas n tem pvp
[21/07/2010 18:28:47] Mirna: kkkkkkk
[21/07/2010 18:28:51] Mirna: mata ninguem
[21/07/2010 18:28:53] Destination Noiszx: jae
[21/07/2010 18:28:53] Pedriinhoo: boteiro do krai
[21/07/2010 18:28:55] Destination Noiszx: dexa eu pega 
[21/07/2010 18:28:56] Destination Noiszx: lvl
[21/07/2010 18:28:57] Destination Noiszx: 150
[21/07/2010 18:29:01] Destination Noiszx: ai nois vai x2
[21/07/2010 18:29:02] Destination Noiszx: x1
[21/07/2010 18:29:03] Destination Noiszx: noobao[
[21/07/2010 18:29:06] Pedriinhoo: vai continua noob
[21/07/2010 18:29:09] Destination Noiszx: eu e seu pai
[21/07/2010 18:29:29] Pedriinhoo: meu pai
[21/07/2010 18:29:30] Pedriinhoo: te sola
[21/07/2010 18:29:31] Pedriinhoo: facil
[21/07/2010 18:29:39] Destination Noiszx: kkk .
[21/07/2010 18:29:50] Destination Noiszx: vo discuti n
[21/07/2010 18:29:52] Destination Noiszx: qndo tu ve
[21/07/2010 18:29:54] Destination Noiszx: meu lvl
[21/07/2010 18:29:57] Destination Noiszx: ..
[21/07/2010 18:38:21] Craraaarrara: tem god on?
[21/07/2010 18:38:58] GOD Rapha: eu
[21/07/2010 18:38:58] GOD Rapha: fala
[21/07/2010 18:40:44] Craraaarrara: ou da uma infomasao ai
[21/07/2010 18:41:00] Craraaarrara: onde arrumo itens baik
[21/07/2010 18:41:16] Craraaarrara: baiak
[21/07/2010 18:46:27] GOD Rapha: are a vip
[21/07/2010 18:46:29] GOD Rapha: area vip
[21/07/2010 18:46:35] GOD Rapha: npc la vende
[21/07/2010 18:49:42] Craraaarrara: god
[21/07/2010 18:49:47] Craraaarrara: to bugado
[21/07/2010 18:49:48] Craraaarrara: to bugado
[21/07/2010 18:49:49] Craraaarrara: to bugado
[21/07/2010 18:49:53] Craraaarrara: to preso
[21/07/2010 18:57:35] Destination Noiszx: ;x
[21/07/2010 19:22:39] Craraaarrara: to preso
[21/07/2010 19:22:40] Craraaarrara: to preso
[21/07/2010 19:22:41] Craraaarrara: to preso
[21/07/2010 19:22:43] Craraaarrara: to preso
[21/07/2010 19:23:33] Craraaarrara: sai
[21/07/2010 19:23:34] Craraaarrara: ¬¬
[21/07/2010 19:30:47] Lukinha of war: quanto custa vip...?
[21/07/2010 19:31:27] GOD Rapha: 3kk
[21/07/2010 19:31:30] Lukinha of war: fmz
[21/07/2010 20:54:06] Itubaina: tem god on ?
[21/07/2010 20:56:14] Itubaina: tem god on ?
[21/07/2010 22:33:30] Destination Noiszx: ot online 24hrs ?
[21/07/2010 22:45:13] Destination Noiszx: ALGM AE ?
[21/07/2010 22:46:08] Destination Noiszx: OUUUU MANO
[22/07/2010 00:34:57] Lukinha of war: é
[22/07/2010 00:35:00] Lukinha of war: ot on 24h
[22/07/2010 00:40:31] Lukinha of war: god ta aew?
[22/07/2010 10:48:51] Gabysita Sorc: goood ta ai?
[22/07/2010 11:41:12] Destination Noiszx: GM ON KERU COMPRA VIP
[22/07/2010 11:57:42] Destination Noiszx: gm ?
[22/07/2010 11:57:47] Destination Noiszx: keru compra vip
[22/07/2010 11:58:37] Destination Noiszx: KERU COMPRA VIP
[22/07/2010 12:05:30] Destination Noiszx: GM TA AII ?
[22/07/2010 12:15:51] Xibito: vc fas?
[22/07/2010 12:26:14] Rosoolek: n fala
[22/07/2010 12:26:15] Rosoolek: god
[22/07/2010 12:27:16] Rosoolek: porraaaaaaaaa
[22/07/2010 12:37:56] Google: ALGUM TUTOR OU GM AI ?:
[22/07/2010 12:46:57] Zorba: q bixo cai addon dol
[22/07/2010 12:46:58] Zorba: ??
[22/07/2010 18:35:26] Slim Shady: gm
[22/07/2010 18:35:27] Slim Shady: ae
[22/07/2010 18:46:40] Royal Silvas: da onde eu dropo addon ? ou compro ?
[22/07/2010 18:46:42] Royal Silvas: da onde eu dropo addon ? ou compro ?
[22/07/2010 18:47:03] Royal Silvas: de que bixo eu dopro addon  ou onde compro ?
[22/07/2010 19:18:52] Mr Pet: god on
[22/07/2010 19:18:53] Mr Pet: ?
[22/07/2010 19:35:59] Zorba: GM onn
[22/07/2010 19:38:04] Zorba: oweu quero compra uma casa
[22/07/2010 19:38:32] Zorba: gmmmm
[22/07/2010 19:38:36] Zorba: ADM
[22/07/2010 19:41:48] Reppol: o server tem arena?
[22/07/2010 19:48:54] Zorba: admmm aee?
[22/07/2010 19:54:32] Falcon Fak: onde coloca promotion ?
[22/07/2010 20:34:18] Pedriinhoo: god
[22/07/2010 20:34:19] Pedriinhoo: o sabako
[22/07/2010 20:34:20] Pedriinhoo: e vip
[22/07/2010 20:34:26] Pedriinhoo: e god
[22/07/2010 20:34:28] Pedriinhoo: que dize
[22/07/2010 21:01:18] Popy: tem alguem ae?
[22/07/2010 21:01:24] Pedriinhoo: eu'
[22/07/2010 21:01:34] Popy: to trapado no meio da agua >> do depot
[22/07/2010 21:01:36] Popy: comofaz?
[22/07/2010 21:01:36] Popy: D:
[22/07/2010 22:05:41] Dragon hell: god ta ae ou cm?
[22/07/2010 22:44:33] Slim Shady: como faz pra ser vip ?
[22/07/2010 22:44:42] Slim Shady: adm ae?
[22/07/2010 22:44:43] Popy: paga 3kk
[22/07/2010 22:44:44] Popy: pro god
[22/07/2010 22:44:49] Slim Shady: ave maria
[22/07/2010 22:44:54] Slim Shady: nao tem condições n
[23/07/2010 00:03:18] Impostor: vai reiniciar de novo?
[23/07/2010 11:28:54] Mr pedro: god
[23/07/2010 11:28:58] Mr pedro: ta aew?
[23/07/2010 12:22:46] Ice'witch: ow
[23/07/2010 12:22:48] Ice'witch: Rapa
[23/07/2010 12:22:50] Ice'witch: Rapha
[23/07/2010 12:23:03] Ice'witch: quero compra uma casa
[23/07/2010 12:23:11] Ice'witch: mais nao ta dando
[23/07/2010 12:23:27] Pequeno Morcego: onde
[23/07/2010 12:23:29] Pequeno Morcego: vc tah
[23/07/2010 12:23:29] Pequeno Morcego: ?
[23/07/2010 12:23:35] Ice'witch: temple
[23/07/2010 12:39:16] Game: GOD
[23/07/2010 12:39:20] Game: GOD
[23/07/2010 12:39:28] Game: fala onde eu upo
[23/07/2010 12:39:36] Impostor: oxi
[23/07/2010 12:39:37] Impostor: drag
[23/07/2010 12:40:01] Game: manow
[23/07/2010 12:40:04] Game: n conssigo
[23/07/2010 12:40:08] Impostor: entao vai rot
[23/07/2010 12:40:12] Game: lol
[23/07/2010 12:40:15] Game: da itens aew
[23/07/2010 12:40:16] Game: ?
[23/07/2010 12:40:28] Impostor: n posso, to fazendo uma parada pra minha mae
[23/07/2010 12:40:50] Game: olha quanto é a addon?
[23/07/2010 12:40:59] Impostor: vc tem q usar o bonequinho chama addon doll
[23/07/2010 12:41:05] Impostor: ai vc fala !addon (outfit)
[23/07/2010 12:41:07] Impostor: ja era
[23/07/2010 12:41:08] Impostor: tipo
[23/07/2010 12:41:10] Impostor: .!addon shaman
[23/07/2010 12:41:11] Impostor: ai faz
[23/07/2010 12:42:15] Alix: help i need money for potions!!!! god plx help or a gm or cm 
[23/07/2010 12:42:24] Impostor: no need money for potion
[23/07/2010 12:42:28] Impostor: buy a single mana potion
[23/07/2010 12:42:31] Impostor: and it is forever.
[23/07/2010 12:42:40] Impostor: 12:44 Using the last great mana potion... 12:44 Using the last great mana potion... 12:44 Using the last great mana potion... 12:44 Using the last great mana potion... 12:44 Using the last great mana potion...
[23/07/2010 12:42:42] Game: 12:42 Voce não possui Addon Doll!
[23/07/2010 12:42:46] Game: n da
[23/07/2010 12:42:47] Impostor: to falando
[23/07/2010 12:42:49] Impostor: vc tem q ter o boneco
[23/07/2010 12:42:56] Game: queal
[23/07/2010 12:42:57] Game: ?
[23/07/2010 12:43:01] Impostor: vai dp
[23/07/2010 12:43:04] Impostor: templo*
[23/07/2010 12:49:25] Game: ta aew?
[23/07/2010 12:49:47] Game: tem alguem aew?
[23/07/2010 12:49:48] Game: tem alguem aew?
[23/07/2010 12:49:49] Game: tem alguem aew?
[23/07/2010 12:49:49] Game: tem alguem aew?
[23/07/2010 12:49:50] Game: tem alguem aew?
[23/07/2010 12:49:50] Game: tem alguem aew?
[23/07/2010 12:49:51] Game: tem alguem aew?
[23/07/2010 12:49:57] Game: tem alguem aew?
[23/07/2010 12:49:57] Game: tem alguem aew?
[23/07/2010 12:49:58] Game: tem alguem aew?
[23/07/2010 12:49:58] Game: tem alguem aew?
[23/07/2010 14:35:56] Rosoolek: god
[23/07/2010 14:35:56] Rosoolek: ta ai
[23/07/2010 14:35:57] Rosoolek: ?
[23/07/2010 14:40:04] Goathi Boladao: como compra outfit?
[23/07/2010 15:07:17] Impostor: lag pls
[23/07/2010 18:11:23] Slim Shady: god quanto eh a vip?
[23/07/2010 18:12:14] Slim Shady: muito caro
[23/07/2010 18:12:15] Slim Shady: ixi
[23/07/2010 18:12:26] Slim Shady: ate pq eh mto dificil de upar
[23/07/2010 18:55:17] Jack ralirena: god qro vip tenho a grana
[23/07/2010 22:04:51] Primo Da Lores: gm on ?
[23/07/2010 22:06:54] Primo Da Lores: gm n ?
[23/07/2010 23:45:24] Lady Power: god
[23/07/2010 23:45:26] Lady Power: eu quero
[23/07/2010 23:45:27] Lady Power: vip
[23/07/2010 23:45:38] Lady Power: eu quero comprar vip
[24/07/2010 10:11:25] Tibia: ot bugado
[24/07/2010 13:01:49] Primo Da Lores: gm on plz ?
[24/07/2010 20:53:11] Bcss: aonde cato o novo addon inteiro?
[24/07/2010 22:05:41] Free Style: ajuda
[24/07/2010 22:05:42] Free Style: plx
[24/07/2010 22:09:00] Free Style: AJUDAAAAAAAAAAAA
[24/07/2010 22:55:23] Primo Da Lores: opa
[24/07/2010 22:55:27] Primo Da Lores: help plz
[25/07/2010 01:38:58] Falcon Fak: alguem ? ><
[25/07/2010 02:14:17] Master Fox: aff n da pra sair daki
[25/07/2010 04:36:08] Popy: armaggedon
[25/07/2010 10:59:13] Dona Popet: como compra vip aki ?
[25/07/2010 12:37:52] Elder Knight: QUANTOS CUSTA A VIP
[25/07/2010 12:37:52] Elder Knight: ?
[25/07/2010 12:38:21] Devil: quanto e a vip star ?
[25/07/2010 12:50:02] Elder Knight: cade
[25/07/2010 12:50:03] Elder Knight: o god
[25/07/2010 12:51:58] Elder Knight: demonwing axe
[25/07/2010 12:52:26] Elder Knight: ?
[25/07/2010 14:21:47] Supeer Man: LAGGGGGGGGGGGGGGGGGGGGGGGGGGGGG
[25/07/2010 14:45:59] Master Killer: quanto custa vip..
[25/07/2010 15:59:53] Welcome: aff god leg do carai
[25/07/2010 16:08:26] Welcome: aff god leg do carai q porra de ot
[25/07/2010 17:19:08] Welcome: aff vai tomar no cu leg do carai
[25/07/2010 17:19:43] Welcome: aff god para de ver video porno ai
[25/07/2010 17:20:06] Welcome: ai
[25/07/2010 19:55:19] Newba: printscreen.zapto.org
[25/07/2010 19:55:40] Newba: entra ae seus pau no cuh
[25/07/2010 19:55:43] Newba: sem top
[25/07/2010 19:55:45] Newba: e sem lag
[25/07/2010 20:21:38] Newba: printscreen.zapto.org
[25/07/2010 20:21:39] Newba: entra ae
[25/07/2010 21:27:11] Master Killer: buy vip gm
[25/07/2010 21:29:26] Erza Scarlet: eu
[26/07/2010 02:47:02] Dragon hell: GOD-CM-GM-TUTOR ALGUEM ON POR FAVOR
[26/07/2010 09:24:23] Aniquiladora: TEAM ANIHI FALTA 2 lvl 100
[26/07/2010 11:12:23] Aniquiladora: EU ANIHI
[26/07/2010 13:21:23] Demoniac Saintz: god ou gm on ?
[26/07/2010 05:12:40] Mago Das Trevas: a onde poi promot
[26/07/2010 05:12:41] Dark knight: adm
[26/07/2010 05:12:46] Dark knight: onde tem drakens
[26/07/2010 05:12:46] Atra Miles: quero comprar vip
[26/07/2010 05:12:46] Dark knight: ?
[26/07/2010 05:12:50] Mago Das Trevas: a onde poi promot
[26/07/2010 05:12:55] Corey: tah lag po
[26/07/2010 05:13:03] Atra Miles: quero comprar vip
[26/07/2010 05:13:10] Mago Das Trevas: eu
[26/07/2010 05:13:42] Porkoo Aranha: ADM BUY VIP 3KK AKE
[26/07/2010 05:13:45] Cararararr: adm
[26/07/2010 05:13:47] Mago Das Trevas: a onde compra promot
[26/07/2010 05:13:53] Cararararr: buy vip ake
[26/07/2010 05:13:59] Cararararr: 3kk
[26/07/2010 05:14:26] Dark knight: god
[26/07/2010 05:14:34] Dark knight: adm
[26/07/2010 05:14:36] Dark knight: adm
[26/07/2010 05:14:40] Dark knight: onde ten drakens
[26/07/2010 05:14:49] Porkoo Aranha: jd vs ?
[26/07/2010 05:16:22] Mago: akspoaops
[26/07/2010 05:18:17] Dark knight: qanto ki ´´e a area vip
[26/07/2010 05:26:20] Dark knight: god
[26/07/2010 05:26:22] Dark knight: adm
[26/07/2010 05:26:26] Dark knight: me vende addon doll
[26/07/2010 05:26:27] Dark knight: ?
[26/07/2010 05:29:17] Lost Druidera: adm ta ai ?
[26/07/2010 05:29:28] Dark knight: Buy addon doll !!
[26/07/2010 05:29:31] Cararararr: fala no help[
[26/07/2010 05:29:35] Dark knight: Buy addon doll !!
[26/07/2010 05:29:56] Lost Druidera: adm nao tem respaw vip de frost nao ?
[26/07/2010 05:30:02] Lost Druidera: nao tem nem 1 bixo aki
[26/07/2010 05:30:11] Lost Druidera: aee
[26/07/2010 05:30:12] Lost Druidera: axei 1
[26/07/2010 05:30:14] Lost Druidera: ¬¬
[26/07/2010 05:46:02] Corey: laaaaaaaag porrra
[26/07/2010 05:46:31] Cararararr: lagg
[26/07/2010 05:52:51] Lost Druidera: porra
[26/07/2010 05:53:02] Lost Druidera: a staff of baiak nao faz nada
[26/07/2010 05:53:15] Lost Druidera: a staff of baiak nao faz nada e custa 1,5kk    
[26/07/2010 06:10:57] Krompax: Como compra promotion???
[26/07/2010 06:11:43] Mathuza Boladao: GM QUE LAGGGGGGGGGGG
[26/07/2010 06:11:50] Mathuza Boladao: TA DEMAIIS
[26/07/2010 06:11:53] Krompax: Como compra promotion???
[26/07/2010 06:11:55] Krompax: Como compra promotion???
[26/07/2010 06:12:07] Mathuza Boladao: ali na city msm
[26/07/2010 06:12:10] Mathuza Boladao: >>> do dp
[26/07/2010 06:12:15] Krompax: qual npc
[26/07/2010 06:12:17] Krompax: ??
[26/07/2010 06:12:33] Krompax: um de assassin?
[26/07/2010 06:12:50] Mathuza Boladao: andar de cima
[26/07/2010 06:12:51] Mathuza Boladao: dele
[26/07/2010 06:13:24] Krompax: vlw
[26/07/2010 06:25:35] Krompax: Como sai de uma guild???
[26/07/2010 06:25:43] Krompax: Como sai de uma guild???
[26/07/2010 06:26:04] Krompax: alguem aiii?
[26/07/2010 06:27:02] Krompax: quem aeee??
[26/07/2010 06:27:24] Krompax: alguem respondeee
[26/07/2010 06:27:27] Krompax: invita eu aee
[26/07/2010 06:27:34] Lost Druidera: fala no chata da gui !leaveguild
[26/07/2010 06:27:43] Lost Druidera: guild*
[26/07/2010 06:28:25] Krompax: como chama o cara
[26/07/2010 06:28:28] Krompax: q ta 333
[26/07/2010 06:28:30] Krompax: no lvl
[26/07/2010 06:28:33] Krompax: ele tava aqui no help
[26/07/2010 06:28:34] Krompax: agora
[26/07/2010 06:28:40] Lost Druidera: nao sei
[26/07/2010 06:29:50] Krompax: caraio
[26/07/2010 06:29:52] Krompax: pode dar pk?
[26/07/2010 06:29:57] Krompax: o cara quase me mata ake
[26/07/2010 06:42:04] Lost Druidera: ADM PQ TA TANTO LAG ???
[26/07/2010 06:54:59] Cararararr: adm ta ai
[26/07/2010 06:55:00] Cararararr: ??
[26/07/2010 06:55:39] Lord Loko: alguem?
[26/07/2010 06:55:50] Cararararr: tgod
[26/07/2010 06:55:51] Cararararr: ta ai
[26/07/2010 06:56:17] Lord Loko: ow pode me responder uma pergunta
[26/07/2010 06:56:18] Lord Loko: ?
[26/07/2010 06:56:49] Cararararr: tinha q vim mais
[26/07/2010 07:00:15] Lord Loko: tem os itens novos??????
[26/07/2010 07:01:40] Lost Druidera: s
[26/07/2010 07:02:12] Lord Loko: vlw
[26/07/2010 07:28:41] Lost Druidera: gm ta ae ?
[26/07/2010 07:43:42] Kaka Boladao: god ta on ?
[26/07/2010 07:50:47] Kaka Boladao: adm on
[26/07/2010 07:50:49] Kaka Boladao: ?
[26/07/2010 07:50:50] Kaka Boladao: alguem
[26/07/2010 08:38:51] Tavinho Crash: GM
[26/07/2010 08:39:02] Tavinho Crash: TÃO TRAPANDO OS NEWBIE
[26/07/2010 09:15:16] Kaka Boladao: God ta on  ?
[26/07/2010 09:19:51] Krompax: Nusssa ta muito laaaaaaag
[26/07/2010 09:19:53] Krompax: =/
[26/07/2010 12:28:32] Terrorista: affs mano tnc krl sumonaro um hero lah nos dragon maiis que krl mano
[26/07/2010 17:26:43] Constantin's: GOD
[26/07/2010 17:26:44] Constantin's: ...
[26/07/2010 17:28:57] Constantin's: GM...
[21/12/2012 21:35:46] Hazoor: god ta ae?
[21/12/2012 21:38:25] Sorcex: god ai ?
[22/12/2012 08:28:02] Mage Caution: ajuda eu adm god cm gm tutor
[22/12/2012 11:54:17] Louco: algum cm ou adm?
[22/12/2012 14:30:27] Louco: algum cm?
[22/12/2012 14:30:28] Louco: god???
[22/12/2012 14:30:34] Louco: eu to predo nos teriner
[22/12/2012 14:36:48] Louco: obrigado
[22/12/2012 15:47:35] Facebook: ADM TA AIIIIIIIIIIIIIIIIIIIIIIIIIII
[22/12/2012 15:47:36] Facebook: ADM TA AIIIIIIIIIIIIIIIIIIIIIIIIIII
[22/12/2012 15:47:37] Facebook: ADM TA AIIIIIIIIIIIIIIIIIIIIIIIIIII
[22/12/2012 15:47:42] Facebook: ADM TA AIIIIIIIIIIIIIIIIIIIIIIIIIII
[22/12/2012 16:24:04] Mugiwara Luffy: GOD FDP
[22/12/2012 16:24:05] Mugiwara Luffy: TA AE
[22/12/2012 16:43:28] Power Ranger Azul: god tae ? tenho um bagulho pra falar pra vc
[22/12/2012 16:48:17] Druid'ziin: GOD TA AE?
[22/12/2012 17:14:45] Druid'ziin: !aol
[22/12/2012 17:14:47] Druid'ziin: !aol
[22/12/2012 20:12:22] Power Ranger Azul: tae gods
[22/12/2012 22:08:44] Louco: algum god on??
[22/12/2012 22:24:14] Power Ranger Azul: porra mano ot nemd a gente vey ta russo
[23/12/2012 09:31:37] Ukraniano: .god
[23/12/2012 09:31:38] Ukraniano: ?
[23/12/2012 10:56:00] Tem Um Bug: god on
[23/12/2012 11:04:10] Tem Um Bug: god on
[23/12/2012 12:52:04] Belinha: god on
[23/12/2012 12:52:39] Belinha: kct tem um bug cade god
[23/12/2012 14:27:03] Coronel: god
[23/12/2012 14:31:31] Coronel: god
[23/12/2012 15:13:38] Ukraniano: !buyhouse
[23/12/2012 16:39:44] Ukraniano: god ai
[23/12/2012 21:44:45] Nikitos: goooooooooooood
[23/12/2012 21:44:47] Nikitos: taê ?
[23/12/2012 22:14:05] Druidzin Polaco: adm ta aew
[23/12/2012 22:15:17] Druidzin Polaco: alguem da dimdim
[23/12/2012 22:45:40] Druidzin Polaco: god ta aew
[23/12/2012 22:45:48] Druidzin Polaco: ta aew namoral
[23/12/2012 22:45:50] Druidzin Polaco: respond
[24/12/2012 11:56:01] Druidzin Polaco: god ta aew
[24/12/2012 11:56:02] Druidzin Polaco: ?
[24/12/2012 11:56:07] Druidzin Polaco: papo 10 ta aew
[24/12/2012 11:56:08] Druidzin Polaco: serio
[24/12/2012 12:46:59] Druidzin Polaco: adm ta aew
[24/12/2012 13:49:24] Druidzin Polaco: god ta aew
[24/12/2012 14:18:14] Druidzin Polaco: adm se ta aew
[24/12/2012 14:18:16] Druidzin Polaco: ?
[24/12/2012 15:37:52] Druidzin Polaco: god ta aew
[24/12/2012 15:38:09] Druidzin Polaco: ta aew god
[24/12/2012 15:38:42] Druidzin Polaco: godgod
[24/12/2012 15:38:44] Druidzin Polaco: ta aew
[24/12/2012 15:39:52] Druidzin Polaco: god
[24/12/2012 15:39:55] Druidzin Polaco: ta aew cara
[24/12/2012 15:52:32] Druidzin Polaco: god ta aew
[24/12/2012 15:52:33] Druidzin Polaco: mano
[24/12/2012 15:52:35] Druidzin Polaco: e serio
[24/12/2012 16:30:52] Druidzin Polaco: god
[24/12/2012 16:30:57] Druidzin Polaco: o senhor esta aew
[24/12/2012 16:30:58] Druidzin Polaco: ?
[24/12/2012 16:32:37] Boy Do Charme: ta travando pq?
[24/12/2012 16:35:57] Boy Do Charme: !addon shaman
[24/12/2012 20:36:18] Druidzin Polaco: good ta aew
[25/12/2012 17:51:44] Dengue: god
[25/12/2012 17:51:47] Dengue: ta ae?
[25/12/2012 20:59:46] Nikitos: god
[25/12/2012 20:59:47] Nikitos: taê ?
[25/12/2012 20:59:53] Nikitos: fala logoooooooooooooooooooooooooooooo
[25/12/2012 20:59:55] Nikitos: gooooooooooooooooooood
[26/12/2012 11:36:37] Roronoa Zoro: god on ?
[26/12/2012 12:06:15] Sona: GOD TAE?
[26/12/2012 14:13:42] Qq Isso: manter
[26/12/2012 14:13:48] Qq Isso: resetar n manolo
[26/12/2012 14:13:50] Qq Isso: manteeeer
[26/12/2012 14:13:55] Madame'arqueira: manter
[26/12/2012 14:13:56] Demonic Fan'tsy: Reseeeeta
[26/12/2012 14:13:56] Menino Dashow: manter
[26/12/2012 14:14:00] Menino Dashow: manter
[26/12/2012 14:14:06] Demonic Fan'tsy: q começa td de novo
[26/12/2012 14:14:08] Qq Isso: god , pergunta aos tops ..
[26/12/2012 14:14:09] Madame'arqueira: top ta lvl baixo
[26/12/2012 14:14:14] Madame'arqueira: manter eh melhor
[26/12/2012 14:14:20] Qq Isso: deixa do jeito que ta goooooooooooooooooooooooooood
[26/12/2012 14:14:23] Madame'arqueira: aumenta rate nao
[26/12/2012 14:14:25] Madame'arqueira: ta bom
[26/12/2012 14:14:33] Qq Isso: o ot ta bom 
[26/12/2012 14:14:36] Qq Isso: so bote vip 2
[26/12/2012 14:14:39] Qq Isso: o resto deixaaaaaaa
[26/12/2012 14:14:39] Madame'arqueira: muda so o mapa msm
[26/12/2012 14:14:50] Madame'arqueira: pq o atack de mage eh baixo
[26/12/2012 14:14:53] Madame'arqueira: se aumentar o xp
[26/12/2012 14:14:56] Madame'arqueira: kina fica imortal
[26/12/2012 14:15:05] Qq Isso: pois é ..
[26/12/2012 14:15:24] Madame'arqueira: ta ai god?
[26/12/2012 14:15:35] Madame Lucinha: ?
[26/12/2012 14:15:37] Demonic Fan'tsy: e bom , botar a wand pra hita mais
[26/12/2012 14:15:46] Madame'arqueira: nao reseta so muda o mapa , deixa o resto como ta
[26/12/2012 14:15:57] Madame Lucinha: precisa mecger nada pra bater naoo.. c nao nao vai ter pvp
[26/12/2012 14:16:01] Madame Lucinha: assim ta muitoo bom
[26/12/2012 14:16:14] Madame'arqueira: o kina bate muito e heala poco
[26/12/2012 14:16:17] Madame'arqueira: ta bom assim
[26/12/2012 14:16:25] Qq Isso: ta bom mesmo
[26/12/2012 14:16:31] Qq Isso: os nbs tudo querendop que mude
[26/12/2012 14:16:35] Qq Isso: esses fdps
[26/12/2012 14:16:40] Qq Isso: ta bom gooood
[26/12/2012 14:16:43] Madame'arqueira: se aumentar muito o xp
[26/12/2012 14:16:46] Madame'arqueira: fica baiak apelao
[26/12/2012 14:16:47] Menino Dashow: hi
[26/12/2012 14:16:53] Madame'arqueira: ai vem um knight 700
[26/12/2012 14:16:54] Madame'arqueira: como mata/
[26/12/2012 14:16:59] Qq Isso: pois é ..
[26/12/2012 14:17:03] Qq Isso: deixa o exp como ta god
[26/12/2012 14:17:08] Madame'arqueira: vai chegar hitando 2k
[26/12/2012 14:17:32] Qq Isso: suauhuhshuahus
[26/12/2012 14:17:32] Qq Isso: né
[26/12/2012 14:17:35] Madame'arqueira: custo achar um ot bom pra jogar
[26/12/2012 14:17:40] Madame'arqueira: quando acho o god quer piorar =[
[26/12/2012 14:18:14] Qq Isso: né .-.
[26/12/2012 14:18:23] Madame Lucinha: acho ki devia dexa assim ms.. i itpw pego lvl trezentos pega so dyas vezes o xp
[26/12/2012 14:18:25] Qq Isso: os outros baiaks tudo 999
[26/12/2012 14:18:27] Madame Lucinha: ai fica masssa
[26/12/2012 14:18:40] Big Apple: RESETA NAO GOD , TA BOM ASSIM
[26/12/2012 14:18:51] Big Apple: ADICIONA VIP 2 E PRONTO
[26/12/2012 14:18:52] Qq Isso: TA BOOOOOOOOOOOOOOOOOOOOOOOOOOOOOOOOOOOOOOOOOOOOOOM
[26/12/2012 14:19:01] Demonic Fan'tsy: E MERMO
[26/12/2012 14:19:03] Demonic Fan'tsy: TA BOM ASSIM
[26/12/2012 14:19:49] Madame'arqueira: decide ai god
[26/12/2012 14:19:53] Madame'arqueira: e da a resposta
[26/12/2012 14:20:03] Madame'arqueira: se for resetar oq ngm quer , eh preju ficar caçando aki
[26/12/2012 14:20:07] Madame Lucinha: fala com agentii aki pra genti saber
[26/12/2012 14:20:09] Qq Isso: se fizer merda vai perder muita gente ...
[26/12/2012 14:21:41] Qq Isso: VENDO ROD VIP 500K - VENDO ROD VIP 500K - VENDO ROD VIP 500K - VENDO ROD VIP 500K - VENDO ROD VIP 500K - VENDO ROD VIP 500K - VENDO ROD VIP 500K - VENDO ROD VIP 500K - VENDO ROD VIP 500K - VENDO ROD VIP 500K - VENDO ROD VIP 500K - VENDO ROD VIP 500K - VEN
[26/12/2012 14:21:47] Qq Isso: VENDO ROD VIP 500K - VENDO ROD VIP 500K - VENDO ROD VIP 500K - VENDO ROD VIP 500K - VENDO ROD VIP 500K - VENDO ROD VIP 500K - VENDO ROD VIP 500K - VENDO ROD VIP 500K - VENDO ROD VIP 500K - VENDO ROD VIP 500K - VENDO ROD VIP 500K - VENDO ROD VIP 500K - VEN
[26/12/2012 14:22:27] Madame Lucinha: respondii ae godd
[26/12/2012 14:22:39] Madame Lucinha: qual vai ser, passa a visaoo
[26/12/2012 14:27:07] Madame'arqueira: e ai god/
[26/12/2012 14:29:22] Demonic Fan'tsy: VAI RESETA OU N ?
[26/12/2012 14:31:35] Demonic Fan'tsy: ???
[26/12/2012 15:01:40] Madame Lucinha: uq o God resolveyu ae
[26/12/2012 15:01:43] Madame Lucinha: ?
[26/12/2012 15:05:35] Madame'capucho: GOD
[26/12/2012 15:10:06] Madame Lucinha: vai cair mais nao neh?
[26/12/2012 15:10:11] Madame Lucinha: perdii ja montaoo de lvl
[26/12/2012 15:25:50] Sona: god
[26/12/2012 15:25:58] Sona: Tira delay da SD
[26/12/2012 15:26:06] Sona: KINA BATE UM MONTE DRUID TA UMA BOSTA
[26/12/2012 16:52:32] Sona: GOD TAE ?
[26/12/2012 17:16:25] Eu Sou Foda: God . 
[26/12/2012 17:51:19] Sem Nome: Ei god ? ,
[26/12/2012 17:51:28] Eu Sou Foda: Oi .
[26/12/2012 18:10:02] Johnny Cage: laaaaaaaaaaaaaaag
[26/12/2012 18:10:10] Aunt Chica: lag? nada
[26/12/2012 18:10:23] Johnny Cage: minha net aq 5 mega
[26/12/2012 18:10:26] Johnny Cage: e meu char n adna
[26/12/2012 18:10:29] Johnny Cage: anda
[26/12/2012 18:10:31] Johnny Cage: ¬¬
[26/12/2012 18:10:50] Aunt Chica: a minha é 15 e tbm nao anda
[26/12/2012 18:24:00] Madame Lucinha: caralhoo god ki lag do caraiii veii
[26/12/2012 18:24:02] Madame Lucinha: ajuda nois ae
[26/12/2012 18:37:20] Viper Insanity: alguem ai ?
[26/12/2012 18:37:41] Viper Insanity: nossa god ou adm ta muito lag ageita ai
[26/12/2012 18:37:43] Viper Insanity: porfavor
[26/12/2012 18:43:39] Laka: GOD BUG AK NO OT MNW?
[26/12/2012 18:43:41] Laka: GOD BUG AK NO OT MNW?
[26/12/2012 18:54:07] Johnny Cage: a exausted da sd podia ser 1 poko menos em
[21/05/2016 15:24:23] Nign: essas travada so aq?
[21/05/2016 15:33:10] Nign: laaag
[21/05/2016 15:38:10] Ademafia: mds que lag
[21/05/2016 18:45:25] Urakin: god
[21/05/2016 18:48:04] Urakin: God
[29/05/2016 12:13:13] Urakin: god
[29/05/2016 12:13:14] Urakin: ta aew?
[03/06/2016 15:08:18] Tacalepau: onde vende as armas vips?
[03/06/2016 15:17:17] Tacalepau: hi
[03/06/2016 15:17:27] Tacalepau: trade
[03/06/2016 22:09:27] Urakin: tem evento ainda?
[25/06/2016 14:06:35] Menina Mah: alguem?
