[21/02/2015 22:01:32] /i crystal coin
[21/02/2015 22:05:09] /up
[21/02/2015 22:05:11] /a
[21/02/2015 22:05:13] /up
[21/02/2015 22:05:14] /up
[21/02/2015 22:05:15] /up
[21/02/2015 22:05:23] /a
[21/02/2015 23:34:39] /goto camilo
[21/02/2015 23:35:46] /m hydra
[21/02/2015 23:35:55] /m demon
[21/02/2015 23:36:24] /t
[21/02/2015 23:36:40] /c camilo
[21/02/2015 23:36:47] /c camilo
[21/02/2015 23:37:24] /m demon
[21/02/2015 23:37:43] /m demon
[21/02/2015 23:37:59] /m demon
[21/02/2015 23:38:14] /i 6281
[21/02/2015 23:38:20] /m demon
[21/02/2015 23:38:20] /m demon
[21/02/2015 23:38:21] /m demon
[21/02/2015 23:38:29] /a
[21/02/2015 23:38:39] /i 6281
[21/02/2015 23:38:50] /m demon
[21/02/2015 23:38:53] /i 6281
[21/02/2015 23:38:57] /a
[21/02/2015 23:39:00] /r
[21/02/2015 23:39:01] /r
[21/02/2015 23:39:03] /a
[21/02/2015 23:39:08] /m demon
[21/02/2015 23:39:09] /m demon
[21/02/2015 23:39:09] /m demon
[21/02/2015 23:39:09] /m demon
[21/02/2015 23:43:37] /ghost
[21/02/2015 23:43:46] /goto camilo
[21/02/2015 23:52:44] /t
[21/02/2015 23:52:48] /goto camilo
[21/02/2015 23:52:53] /ghost
[21/02/2015 23:53:00] /m dragon
[21/02/2015 23:53:13] /m demom
[21/02/2015 23:53:21] /m demon
[21/02/2015 23:54:19] /m demon
[21/02/2015 23:55:47] /m demodras
[21/02/2015 23:56:13] /m exp bug
[21/02/2015 23:56:19] /r
[21/02/2015 23:57:11] /m dragon lord
[21/02/2015 23:58:38] /save
[22/02/2015 00:00:43] /save
[22/02/2015 00:43:25] /up
[22/02/2015 00:44:01] /c Rihanna
[22/02/2015 00:44:19] /t
[22/02/2015 00:45:07] /addskill ,Ruhanna ,level 1
[22/02/2015 00:45:12] /addskill ,Ruhanna ,level 1
[22/02/2015 00:49:08] /goto Rihanna
[22/02/2015 00:50:18] /save
[22/02/2015 00:51:17] /c Hiranna
[22/02/2015 00:51:24] /c Rihanna
[22/02/2015 00:52:33] /t Rihanna
[22/02/2015 00:52:35] /t
[22/02/2015 00:53:09] /r
[22/02/2015 00:54:38] /save
[22/02/2015 00:54:54] /up
[22/02/2015 00:55:16] /a
[22/02/2015 00:55:17] /a
[22/02/2015 00:55:17] /a
[22/02/2015 00:55:18] /a
[22/02/2015 00:55:19] /a
[22/02/2015 00:55:20] /a
[22/02/2015 00:59:29] /t
[22/02/2015 00:59:43] /up
[22/02/2015 01:09:11] /goto rihanna
[22/02/2015 01:19:58] /save
[22/02/2015 01:26:46] /goto rihanna
[22/02/2015 01:27:22] /save
[22/02/2015 01:27:30] /save
[22/02/2015 01:28:19] /t rihanna
[22/02/2015 01:28:32] /t rihanna
[22/02/2015 01:28:34] /t
[22/02/2015 01:31:33] /goto rihanna
[22/02/2015 01:34:26] /r
[22/02/2015 01:36:20] /up
[22/02/2015 01:38:13] /r
[22/02/2015 01:38:37] /r
[22/02/2015 01:38:46] /r
[22/02/2015 01:38:52] /r
[22/02/2015 01:39:39] /i energy ring
[22/02/2015 01:39:46] /i energy ring
[22/02/2015 01:41:37] /r
[22/02/2015 01:42:07] /t
[22/02/2015 01:42:41] /m demon
[22/02/2015 01:44:58] /m demon
[22/02/2015 01:45:28] /r
[22/02/2015 01:45:36] /r
[22/02/2015 01:46:54] /m demon
[22/02/2015 01:47:19] /m demon
[22/02/2015 01:47:57] /m demon
[22/02/2015 01:48:36] /m demon
[22/02/2015 01:50:04] /c rihanna
[22/02/2015 01:53:19] /a
[22/02/2015 01:53:20] /a
[22/02/2015 01:53:21] /a
[22/02/2015 01:53:40] /t
[22/02/2015 01:55:30] /m bazir
[22/02/2015 01:55:37] /r
[22/02/2015 01:56:13] /m grim reaper
[22/02/2015 01:56:49] /m grim reaper
[22/02/2015 01:57:27] /t
[22/02/2015 01:57:31] /m Undead Dragon
[22/02/2015 01:58:40] /m grim reaper
[22/02/2015 01:59:04] /r
[22/02/2015 01:59:08] /m dragon
[22/02/2015 01:59:20] /m dragon
[22/02/2015 01:59:29] /m dragon
[22/02/2015 01:59:44] /m dragon
[22/02/2015 01:59:58] /m dragon
[22/02/2015 02:00:05] /t
[22/02/2015 02:00:11] /m Rotworm
[22/02/2015 02:00:24] /m Rotworm
[22/02/2015 02:00:36] /m Rotworm
[22/02/2015 02:01:09] /m grim reaper
[22/02/2015 02:01:28] /m grim reaper
[22/02/2015 02:01:52] /m grim reaper
[22/02/2015 02:02:31] /m grim reaper
[22/02/2015 02:03:10] /c Danzin
[22/02/2015 02:03:14] /m exp bug
[22/02/2015 02:03:21] /m exp bug
[22/02/2015 02:05:21] /goto danzin
[22/02/2015 02:07:29] /a
[22/02/2015 02:07:29] /a
[22/02/2015 02:07:30] /a
[22/02/2015 02:07:30] /a
[22/02/2015 02:07:31] /a
[22/02/2015 02:07:32] /a
[22/02/2015 02:07:33] /a
[22/02/2015 02:09:10] /a
[22/02/2015 02:09:29] /a
[22/02/2015 02:09:30] /a
[22/02/2015 02:10:04] /save
[22/02/2015 02:11:17] /a
[22/02/2015 02:11:22] /a
[22/02/2015 02:14:43] /t
[22/02/2015 02:15:01] /t
[22/02/2015 02:17:11] /goto danzin
[22/02/2015 02:17:15] /t
[22/02/2015 02:18:25] /s Rihanna ,bazir
[22/02/2015 02:19:49] /ghost
[22/02/2015 02:20:08] /goto danzin
[22/02/2015 02:20:19] /t
[22/02/2015 02:20:25] /c danzin
[22/02/2015 02:21:26] /ghost
[22/02/2015 16:53:13] /shutdown
[22/02/2015 16:56:24] /r
[22/02/2015 16:58:24] /r
[22/02/2015 17:02:08] /reload  actions
[22/02/2015 17:04:06] /reload actions
[22/02/2015 17:04:45] /reload actions
[22/02/2015 17:06:11] /reload actions
[22/02/2015 17:08:57] /reload actions
[22/02/2015 17:14:11] /reload actions
[22/02/2015 17:14:32] /r
[23/02/2015 12:44:47] /t
[23/02/2015 12:47:38] /a 10
[23/02/2015 12:47:43] /a 10
[23/02/2015 12:48:07] /a
[23/02/2015 12:48:08] /a
[23/02/2015 12:48:09] /a
[23/02/2015 12:50:32] /a
[23/02/2015 12:50:33] /a
[23/02/2015 12:50:33] /a
[23/02/2015 12:50:34] /a
[23/02/2015 12:50:39] /a 5
[23/02/2015 12:51:24] /goto camilo
[23/02/2015 12:54:50] /down
[23/02/2015 12:57:46] /goto Elitex Marmitex
[23/02/2015 12:58:02] /i addon doll
[23/02/2015 13:00:02] /m demon
[23/02/2015 13:00:28] /m demon
[23/02/2015 13:01:05] /m grin reaper
[23/02/2015 13:01:08] /m grim reaper
[23/02/2015 13:02:30] /m juggernalt
[23/02/2015 13:02:32] /m juggernalte
[23/02/2015 13:02:39] /m jugernalt
[23/02/2015 13:02:54] /m jugernal
[23/02/2015 13:03:17] /m juggernalt
[23/02/2015 13:03:32] /m juggenalt
[23/02/2015 13:03:40] /m juggernallt
[23/02/2015 13:03:51] /m jugernalt
[23/02/2015 13:05:53] /m Juggernaut
[23/02/2015 13:10:02] /r
[23/02/2015 13:10:03] /r
[23/02/2015 13:11:28] /up
[23/02/2015 13:11:34] /down
[23/02/2015 13:11:38] /down
[23/02/2015 13:11:40] /a
[23/02/2015 13:11:53] /a
[23/02/2015 13:13:26] /m baiak star
[23/02/2015 13:13:31] /m baiak wendy
[23/02/2015 13:13:33] /m baiak wend
[23/02/2015 13:13:35] /m baiak wand
[23/02/2015 13:18:06] /m exp bug
[23/02/2015 19:13:40] /ghost
[23/02/2015 19:13:48] /goto elitex marmitex
[23/02/2015 19:15:20] /t
[23/02/2015 23:28:57] /save
[24/02/2015 00:06:19] /ghost
[24/02/2015 00:06:31] /t
[24/02/2015 01:37:33] /a
[24/02/2015 01:37:38] /a
[24/02/2015 01:37:41] /a
[24/02/2015 01:37:47] /a
[24/02/2015 01:37:48] /a
[24/02/2015 01:37:48] /a
[24/02/2015 01:37:52] /a
[24/02/2015 01:37:53] /a
[24/02/2015 01:37:56] /a
[24/02/2015 01:38:01] /a
[24/02/2015 01:38:02] /a
[24/02/2015 01:38:02] /a
[24/02/2015 01:38:03] /a
[24/02/2015 01:38:03] /a
[24/02/2015 01:38:06] /a
[24/02/2015 01:38:08] /a
[24/02/2015 01:38:09] /a
[24/02/2015 01:45:45] /m exp bug
[24/02/2015 02:00:28] /save
[24/02/2015 16:40:08] /a
[24/02/2015 16:40:09] /a
[24/02/2015 16:40:11] /a
[24/02/2015 16:40:11] /a
[24/02/2015 16:40:12] /a
[24/02/2015 16:40:13] /a
[24/02/2015 16:40:14] /a
[24/02/2015 16:40:14] /a
[24/02/2015 16:40:14] /a
[24/02/2015 16:40:15] /a
[24/02/2015 16:40:18] /a
[24/02/2015 16:41:12] /a
[24/02/2015 16:41:17] /a
[24/02/2015 16:49:43] /save
[24/02/2015 16:57:28] /a
[24/02/2015 16:57:36] /a
[24/02/2015 16:57:42] /a
[24/02/2015 16:57:47] /a
[24/02/2015 16:57:49] /a
[24/02/2015 16:59:43] /save
[24/02/2015 17:11:58] /save
[26/02/2015 14:04:19] /a
[26/02/2015 14:04:33] /r
[26/02/2015 14:16:30] /save
[02/03/2015 01:12:54] /a
[02/03/2015 01:13:19] /a
[02/03/2015 12:34:18] /t
[02/03/2015 12:35:18] /a
[02/03/2015 12:35:26] /t
[02/03/2015 12:38:00] /save
[03/03/2015 02:05:42] /down
[03/03/2015 02:05:44] /a
[03/03/2015 02:05:45] /a
[03/03/2015 02:05:50] /down
[03/03/2015 02:05:51] /a
[03/03/2015 02:06:09] /a
[03/03/2015 02:06:09] /a
[03/03/2015 02:06:10] /a
[03/03/2015 02:06:11] /a
[03/03/2015 02:06:12] /a
[03/03/2015 02:06:20] /a
[03/03/2015 02:06:27] /a
[03/03/2015 02:06:34] /a
[03/03/2015 02:06:47] /a
[03/03/2015 02:07:13] /a
[03/03/2015 02:07:24] /a
[03/03/2015 02:07:26] /a
[03/03/2015 02:07:27] /a
[03/03/2015 02:07:41] /a
[03/03/2015 02:07:49] /a
[03/03/2015 02:08:08] /a
[03/03/2015 02:08:13] /a
[03/03/2015 02:13:50] /down
[03/03/2015 02:13:51] /a
[03/03/2015 02:13:52] /a
[03/03/2015 02:17:58] /t
[03/03/2015 02:19:05] /a
[03/03/2015 02:19:09] /up
[03/03/2015 02:22:06] /t
[03/03/2015 02:35:57] /up
[03/03/2015 15:10:33] /s demon
[03/03/2015 15:12:50] /s bazir
[03/03/2015 15:15:19] /m bazir
[03/03/2015 15:15:56] /r
[03/03/2015 15:26:50] /save
[04/03/2015 15:24:08] /a
[04/03/2015 15:24:09] /a
[04/03/2015 15:24:10] /a
[04/03/2015 15:24:57] /t
[04/03/2015 15:30:37] /save
[04/03/2015 15:37:43] /a
[04/03/2015 15:37:49] /a
[04/03/2015 15:43:15] /save
[05/03/2015 22:22:43] /newtype 1
[05/03/2015 22:22:48] /newtype 1
[05/03/2015 22:23:22] /newtype 1
[05/03/2015 22:23:23] /newtype 4
[05/03/2015 22:23:25] /newtype 3
[05/03/2015 22:23:26] /newtype 2
[05/03/2015 22:23:28] /newtype 5
[05/03/2015 22:23:29] /newtype 6
[05/03/2015 22:23:30] /newtype 7
[05/03/2015 22:23:32] /newtype 8
[05/03/2015 22:23:33] /newtype 9
[05/03/2015 22:23:36] /newtype 15
[05/03/2015 22:23:38] /newtype 34
[05/03/2015 22:23:41] /newtype 33
[05/03/2015 22:23:42] /newtype 32
[05/03/2015 22:23:44] /newtype 35
[05/03/2015 22:23:46] /newtype 36
[05/03/2015 22:23:47] /newtype 37
[05/03/2015 22:23:48] /newtype 38
[05/03/2015 22:23:50] /newtype 39
[05/03/2015 22:23:52] /newtype 39
[05/03/2015 22:23:55] /newtype 40
[05/03/2015 22:23:57] /newtype 441
[05/03/2015 22:23:59] /newtype 41
[05/03/2015 22:24:01] /newtype 42
[05/03/2015 22:24:03] /newtype 43
[05/03/2015 22:24:05] /newtype 44
[05/03/2015 22:24:06] /newtype 45
[05/03/2015 22:24:07] /newtype 46
[05/03/2015 22:24:09] /newtype 47
[05/03/2015 22:24:12] /newtype 48
[05/03/2015 22:24:14] /newtype 49
[05/03/2015 22:24:18] /newtype 50
[05/03/2015 22:24:20] /newtype 51
[05/03/2015 22:24:21] /newtype 52
[05/03/2015 22:24:23] /newtype 53
[05/03/2015 22:24:25] /newtype 54
[05/03/2015 22:24:27] /newtype 53
[05/03/2015 22:24:32] /newtype 53
[05/03/2015 22:30:50] /reload monster
[05/03/2015 22:31:00] /t
[05/03/2015 22:31:04] /m ice
[05/03/2015 22:31:05] /m ice
[05/03/2015 22:31:13] /reload creatures
[05/03/2015 22:31:18] /reload monster
[05/03/2015 22:32:01] /reload monster
[05/03/2015 22:32:48] /m ice
[05/03/2015 22:33:14] /reload monster
[05/03/2015 22:33:18] /m ice
[05/03/2015 22:34:32] /reload monster
[05/03/2015 22:34:35] /m ice
[05/03/2015 22:35:31] /reload monster
[05/03/2015 22:35:34] /m ice
[05/03/2015 22:35:56] /reload monster
[05/03/2015 22:36:31] /reload monster
[05/03/2015 22:36:49] /reload monster
[05/03/2015 22:37:41] /reload monster
[05/03/2015 22:37:45] /reload monster
[05/03/2015 22:37:50] /m ice
[05/03/2015 22:42:02] /m reload monster
[05/03/2015 22:42:03] /m reload monster
[05/03/2015 22:42:09] /reload monster
[05/03/2015 22:42:18] /m ice
[05/03/2015 23:19:17] /reload monster
[05/03/2015 23:19:59] /reload monster
[05/03/2015 23:22:26] /i 7378
[05/03/2015 23:22:30] /i 7378
[05/03/2015 23:22:50] /i 2546
[05/03/2015 23:23:06] /i 1976
[05/03/2015 23:25:10] /reload monster
[05/03/2015 23:25:13] /m ice
[05/03/2015 23:25:52] /m ice
[05/03/2015 23:26:29] /m ice
[05/03/2015 23:27:30] /reload monster
[05/03/2015 23:27:33] /m ice
[05/03/2015 23:27:47] /m ice
[05/03/2015 23:28:03] /m ice
[05/03/2015 23:28:44] /m ice
[05/03/2015 23:28:57] /m ice
[05/03/2015 23:29:09] /m ice
[05/03/2015 23:29:39] /i 2514
[05/03/2015 23:30:01] /reload monster
[05/03/2015 23:30:04] /m ice
[05/03/2015 23:30:18] /m ice
[05/03/2015 23:30:30] /m ice
[05/03/2015 23:31:02] /reload monster
[05/03/2015 23:31:05] /m ice
[05/03/2015 23:31:16] /m ice
[05/03/2015 23:31:28] /m ice
[05/03/2015 23:31:40] /m ice
[06/03/2015 00:25:27] /a
[06/03/2015 00:27:34] /reload map
[06/03/2015 00:28:30] /a
[06/03/2015 00:34:59] /reload monster
[06/03/2015 01:02:08] /t
[06/03/2015 01:02:11] /t
[06/03/2015 01:02:12] /t
[06/03/2015 01:18:06] /save
[06/03/2015 01:34:50] /t
[06/03/2015 01:34:54] /i small rod
[06/03/2015 01:34:58] /i small rood
[06/03/2015 01:35:01] /i small staff
[06/03/2015 01:35:10] /i baiak staff
[06/03/2015 01:35:58] /i 7958
[06/03/2015 01:36:52] /i 12609
[06/03/2015 01:38:49] /i baiak armor
[06/03/2015 01:38:56] /i baiak legs
[06/03/2015 01:39:01] /i baiak hat
[06/03/2015 01:39:07] /i baiak boots
[06/03/2015 01:39:12] /i baiak shoes
[06/03/2015 01:39:25] /i baiak helmet
[06/03/2015 01:39:43] /r
[06/03/2015 01:39:49] /i baiak shield
[06/03/2015 01:39:55] /r
[06/03/2015 01:39:59] /m ghasbaran
[06/03/2015 01:40:09] /m ghasbaram
[06/03/2015 01:40:15] /m ghasbarran
[06/03/2015 01:40:25] /m ghasbaran
[06/03/2015 01:40:44] /m ghazbaran
[06/03/2015 01:40:49] /s bazir
[06/03/2015 01:40:52] /s infernatil
[06/03/2015 01:40:58] /s infernatil
[06/03/2015 01:40:59] /s infernatil
[06/03/2015 01:40:59] /s infernatil
[06/03/2015 01:41:04] /s infernatil
[06/03/2015 01:41:08] /s infernatil
[06/03/2015 01:41:24] /m morgaroth
[06/03/2015 01:46:01] /a
[06/03/2015 01:46:08] /a
