[21/12/2012 21:33:42] /ghost
[21/12/2012 21:34:42] /a 2
[21/12/2012 21:34:53] /owner don'ki shooter
[22/12/2012 10:41:45] /a 2
[22/12/2012 16:44:27] /goto sky fighters
[22/12/2012 16:45:38] /goto sky fighters
[22/12/2012 17:42:01] /i crystal coin
[22/12/2012 17:42:22] /i backpack
[22/12/2012 17:42:29] /i crystal coin
[22/12/2012 17:42:32] /i crystal coin
[22/12/2012 17:42:33] /i crystal coin
[22/12/2012 17:42:34] /i crystal coin
[22/12/2012 17:42:35] /i crystal coin
[22/12/2012 17:42:36] /i crystal coin
[22/12/2012 17:42:36] /i crystal coin
[22/12/2012 17:42:37] /i crystal coin
[22/12/2012 17:42:38] /i crystal coin
[22/12/2012 17:42:39] /i crystal coin
[22/12/2012 17:42:40] /i crystal coin
[22/12/2012 17:42:40] /i crystal coin
[22/12/2012 17:42:41] /i crystal coin
[22/12/2012 17:42:42] /i crystal coin
[22/12/2012 17:42:42] /i crystal coin
[22/12/2012 17:42:43] /i crystal coin
[22/12/2012 17:42:44] /i crystal coin
[22/12/2012 17:42:45] /i crystal coin
[22/12/2012 17:42:46] /i crystal coin
[22/12/2012 17:42:47] /i crystal coin
[22/12/2012 18:28:59] /goto bolado
[22/12/2012 18:29:09] /goto matheus rodrigues
[22/12/2012 18:29:14] /goto mano tomate
[22/12/2012 18:29:58] /t mano tomate
[22/12/2012 18:30:31] /goto the killer
[22/12/2012 18:31:14] /goto synister gates
[22/12/2012 18:31:24] /goto gates
[22/12/2012 18:31:32] /goto synyster gates
[22/12/2012 18:32:02] /goto leaao nice
[22/12/2012 18:32:14] /goto leaao nice
[22/12/2012 18:32:51] /goto leaao Nice
[22/12/2012 18:33:13] /goto danzord
[22/12/2012 18:34:45] /goto loddu'de la mancha
[22/12/2012 18:34:53] /t loddu' de la mancha
[22/12/2012 18:35:07] /t Loddu'de la Mancha
[22/12/2012 18:35:10] /t
[22/12/2012 18:36:29] /goto Loddu'de la Mancha
[22/12/2012 18:54:26] /t loddu de' la Mancha
[22/12/2012 18:54:48] /t Loddu'de la Mancha 
[22/12/2012 18:54:50] /t
[22/12/2012 18:56:37] /t Loddu'de la Mancha 
[23/12/2012 08:39:21] /t
[23/12/2012 08:39:30] /a 3
[23/12/2012 08:39:41] /a 2
[23/12/2012 08:39:57] /c don'ki shooter
[23/12/2012 08:44:23] /r
[23/12/2012 08:44:28] /r
[23/12/2012 08:44:30] /r
[23/12/2012 08:44:33] /r
[23/12/2012 08:44:38] /r
[23/12/2012 08:44:42] /r
[23/12/2012 08:44:45] /r
[23/12/2012 08:44:59] /save
[23/12/2012 08:45:07] /reload monsters
[23/12/2012 08:45:10] /a 2
[23/12/2012 08:46:02] /c don'ki shooter
[23/12/2012 08:49:39] /i mana potion
[23/12/2012 08:49:44] /goto don'ki shooter
[23/12/2012 08:58:37] /c fo'x shooter
[23/12/2012 09:07:20] /c son'chia
[23/12/2012 09:08:36] /t
[23/12/2012 09:08:05] /c son'chia
[23/12/2012 09:10:30] /t
[23/12/2012 09:10:38] /goto mage caution
[23/12/2012 09:11:07] /goto The Killer
[23/12/2012 09:11:56] /t  mage caution
[23/12/2012 11:37:04] /goto spartacus
[23/12/2012 11:37:07] /t
[23/12/2012 11:37:29] /goto knight of hell
[23/12/2012 11:37:46] /t spartacus
[23/12/2012 11:37:57] /goto blind ranger
[23/12/2012 11:38:13] /goto synister gates
[23/12/2012 11:38:19] /goto synyster gates
[23/12/2012 11:38:42] /a 10
[23/12/2012 11:39:00] /a 10
[23/12/2012 11:40:14] /r
[23/12/2012 11:40:16] /r
[23/12/2012 11:40:20] /r
[23/12/2012 11:40:21] /r
[23/12/2012 11:40:23] /r
[23/12/2012 11:40:39] /r
[23/12/2012 11:40:40] /r
[23/12/2012 11:40:41] /r
[23/12/2012 11:40:46] /r
[23/12/2012 11:40:49] /r
[23/12/2012 11:40:53] /t
[23/12/2012 11:46:51] /save
[23/12/2012 12:30:36] /addskill don'ki shooter, magic
[23/12/2012 12:30:43] /addskill don'ki shooter, magic
[23/12/2012 12:33:47] /goto the killer
[23/12/2012 12:37:38] /goto don'ki shooter
[23/12/2012 12:37:48] /i dragon ham
[23/12/2012 12:40:50] /t
[23/12/2012 12:40:58] /a 3
[23/12/2012 12:41:08] /a 2
[23/12/2012 12:41:13] /c don'ki shooter
[23/12/2012 13:43:00] /a 
[23/12/2012 13:43:10] /c loddu de'la Mancha
[23/12/2012 13:43:28] /c Loddu'de la Mancha 
[23/12/2012 13:49:08] /save
[23/12/2012 14:40:29] /a 3
[23/12/2012 14:40:43] /a 2
[23/12/2012 14:41:01] /c son'chia
[23/12/2012 14:41:07] /i backpack
[23/12/2012 14:41:17] /i crystal coin
[23/12/2012 14:41:18] /i crystal coin
[23/12/2012 14:41:18] /i crystal coin
[23/12/2012 14:41:19] /i crystal coin
[23/12/2012 14:41:19] /i crystal coin
[23/12/2012 14:41:20] /i crystal coin
[23/12/2012 14:41:20] /i crystal coin
[23/12/2012 14:41:21] /i crystal coin
[23/12/2012 14:41:22] /i crystal coin/i crystal coin
[23/12/2012 14:41:25] /i crystal coin
[23/12/2012 14:41:25] /i crystal coin
[23/12/2012 14:41:29] /i crystal coin
[23/12/2012 14:41:30] /i crystal coin
[23/12/2012 14:41:30] /i crystal coin
[23/12/2012 14:41:31] /i crystal coin
[23/12/2012 16:05:38] /c Loddu'de la Mancha 
[23/12/2012 16:05:47] /c son'chia
[23/12/2012 16:57:54] /goto son'chia
[23/12/2012 16:58:12] /c Loddu'de la Mancha 
[23/12/2012 16:59:20] /i amulet of loss
[23/12/2012 17:50:15] /t
[23/12/2012 17:50:26] /a 2
[23/12/2012 17:50:32] /c dudu'chaia
[23/12/2012 17:51:01] /goto dudu'chaia
[23/12/2012 17:51:32] /i staff of baiak
[23/12/2012 17:51:59] /i sudden death rune
[23/12/2012 17:52:06] /i magic wall rune
[23/12/2012 17:52:23] /i brown mushroom
[23/12/2012 17:52:35] /i baiak cap
[23/12/2012 20:44:23] /a 2
[23/12/2012 20:44:49] /t
[23/12/2012 20:45:14] /i backpack
[23/12/2012 20:45:21] /i crystal coin
[23/12/2012 20:45:26] /i crystal coin
[23/12/2012 20:45:27] /i crystal coin
[23/12/2012 20:45:27] /i crystal coin
[23/12/2012 20:45:28] /i crystal coin
[23/12/2012 20:45:28] /i crystal coin
[23/12/2012 20:45:29] /i crystal coin
[23/12/2012 20:45:29] /i crystal coin
[23/12/2012 20:45:30] /i crystal coin
[23/12/2012 20:45:30] /i crystal coin
[23/12/2012 20:45:31] /i crystal coin/i crystal coin
[23/12/2012 20:45:32] /i crystal coin
[23/12/2012 20:45:33] /i crystal coin
[23/12/2012 20:45:33] /i crystal coin
[23/12/2012 20:45:39] /a 2
[24/12/2012 10:35:15] /a 2
[24/12/2012 10:35:21] /c don'ki shooter
[24/12/2012 18:43:34] /i 2700
[24/12/2012 18:43:52] /goto synyster gates
[24/12/2012 18:44:03] /goto Synyster Gates 
[24/12/2012 18:44:07] /goto Synyster Gates
[24/12/2012 18:44:08] /t
[24/12/2012 20:03:18] /t chapado royal master
[24/12/2012 20:03:36] /a 2
[24/12/2012 20:03:41] /c fox'shooter
[24/12/2012 20:03:48] /c fo'x shooter
[25/12/2012 13:20:00] /c don'ki shooter
[25/12/2012 13:57:15] /c fo'x shooter
[25/12/2012 13:59:18] /i backpack
[25/12/2012 13:59:22] /i crystal coin
[25/12/2012 13:59:26] /i crystal coin
[25/12/2012 13:59:27] /i crystal coin
[25/12/2012 13:59:28] /i crystal coin
[25/12/2012 13:59:28] /i crystal coin
[25/12/2012 13:59:29] /i crystal coin
[25/12/2012 13:59:29] /i crystal coin
[25/12/2012 13:59:30] /i crystal coin
[25/12/2012 13:59:30] /i crystal coin
[25/12/2012 13:59:31] /i crystal coin
[25/12/2012 13:59:32] /i crystal coin
[25/12/2012 13:59:32] /i crystal coin
[25/12/2012 13:59:33] /i crystal coin
[25/12/2012 13:59:34] /i crystal coin
[25/12/2012 13:59:34] /i crystal coin
[25/12/2012 13:59:38] /i crystal coin
[25/12/2012 13:59:39] /i crystal coin
[25/12/2012 13:59:40] /i crystal coin
[25/12/2012 13:59:40] /i crystal coin
[25/12/2012 13:59:41] /i crystal coin
[25/12/2012 14:36:39] /save
[25/12/2012 14:36:56] /attr attack 90
[25/12/2012 14:37:06] /attr atk 90
[25/12/2012 14:37:13] /attr atack
[25/12/2012 14:37:27] /attr Atk:90
[25/12/2012 14:37:36] /attr atk 90
[25/12/2012 14:37:42] /r
[25/12/2012 14:39:14] /attr attack value 90
[25/12/2012 14:39:32] /attr <attribute key="attack" value="85" />
[25/12/2012 14:39:58] /attr "attack" "85"
[25/12/2012 14:41:36] /attr ["attack"] = setItemAttack 90,
[25/12/2012 14:41:48] /attr ["attack"] = setItemAttack
[25/12/2012 14:42:02] /attr /attr ["95"] = setItemAttack
[25/12/2012 14:42:43] /attr attack [95]
[25/12/2012 14:42:47] /attr attack 95
[25/12/2012 14:45:26] /reload talkactions
[25/12/2012 14:46:28] /reload talkactions
[25/12/2012 14:46:44] /a 5
[25/12/2012 14:46:46] /a 2
[25/12/2012 14:48:09] /reload talkactions
[25/12/2012 14:48:13] /attr attack 2
[25/12/2012 14:48:35] /attr set number attack "(90)
[25/12/2012 14:48:48] /attr set number attack "90
[25/12/2012 14:49:00] /attr set number attack (90)
[25/12/2012 14:49:11] /attr set number attack "(95)
[25/12/2012 14:51:45] /reload talkactions
[25/12/2012 14:51:50] /attr attack 1
[25/12/2012 14:52:28] /attr attack 1
[25/12/2012 14:52:36] /attr setitemattack
[25/12/2012 14:52:59] /attr ["attack"] = setItemAttack,
[25/12/2012 14:54:10] /attr set number attack "(90)
[25/12/2012 14:54:17] /attr set number attack "(90)"
[25/12/2012 14:54:21] /attr set number attack (90)
[25/12/2012 14:55:03] /reload talkactions
[25/12/2012 14:55:17] /attr attack 1
[25/12/2012 14:55:22] /attr atk 1
[25/12/2012 14:56:15] /attr attack 1
[25/12/2012 14:56:24] /attr set attack 100
[25/12/2012 14:58:39] /reload talkactions
[25/12/2012 14:58:58] /attr set attack 100
[25/12/2012 15:03:38] /i great spirit potion
[25/12/2012 15:03:55] /attr set health = {400, 600}, 
[25/12/2012 15:04:05] /attr set health 400, 600
[25/12/2012 15:04:10] /attr set health 400
[25/12/2012 15:04:29] /attr set health 900
[25/12/2012 15:04:43] /t
[25/12/2012 15:05:18] /a 50
[25/12/2012 15:05:30] /a 20
[25/12/2012 15:05:39] /i imperium sword
[25/12/2012 15:05:52] /attr set attack 100
[25/12/2012 15:06:01] /attr set defense 60
[25/12/2012 15:06:14] /t
[25/12/2012 15:07:01] /a 5
[25/12/2012 15:32:41] /t
[25/12/2012 15:32:50] /goto synyster gates
[25/12/2012 15:33:14] /goto Hoope Solo
[25/12/2012 15:33:24] /goto black night
[25/12/2012 15:33:28] /t
[25/12/2012 15:35:20] /a 2
[25/12/2012 15:36:27] /t
[25/12/2012 15:36:38] /a 30
[25/12/2012 15:36:41] /a 2
[25/12/2012 15:36:49] /i baiak arrow
[25/12/2012 15:37:14] /attr set attack 1000
[25/12/2012 15:37:23] /i bow
[25/12/2012 15:38:02] /i backpack
[25/12/2012 15:38:47] /attr attack 105
[25/12/2012 15:38:57] /attr set attack 105
[25/12/2012 15:39:13] /attr set defense 40
[25/12/2012 15:39:45] /a 2
[25/12/2012 15:40:58] /a 2
[25/12/2012 15:41:21] /attr set attack 105
[25/12/2012 15:41:38] /attr set defense 51
[25/12/2012 15:41:52] /attr set attack 105
[25/12/2012 15:41:58] /attr set defense 51
[25/12/2012 15:42:18] /attr set defense 51
[25/12/2012 15:42:24] /attr set attack 105
[25/12/2012 15:43:58] /i baiak shield
[25/12/2012 15:44:08] /attr set defense 81
[25/12/2012 15:44:29] /attr set attack 105
[25/12/2012 15:45:26] /goto fo'x shooter
[25/12/2012 15:48:31] /i Royal Crossbow
[25/12/2012 15:48:49] /i Royal Crossbow
[25/12/2012 15:49:22] /a 30
[25/12/2012 15:49:26] /a 30
[25/12/2012 15:49:30] /a 5
[25/12/2012 15:49:32] /a 2
[25/12/2012 15:49:33] /a 3
[25/12/2012 15:49:37] /i Royal Crossbow
[25/12/2012 15:49:47] /attr set extra attack 30
[25/12/2012 15:49:56] /attr set extraattack 30
[25/12/2012 15:50:15] /attr set extra attack 40
[25/12/2012 15:50:31] /a 30
[25/12/2012 15:50:33] /a 30
[25/12/2012 15:52:10] /a 50
[25/12/2012 15:52:17] /a 10
[25/12/2012 15:52:32] /i Yol's Bow
[25/12/2012 15:52:44] /attr set extrattack 30
[25/12/2012 15:53:10] /attr set hit% 30
[25/12/2012 15:53:29] /i arbarlest
[25/12/2012 15:53:36] /i baiak arrow
[25/12/2012 15:53:38] /a 50
[25/12/2012 15:53:41] /a 2
[25/12/2012 15:55:17] /i Arbalest
[25/12/2012 15:55:38] /attr set extra attack 50
[25/12/2012 15:55:46] /attr set extraattack 50
[25/12/2012 15:56:00] /i baiak arrow
[25/12/2012 15:56:33] /i Arbalest
[25/12/2012 15:56:45] /attr set extraattack 20
[25/12/2012 15:56:59] /r
[25/12/2012 15:58:37] /i Warsinger Bow
[25/12/2012 15:59:02] /attr set extraattack 30
[25/12/2012 16:00:18] /attr set defense 90
[25/12/2012 16:00:33] /attr set arm 90
[25/12/2012 16:00:42] /attr set armor 90
[25/12/2012 16:01:27] /t
[25/12/2012 17:41:11] /reload actions
[25/12/2012 17:42:35] /reload actions
[25/12/2012 17:45:29] /reload actions
[25/12/2012 17:46:25] /reload actions
[25/12/2012 18:02:31] /t
[25/12/2012 18:02:48] /i 2090
[25/12/2012 18:04:36] /i mastermind potion
[25/12/2012 18:04:55] /i beserk potion
[25/12/2012 18:05:07] /reload actions
[25/12/2012 18:06:52] /reload actions
[25/12/2012 18:18:59] /i 3060
[25/12/2012 18:20:09] /i 5942
[25/12/2012 18:22:19] /reload actions
[25/12/2012 21:06:20] /a 2
[25/12/2012 21:06:34] /c loddu'de la Mancha
[25/12/2012 21:07:42] /goto chuck noris
[25/12/2012 21:07:50] /a 2
[25/12/2012 21:08:02] /owner chuck noris
[25/12/2012 21:08:13] /a 2
[25/12/2012 21:09:07] /a 2
[25/12/2012 21:09:14] /owner nobody
[25/12/2012 21:09:17] /a 2
[25/12/2012 22:09:04] /i crystal coin
[25/12/2012 22:09:14] /i crystal coin
[25/12/2012 22:09:15] /i crystal coin
[25/12/2012 22:09:16] /i crystal coin
[25/12/2012 22:09:16] /i crystal coin
[25/12/2012 22:09:17] /i crystal coin
[25/12/2012 22:09:18] /i crystal coin
[25/12/2012 22:09:18] /i crystal coin
[25/12/2012 22:09:19] /i crystal coin
[25/12/2012 22:09:20] /i crystal coin
[25/12/2012 22:09:20] /i crystal coin
[25/12/2012 22:09:21] /i crystal coin
[25/12/2012 22:09:22] /i crystal coin
[25/12/2012 22:31:37] /addskill loddu'de la Mancha,magic
[25/12/2012 22:31:42] /addskill loddu'de la Mancha,magic
[25/12/2012 22:32:44] /a 2
[25/12/2012 22:33:24] /a 2
[25/12/2012 22:34:35] /goto loddu' de la mancha
[25/12/2012 22:35:20] /a 2
[25/12/2012 22:35:24] /up
[25/12/2012 22:35:31] /a 2
[26/12/2012 10:13:23] /a 2
[26/12/2012 10:13:32] /c don'ki shooter
[26/12/2012 10:16:22] /save
[26/12/2012 14:13:26] /b Galera, Dei um Update no mapa Adcionei VIP 2 e outras Coisas e Aumentei a Rate, então Gostaria de saber de vocês, vocês acham q deveria resetar ou eu deveiria manter os mesmos players ?
[26/12/2012 14:15:02] /b Galera, Dei um Update no mapa Adcionei VIP 2 e outras Coisas e Aumentei a Rate, então Gostaria de saber de vocês, vocês acham q deveria resetar ou eu deveiria manter os mesmos players ?
[26/12/2012 14:15:06] /ghost
[26/12/2012 14:16:29] /r
[26/12/2012 14:17:35] /b Galera, Dei um Update no mapa Adcionei VIP 2 e outras Coisas e Aumentei a Rate, então Gostaria de saber de vocês, vocês acham q deveria resetar ou eu deveiria manter os mesmos players ?
[26/12/2012 14:27:25] /r
[26/12/2012 14:28:29] /a 2
[26/12/2012 14:28:41] /t
[26/12/2012 14:39:37] /a 6-
[26/12/2012 14:39:59] /a 2
[26/12/2012 14:40:06] /ghost
[26/12/2012 15:04:28] /c loddu' de la Mancha
[26/12/2012 15:04:45] /c loddu'de la Mancha
[26/12/2012 15:05:00] /c don'ki shooter
[26/12/2012 15:05:12] /c loddu'de la Mancha
[26/12/2012 15:08:13] /t
[26/12/2012 15:08:26] /ghost
[26/12/2012 15:09:10] /b Tavao nukando
[26/12/2012 15:09:20] /b Tavão Nukando PORRA
[26/12/2012 15:39:59] /addskill Loddu'de la Mancha,level
[26/12/2012 15:41:49] /addskill Loddu'de la Mancha,level
[26/12/2012 15:41:50] /addskill Loddu'de la Mancha,level
[26/12/2012 15:41:51] /addskill Loddu'de la Mancha,level
[26/12/2012 15:41:52] /addskill Loddu'de la Mancha,level
[26/12/2012 15:41:52] /addskill Loddu'de la Mancha,level
[26/12/2012 15:41:55] /addskill Loddu'de la Mancha,level
[26/12/2012 15:41:55] /addskill Loddu'de la Mancha,level
[26/12/2012 15:41:55] /addskill Loddu'de la Mancha,level
[26/12/2012 15:41:56] /addskill Loddu'de la Mancha,level
[26/12/2012 15:41:57] /addskill Loddu'de la Mancha,level
[26/12/2012 15:41:59] /addskill Loddu'de la Mancha,level
[26/12/2012 15:42:00] /addskill Loddu'de la Mancha,level
[26/12/2012 15:42:02] /addskill Loddu'de la Mancha,level
[26/12/2012 15:46:24] /addskill Loddu'de la Mancha,magic
[26/12/2012 15:46:30] /addskill Loddu'de la Mancha,magic
[26/12/2012 15:46:32] /addskill Loddu'de la Mancha,level
[26/12/2012 15:46:33] /addskill Loddu'de la Mancha,level
[26/12/2012 15:46:34] /addskill Loddu'de la Mancha,level
[26/12/2012 15:46:39] /addskill Loddu'de la Mancha,magic
[26/12/2012 15:46:45] /addskill Loddu'de la Mancha,magic
[26/12/2012 15:46:57] /addskill Loddu'de la Mancha,magic
[26/12/2012 15:46:58] /addskill Loddu'de la Mancha,magic
[26/12/2012 15:46:59] /addskill Loddu'de la Mancha,magic
[26/12/2012 15:46:59] /addskill Loddu'de la Mancha,magic
[26/12/2012 15:46:59] /addskill Loddu'de la Mancha,magic
[26/12/2012 15:47:00] /addskill Loddu'de la Mancha,magic
[26/12/2012 15:47:00] /addskill Loddu'de la Mancha,magic
[26/12/2012 15:47:01] /addskill Loddu'de la Mancha,magic
[26/12/2012 15:47:01] /addskill Loddu'de la Mancha,magic
[26/12/2012 15:47:01] /addskill Loddu'de la Mancha,magic
[26/12/2012 15:47:02] /addskill Loddu'de la Mancha,magic
[26/12/2012 15:47:02] /addskill Loddu'de la Mancha,magic
[26/12/2012 15:47:02] /addskill Loddu'de la Mancha,magic
[26/12/2012 15:47:04] /addskill Loddu'de la Mancha,magic/addskill Loddu'de la Mancha,magic/addskill Loddu'de la Mancha,magic
[26/12/2012 15:47:05] /addskill Loddu'de la Mancha,magic
[26/12/2012 15:47:06] /addskill Loddu'de la Mancha,magic
[26/12/2012 15:47:06] /addskill Loddu'de la Mancha,magic
[26/12/2012 15:47:07] /addskill Loddu'de la Mancha,magic/addskill Loddu'de la Mancha,magic
[26/12/2012 15:47:07] /addskill Loddu'de la Mancha,magic
[26/12/2012 15:47:08] /addskill Loddu'de la Mancha,magic
[26/12/2012 15:47:17] /addskill Loddu'de la Mancha,magic
[26/12/2012 15:48:38] /addskill Loddu'de la Mancha,magic
[26/12/2012 15:48:39] /addskill Loddu'de la Mancha,magic
[26/12/2012 15:48:39] /addskill Loddu'de la Mancha,magic
[26/12/2012 15:48:40] /addskill Loddu'de la Mancha,magic
[26/12/2012 15:48:40] /addskill Loddu'de la Mancha,magic
[26/12/2012 15:48:41] /addskill Loddu'de la Mancha,magic
[26/12/2012 15:48:42] /addskill Loddu'de la Mancha,magic
[26/12/2012 15:48:42] /addskill Loddu'de la Mancha,magic
[26/12/2012 15:48:57] /addskill Loddu'de la Mancha,magic
[26/12/2012 15:48:58] /addskill Loddu'de la Mancha,magic
[26/12/2012 15:48:58] /addskill Loddu'de la Mancha,magic
[26/12/2012 15:48:59] /addskill Loddu'de la Mancha,magic
[26/12/2012 15:49:00] /addskill Loddu'de la Mancha,magic
[26/12/2012 15:49:03] /addskill Loddu'de la Mancha,magic
[26/12/2012 15:50:13] /addskill Loddu'de la Mancha,magic
[26/12/2012 15:50:15] /addskill Loddu'de la Mancha,magic
[26/12/2012 15:50:16] /addskill Loddu'de la Mancha,magic
[26/12/2012 15:50:16] /addskill Loddu'de la Mancha,magic
[26/12/2012 15:50:17] /addskill Loddu'de la Mancha,magic
[26/12/2012 15:50:18] /addskill Loddu'de la Mancha,magic
[26/12/2012 15:50:18] /addskill Loddu'de la Mancha,magic
[26/12/2012 15:50:21] /addskill Loddu'de la Mancha,magic/addskill Loddu'de la Mancha,magic
[26/12/2012 15:50:22] /addskill Loddu'de la Mancha,magic
[26/12/2012 15:50:22] /addskill Loddu'de la Mancha,magic
[26/12/2012 15:50:23] /addskill Loddu'de la Mancha,magic
[26/12/2012 15:50:24] /addskill Loddu'de la Mancha,magic
[26/12/2012 15:50:24] /addskill Loddu'de la Mancha,magic
[26/12/2012 15:50:25] /addskill Loddu'de la Mancha,magic
[26/12/2012 15:50:25] /addskill Loddu'de la Mancha,magic
[26/12/2012 15:50:26] /addskill Loddu'de la Mancha,magic
[26/12/2012 15:50:28] /addskill Loddu'de la Mancha,magic
[26/12/2012 15:50:28] /addskill Loddu'de la Mancha,magic
[26/12/2012 15:50:29] /addskill Loddu'de la Mancha,magic
[26/12/2012 15:50:30] /addskill Loddu'de la Mancha,magic
[26/12/2012 15:50:31] /addskill Loddu'de la Mancha,magic
[26/12/2012 15:50:32] /addskill Loddu'de la Mancha,magic
[26/12/2012 15:50:50] /addskill Loddu'de la Mancha,sword
[26/12/2012 15:51:01] /addskill Loddu'de la Mancha,sword
[26/12/2012 15:51:55] /addskill Loddu'de la Mancha,magic
[26/12/2012 15:51:57] /addskill Loddu'de la Mancha,magic
[26/12/2012 15:51:58] /addskill Loddu'de la Mancha,magic
[26/12/2012 15:51:59] /addskill Loddu'de la Mancha,magic
[26/12/2012 15:52:01] /addskill Loddu'de la Mancha,magic
[26/12/2012 15:52:02] /addskill Loddu'de la Mancha,magic
[26/12/2012 15:52:03] /addskill Loddu'de la Mancha,magic
[26/12/2012 15:52:03] /addskill Loddu'de la Mancha,magic
[26/12/2012 15:52:04] /addskill Loddu'de la Mancha,magic
[26/12/2012 15:52:04] /addskill Loddu'de la Mancha,magic
[26/12/2012 15:52:05] /addskill Loddu'de la Mancha,magic
[26/12/2012 15:52:05] /addskill Loddu'de la Mancha,magic
[26/12/2012 15:52:15] /addskill Loddu'de la Mancha,sword
[26/12/2012 15:52:16] /addskill Loddu'de la Mancha,sword
[26/12/2012 15:52:16] /addskill Loddu'de la Mancha,sword
[26/12/2012 15:52:17] /addskill Loddu'de la Mancha,sword
[26/12/2012 15:52:18] /addskill Loddu'de la Mancha,sword
[26/12/2012 15:52:19] /addskill Loddu'de la Mancha,sword
[26/12/2012 15:52:19] /addskill Loddu'de la Mancha,sword
[26/12/2012 15:52:20] /addskill Loddu'de la Mancha,sword
[26/12/2012 15:52:20] /addskill Loddu'de la Mancha,sword
[26/12/2012 15:52:21] /addskill Loddu'de la Mancha,sword
[26/12/2012 15:52:22] /addskill Loddu'de la Mancha,sword
[26/12/2012 15:52:22] /addskill Loddu'de la Mancha,sword
[26/12/2012 15:52:23] /addskill Loddu'de la Mancha,sword
[26/12/2012 15:52:24] /addskill Loddu'de la Mancha,sword
[26/12/2012 15:52:24] /addskill Loddu'de la Mancha,sword
[26/12/2012 15:52:25] /addskill Loddu'de la Mancha,sword
[26/12/2012 15:52:27] /addskill Loddu'de la Mancha,sword
[26/12/2012 15:52:27] /addskill Loddu'de la Mancha,sword
[26/12/2012 15:52:28] /addskill Loddu'de la Mancha,sword
[26/12/2012 15:52:28] /addskill Loddu'de la Mancha,sword
[26/12/2012 15:52:29] /addskill Loddu'de la Mancha,sword
[26/12/2012 15:52:29] /addskill Loddu'de la Mancha,sword
[26/12/2012 15:52:30] /addskill Loddu'de la Mancha,sword
[26/12/2012 15:52:31] /addskill Loddu'de la Mancha,sword
[26/12/2012 15:52:31] /addskill Loddu'de la Mancha,sword
[26/12/2012 15:52:32] /addskill Loddu'de la Mancha,sword
[26/12/2012 15:52:32] /addskill Loddu'de la Mancha,sword
[26/12/2012 15:52:33] /addskill Loddu'de la Mancha,sword
[26/12/2012 15:52:34] /addskill Loddu'de la Mancha,sword
[26/12/2012 15:52:35] /addskill Loddu'de la Mancha,sword
[26/12/2012 15:52:36] /addskill Loddu'de la Mancha,sword
[26/12/2012 15:52:56] /save
[26/12/2012 15:53:32] /t
[26/12/2012 15:53:38] /ghost
[26/12/2012 15:53:50] /a 2
[26/12/2012 15:53:53] /i ushiriel
[26/12/2012 15:54:06] /m morgaroth
[26/12/2012 15:54:11] /m morgaroth
[26/12/2012 15:54:11] /m morgaroth
[26/12/2012 15:54:12] /m morgaroth
[26/12/2012 15:54:12] /m morgaroth
[26/12/2012 15:54:13] /m morgaroth/m morgaroth
[26/12/2012 15:54:14] /a 2
[26/12/2012 15:54:15] /m morgaroth
[26/12/2012 15:54:17] /m morgaroth
[26/12/2012 15:54:18] /m morgaroth
[26/12/2012 15:54:20] /m morgaroth
[26/12/2012 15:54:23] /m morgaroth
[26/12/2012 15:54:24] /m morgaroth
[26/12/2012 15:54:26] /m morgaroth
[26/12/2012 15:54:28] /r
[26/12/2012 15:54:30] /m morgaroth
[26/12/2012 15:54:33] /m morgaroth
[26/12/2012 15:56:07] /i magic wall rune
[26/12/2012 15:56:17] /r
[26/12/2012 15:56:25] /c loddu'de la Mancha
[26/12/2012 15:56:27] /a 2
[26/12/2012 15:56:37] /c loddu'de la Mancha
[26/12/2012 15:57:09] /a 1
[26/12/2012 15:57:12] /r
[26/12/2012 15:57:15] /c loddu'de la Mancha
[26/12/2012 15:57:18] /r
[26/12/2012 15:57:22] /r
[26/12/2012 15:57:24] /c loddu'de la Mancha
[26/12/2012 15:57:26] /c loddu'de la Mancha
[26/12/2012 15:57:28] /a 2
[26/12/2012 15:57:37] /a 2
[26/12/2012 15:57:48] /goto loddu'de la Mancha
[26/12/2012 15:59:53] /a 2
[26/12/2012 16:00:48] /r
[26/12/2012 16:00:49] /r
[26/12/2012 16:00:50] /r
[26/12/2012 16:00:52] /r
[26/12/2012 16:00:53] /r
[26/12/2012 16:00:54] /r
[26/12/2012 16:00:56] /r
[26/12/2012 16:00:57] /r
[26/12/2012 16:00:58] /r
[26/12/2012 16:01:00] /r
[26/12/2012 16:01:01] /r
[26/12/2012 16:01:03] /r
[26/12/2012 16:01:05] /r
[26/12/2012 16:01:16] /c loddu' de la Mancha
[26/12/2012 16:01:41] /c loddu'de la Mancha
[26/12/2012 16:02:01] /m morgaroth
[26/12/2012 16:02:07] /m morgaroth
[26/12/2012 16:02:26] /a 2
[26/12/2012 16:17:41] /addskill Loddu'de la Mancha,sword
[26/12/2012 16:17:44] /addskill Loddu'de la Mancha,sword
[26/12/2012 16:17:44] /addskill Loddu'de la Mancha,sword
[26/12/2012 16:17:45] /addskill Loddu'de la Mancha,sword
[26/12/2012 16:17:46] /addskill Loddu'de la Mancha,sword
[26/12/2012 16:17:46] /addskill Loddu'de la Mancha,sword
[26/12/2012 16:17:47] /addskill Loddu'de la Mancha,sword
[26/12/2012 16:17:47] /addskill Loddu'de la Mancha,sword
[26/12/2012 16:17:48] /addskill Loddu'de la Mancha,sword
[26/12/2012 16:17:48] /addskill Loddu'de la Mancha,sword
[26/12/2012 16:17:49] /addskill Loddu'de la Mancha,sword
[26/12/2012 16:17:53] /addskill Loddu'de la Mancha,sword/addskill Loddu'de la Mancha,sword
[26/12/2012 16:17:54] /addskill Loddu'de la Mancha,sword
[26/12/2012 16:17:55] /addskill Loddu'de la Mancha,sword
[26/12/2012 16:17:56] /addskill Loddu'de la Mancha,sword
[26/12/2012 16:17:56] /addskill Loddu'de la Mancha,sword
[26/12/2012 16:30:29] /addskill Loddu'de la Mancha,sword
[26/12/2012 16:30:33] /addskill Loddu'de la Mancha,sword
[26/12/2012 16:30:34] /addskill Loddu'de la Mancha,sword
[26/12/2012 16:30:35] /addskill Loddu'de la Mancha,sword
[26/12/2012 16:30:35] /addskill Loddu'de la Mancha,sword
[26/12/2012 16:30:36] /addskill Loddu'de la Mancha,sword
[26/12/2012 16:30:37] /addskill Loddu'de la Mancha,sword
[26/12/2012 16:31:00] /addskill Loddu'de la Mancha,sword
[26/12/2012 16:31:00] /addskill Loddu'de la Mancha,sword
[26/12/2012 16:31:01] /addskill Loddu'de la Mancha,sword
[26/12/2012 16:31:02] /addskill Loddu'de la Mancha,sword
[26/12/2012 16:31:03] /addskill Loddu'de la Mancha,sword
[26/12/2012 16:31:04] /addskill Loddu'de la Mancha,sword
[26/12/2012 16:31:05] /addskill Loddu'de la Mancha,sword
[26/12/2012 16:31:06] /addskill Loddu'de la Mancha,sword
[26/12/2012 16:31:07] /addskill Loddu'de la Mancha,sword
[26/12/2012 16:31:08] /addskill Loddu'de la Mancha,sword
[26/12/2012 16:31:09] /addskill Loddu'de la Mancha,sword
[26/12/2012 16:31:13] /addskill Loddu'de la Mancha,sword
[26/12/2012 16:31:13] /addskill Loddu'de la Mancha,sword
[26/12/2012 16:31:14] /addskill Loddu'de la Mancha,sword
[26/12/2012 16:31:15] /addskill Loddu'de la Mancha,sword
[26/12/2012 16:31:15] /addskill Loddu'de la Mancha,sword
[26/12/2012 16:31:16] /addskill Loddu'de la Mancha,sword
[26/12/2012 16:31:16] /addskill Loddu'de la Mancha,sword
[26/12/2012 16:31:17] /addskill Loddu'de la Mancha,sword
[26/12/2012 16:31:18] /addskill Loddu'de la Mancha,sword
[26/12/2012 17:49:39] /addskill Loddu'de la Mancha,level
[26/12/2012 17:49:41] /addskill Loddu'de la Mancha,level
[26/12/2012 17:49:53] /addskill Loddu'de la Mancha,shield
[26/12/2012 17:49:55] /addskill Loddu'de la Mancha,shield
[26/12/2012 17:49:56] /addskill Loddu'de la Mancha,shield
[26/12/2012 17:49:57] /addskill Loddu'de la Mancha,shield
[26/12/2012 17:49:58] /addskill Loddu'de la Mancha,shield
[26/12/2012 17:49:58] /addskill Loddu'de la Mancha,shield
[26/12/2012 17:49:59] /addskill Loddu'de la Mancha,shield
[26/12/2012 17:49:59] /addskill Loddu'de la Mancha,shield
[26/12/2012 17:50:00] /addskill Loddu'de la Mancha,shield
[26/12/2012 17:50:00] /addskill Loddu'de la Mancha,shield
[26/12/2012 17:50:02] /addskill Loddu'de la Mancha,shield
[26/12/2012 17:50:02] /addskill Loddu'de la Mancha,shield
[26/12/2012 17:50:02] /addskill Loddu'de la Mancha,shield
[26/12/2012 17:50:02] /addskill Loddu'de la Mancha,shield
[26/12/2012 17:50:03] /addskill Loddu'de la Mancha,shield
[26/12/2012 17:50:04] /addskill Loddu'de la Mancha,shield
[26/12/2012 17:50:04] /addskill Loddu'de la Mancha,shield
[26/12/2012 17:50:06] /addskill Loddu'de la Mancha,shield
[26/12/2012 17:50:06] /addskill Loddu'de la Mancha,shield
[26/12/2012 17:50:07] /addskill Loddu'de la Mancha,shield
[26/12/2012 17:50:07] /addskill Loddu'de la Mancha,shield
[26/12/2012 17:50:08] /addskill Loddu'de la Mancha,shield
[26/12/2012 17:50:09] /addskill Loddu'de la Mancha,shield
[26/12/2012 17:50:09] /addskill Loddu'de la Mancha,shield
[26/12/2012 17:50:10] /addskill Loddu'de la Mancha,shield
[26/12/2012 17:50:12] /addskill Loddu'de la Mancha,shield
[26/12/2012 17:50:13] /addskill Loddu'de la Mancha,shield
[26/12/2012 17:50:14] /addskill Loddu'de la Mancha,shield
[26/12/2012 17:50:16] /addskill Loddu'de la Mancha,shield
[26/12/2012 17:50:18] /addskill Loddu'de la Mancha,shield
[26/12/2012 17:50:18] /addskill Loddu'de la Mancha,shield
[26/12/2012 17:50:19] /addskill Loddu'de la Mancha,shield
[26/12/2012 17:50:20] /addskill Loddu'de la Mancha,shield
[26/12/2012 17:50:22] /addskill Loddu'de la Mancha,shield
[26/12/2012 17:50:22] /addskill Loddu'de la Mancha,shield
[26/12/2012 17:50:23] /addskill Loddu'de la Mancha,shield
[26/12/2012 17:50:24] /addskill Loddu'de la Mancha,shield
[26/12/2012 17:50:25] /addskill Loddu'de la Mancha,shield
[26/12/2012 17:50:26] /addskill Loddu'de la Mancha,shield
[26/12/2012 17:50:28] /addskill Loddu'de la Mancha,shield
[26/12/2012 17:50:29] /addskill Loddu'de la Mancha,shield
[26/12/2012 17:50:30] /addskill Loddu'de la Mancha,shield
[26/12/2012 17:50:31] /addskill Loddu'de la Mancha,shield
[26/12/2012 17:50:32] /addskill Loddu'de la Mancha,shield
[26/12/2012 17:50:33] /addskill Loddu'de la Mancha,shield
[26/12/2012 17:50:33] /addskill Loddu'de la Mancha,shield
[26/12/2012 17:50:34] /addskill Loddu'de la Mancha,shield
[26/12/2012 17:50:35] /addskill Loddu'de la Mancha,shield
[26/12/2012 17:50:35] /addskill Loddu'de la Mancha,shield
[26/12/2012 17:50:36] /addskill Loddu'de la Mancha,shield
[26/12/2012 17:50:36] /addskill Loddu'de la Mancha,shield
[26/12/2012 17:50:37] /addskill Loddu'de la Mancha,shield
[26/12/2012 17:50:37] /addskill Loddu'de la Mancha,shield
[26/12/2012 17:50:38] /addskill Loddu'de la Mancha,shield
[26/12/2012 17:50:39] /addskill Loddu'de la Mancha,shield
[26/12/2012 17:50:39] /addskill Loddu'de la Mancha,shield
[26/12/2012 17:51:04] /addskill Loddu'de la Mancha,shield
[26/12/2012 17:51:05] /addskill Loddu'de la Mancha,shield
[26/12/2012 17:51:06] /addskill Loddu'de la Mancha,shield
[26/12/2012 17:51:06] /addskill Loddu'de la Mancha,shield
[26/12/2012 17:51:07] /addskill Loddu'de la Mancha,shield
[26/12/2012 17:51:07] /addskill Loddu'de la Mancha,shield
[26/12/2012 17:51:08] /addskill Loddu'de la Mancha,shield
[26/12/2012 17:51:08] /addskill Loddu'de la Mancha,shield
[26/12/2012 17:51:09] /addskill Loddu'de la Mancha,shield
[26/12/2012 17:51:09] /addskill Loddu'de la Mancha,shield
[26/12/2012 17:51:10] /addskill Loddu'de la Mancha,shield
[26/12/2012 17:51:10] /addskill Loddu'de la Mancha,shield
[26/12/2012 17:51:10] /addskill Loddu'de la Mancha,shield
[26/12/2012 17:51:10] /addskill Loddu'de la Mancha,shield
[26/12/2012 17:51:11] /addskill Loddu'de la Mancha,shield
[26/12/2012 17:51:11] /addskill Loddu'de la Mancha,shield
[26/12/2012 17:51:11] /addskill Loddu'de la Mancha,shield
[26/12/2012 17:51:12] /addskill Loddu'de la Mancha,shield
[26/12/2012 17:51:12] /addskill Loddu'de la Mancha,shield
[26/12/2012 17:51:12] /addskill Loddu'de la Mancha,shield
[26/12/2012 17:51:13] /addskill Loddu'de la Mancha,shield
[26/12/2012 17:51:13] /addskill Loddu'de la Mancha,shield
[26/12/2012 17:51:13] /addskill Loddu'de la Mancha,shield
[26/12/2012 17:51:14] /addskill Loddu'de la Mancha,shield
[26/12/2012 18:45:12] /r
[26/12/2012 18:45:19] /r
[26/12/2012 18:46:01] /r
[26/12/2012 18:46:55] /b Tão Nukando vcs são cegos ?
[26/12/2012 18:53:16] /save
