[24/04/2024 14:00:21] /n Hunter
[24/04/2024 15:32:46] /n hunter
[24/04/2024 15:32:51] /n Hunter
[24/04/2024 15:33:12] /n Pandoria
[24/04/2024 15:35:32] /n Hunter
[24/04/2024 15:37:21] /n Hunter
[24/04/2024 15:37:57] /goto hunter
[24/04/2024 15:43:23] /t
[27/04/2024 12:09:13] /a 20
[27/04/2024 12:09:17] /a 5
[27/04/2024 12:09:29] /a 2
[27/04/2024 12:10:27] /a 2
[27/04/2024 12:10:33] /c demon
[27/04/2024 12:10:44] /r
[27/04/2024 12:10:46] /m demon
[27/04/2024 12:10:48] /r
[27/04/2024 12:10:51] /c demon
[27/04/2024 12:10:56] /ghost
[27/04/2024 12:10:59] /c demon
[27/04/2024 12:11:03] /r
[27/04/2024 12:11:13] /s demon
[27/04/2024 12:11:28] /s yalahari
[27/04/2024 12:11:47] /a 2
[27/04/2024 12:11:56] /s demon
[27/04/2024 12:12:57] /s demon
[27/04/2024 12:13:15] /a 2
[27/04/2024 12:13:23] /s demon
[27/04/2024 12:13:45] /s ghazbaran
[27/04/2024 12:13:57] /s morgaroth
[27/04/2024 12:14:33] /s traitor
[27/04/2024 12:14:54] /s traitor
[27/04/2024 12:14:55] /s traitor
[27/04/2024 12:14:56] /s traitor
[27/04/2024 12:16:08] /a 2
[27/04/2024 14:59:46] /raid Ghazbaran
[27/04/2024 15:06:02] /raid ghazbaran
[27/04/2024 15:18:58] /raid ghazbaran
[27/04/2024 15:27:44] /n strike
[27/04/2024 15:27:51] /n lector
[27/04/2024 15:27:59] /r
[27/04/2024 15:30:57] /n strike
[27/04/2024 15:31:30] /i 2157
[27/04/2024 15:32:55] /i 2157
[27/04/2024 15:33:43] /i small helmet
[27/04/2024 15:37:36] /i small armor
[27/04/2024 15:37:39] /i small legs
[27/04/2024 15:37:42] /i small boots
[27/04/2024 15:37:45] /i small shield
[27/04/2024 15:46:34] /r
[27/04/2024 15:48:01] /i strike
[27/04/2024 15:48:04] /n strike
[27/04/2024 15:57:09] /n strike
[27/04/2024 16:04:14] /i strike
[27/04/2024 16:04:17] /n strike
[27/04/2024 16:09:51] /n strike
[27/04/2024 16:18:06] /n strike
[27/04/2024 16:39:26] /goto strike
[27/04/2024 16:40:34] /i event coins
[27/04/2024 16:40:36] /i event coin
[27/04/2024 16:40:51] /r
[27/04/2024 16:41:43] /t
[27/04/2024 16:42:29] /n small rpg
[27/04/2024 16:42:32] /r
[27/04/2024 16:44:45] /n hunter
[27/04/2024 16:52:00] /s demon
[27/04/2024 16:52:19] /s demon
[27/04/2024 16:58:09] /s polar bear
[27/04/2024 16:58:17] /m polar bear
[27/04/2024 18:25:09] /goto tony lincon
[27/04/2024 18:25:13] /i pick
[27/04/2024 18:26:41] /down
[27/04/2024 18:27:04] /up
[27/04/2024 18:27:05] /up
[27/04/2024 18:27:08] /up
[27/04/2024 18:27:10] /up
[27/04/2024 18:27:12] /up
[27/04/2024 18:27:19] /t
[27/04/2024 18:27:42] /c tony lincon
[27/04/2024 18:28:09] /a 50
[27/04/2024 18:28:10] /a 50
[27/04/2024 18:28:10] /a 50
[27/04/2024 18:28:11] /a 50
[27/04/2024 18:28:12] /a 50
[27/04/2024 18:28:14] /a 50
[27/04/2024 18:30:24] /c tony lincon
[27/04/2024 18:32:48] /t
[27/04/2024 23:25:23] /s dragon
[27/04/2024 23:41:56] /r
[27/04/2024 23:41:58] /r
[27/04/2024 23:41:59] /r
[27/04/2024 23:42:02] /r
[27/04/2024 23:42:06] /r
[27/04/2024 23:42:07] /r
[27/04/2024 23:42:09] /r
[27/04/2024 23:42:10] /r
[27/04/2024 23:42:12] /r
[27/04/2024 23:42:12] /r
[27/04/2024 23:42:12] /r
[27/04/2024 23:42:13] /r
[27/04/2024 23:42:13] /r
[27/04/2024 23:42:13] /r
[27/04/2024 23:42:14] /r
[27/04/2024 23:42:14] /r
[27/04/2024 23:42:14] /r
[27/04/2024 23:42:14] /r
[27/04/2024 23:42:15] /r
[27/04/2024 23:42:16] /r
[27/04/2024 23:42:17] /r
[27/04/2024 23:42:18] /r
[27/04/2024 23:42:19] /r
[27/04/2024 23:42:21] /r
[27/04/2024 23:42:21] /r
[27/04/2024 23:42:22] /r
[27/04/2024 23:42:23] /r
[27/04/2024 23:42:23] /r
[27/04/2024 23:42:23] /r
[27/04/2024 23:42:23] /r
[27/04/2024 23:42:24] /r
[27/04/2024 23:42:24] /r
[27/04/2024 23:42:24] /r
[27/04/2024 23:42:24] /r
[27/04/2024 23:42:24] /r
[27/04/2024 23:42:24] /r
[27/04/2024 23:42:25] /r
[27/04/2024 23:42:26] /r
[27/04/2024 23:42:27] /r
[27/04/2024 23:42:27] /r
[27/04/2024 23:42:27] /r
[27/04/2024 23:42:27] /r
[27/04/2024 23:42:27] /r
[27/04/2024 23:42:29] /r
[27/04/2024 23:42:29] /r
[27/04/2024 23:42:30] /r
[27/04/2024 23:42:30] /r
[27/04/2024 23:42:30] /r
[27/04/2024 23:42:30] /r
[27/04/2024 23:42:30] /r
[27/04/2024 23:42:32] /r
[27/04/2024 23:42:33] /r
[27/04/2024 23:42:33] /r
[27/04/2024 23:42:33] /r
[27/04/2024 23:42:35] /r
[27/04/2024 23:42:36] /r
[27/04/2024 23:42:36] /r
[27/04/2024 23:42:38] /r
[27/04/2024 23:51:01] /r
[27/04/2024 23:51:01] /r
[27/04/2024 23:51:01] /r
[27/04/2024 23:51:02] /r
[27/04/2024 23:51:02] /r
[27/04/2024 23:51:03] /r
[27/04/2024 23:51:03] /r
[27/04/2024 23:51:04] /r
[27/04/2024 23:51:04] /r
[27/04/2024 23:51:04] /r
[27/04/2024 23:51:04] /r
[27/04/2024 23:51:04] /r
[27/04/2024 23:51:05] /r
[27/04/2024 23:51:05] /r
[27/04/2024 23:51:05] /r
[27/04/2024 23:51:05] /r
[27/04/2024 23:51:06] /r
[27/04/2024 23:51:07] /r
[27/04/2024 23:51:07] /r
[27/04/2024 23:51:07] /r
[27/04/2024 23:51:07] /r
[27/04/2024 23:51:07] /r
[27/04/2024 23:51:08] /r
[27/04/2024 23:51:08] /r
[27/04/2024 23:51:09] /r
[27/04/2024 23:51:09] /r
[27/04/2024 23:51:09] /r
[27/04/2024 23:51:09] /r
[27/04/2024 23:51:10] /r
[27/04/2024 23:51:10] /r
[27/04/2024 23:51:10] /r
[27/04/2024 23:51:10] /r
[27/04/2024 23:51:10] /r
[27/04/2024 23:51:10] /r
[27/04/2024 23:51:11] /r
[27/04/2024 23:51:11] /r
[27/04/2024 23:51:11] /r
[27/04/2024 23:51:12] /r
[27/04/2024 23:51:12] /r
[27/04/2024 23:51:12] /r
[27/04/2024 23:51:13] /r
[27/04/2024 23:51:14] /r
[27/04/2024 23:51:14] /r
[27/04/2024 23:51:14] /r
[27/04/2024 23:57:56] /r
[27/04/2024 23:57:56] /r
[27/04/2024 23:57:56] /r
[27/04/2024 23:57:56] /r
[27/04/2024 23:57:56] /r
[27/04/2024 23:57:57] /r
[27/04/2024 23:57:59] /r
[27/04/2024 23:57:59] /r
[27/04/2024 23:57:59] /r
[27/04/2024 23:57:59] /r
[27/04/2024 23:57:59] /r
[27/04/2024 23:57:59] /r
[27/04/2024 23:58:00] /r
[27/04/2024 23:58:00] /r
[27/04/2024 23:58:00] /r
[27/04/2024 23:58:00] /r
[27/04/2024 23:58:01] /r
[27/04/2024 23:58:01] /r
[27/04/2024 23:58:02] /r
[27/04/2024 23:58:02] /r
[27/04/2024 23:58:02] /r
[27/04/2024 23:58:02] /r
[27/04/2024 23:58:02] /r
[27/04/2024 23:58:03] /r
[27/04/2024 23:58:03] /r
[27/04/2024 23:58:03] /r
[27/04/2024 23:58:04] /r
[27/04/2024 23:58:04] /r
[27/04/2024 23:58:05] /r
[27/04/2024 23:58:05] /r
[27/04/2024 23:58:05] /r
[27/04/2024 23:58:05] /r
[27/04/2024 23:58:05] /r
[27/04/2024 23:58:06] /r
[27/04/2024 23:58:06] /r
[27/04/2024 23:58:06] /r
[27/04/2024 23:58:06] /r
[28/04/2024 00:01:16] /r
[28/04/2024 00:01:17] /r
[28/04/2024 00:01:17] /r
[28/04/2024 00:06:40] /r
[28/04/2024 00:06:40] /r
[28/04/2024 00:06:41] /r
[28/04/2024 00:06:42] /r
[28/04/2024 00:06:42] /r
[28/04/2024 00:06:42] /r
[28/04/2024 00:06:43] /r
[28/04/2024 00:06:43] /r
[28/04/2024 00:06:45] /r
[28/04/2024 00:06:45] /r
[28/04/2024 00:06:45] /r
[28/04/2024 00:06:47] /r
[28/04/2024 00:06:47] /r
[28/04/2024 00:06:47] /r
[28/04/2024 00:08:38] /r
[28/04/2024 00:08:40] /r
[28/04/2024 00:08:40] /r
[28/04/2024 00:08:41] /r
[28/04/2024 00:08:43] /r
[28/04/2024 00:08:43] /r
[28/04/2024 00:08:43] /r
[28/04/2024 00:08:45] /r
[28/04/2024 00:10:23] /r
[28/04/2024 00:10:25] /r
[28/04/2024 00:11:23] /i 146
[28/04/2024 00:12:14] /newtype 146
[28/04/2024 00:12:18] /newtype 147
[28/04/2024 00:12:21] /newtype 146
[28/04/2024 00:12:23] /newtype 145
[28/04/2024 00:12:25] /newtype 146
[28/04/2024 00:12:36] /m Nomad Desert
[28/04/2024 00:13:58] /m Nomad Desert
[28/04/2024 00:14:01] /r
[28/04/2024 00:14:03] /r
[28/04/2024 00:23:25] /a 5
[28/04/2024 00:24:19] /goto 810 680 7
[28/04/2024 00:24:26] /goto 810, 680, 7
[28/04/2024 00:26:21] /r
[28/04/2024 00:26:22] /r
[28/04/2024 00:26:23] /r
[28/04/2024 00:26:25] /r
[28/04/2024 00:26:26] /r
[28/04/2024 00:28:30] /s dragon
[28/04/2024 00:30:47] /s dragon
[28/04/2024 00:32:20] /s morgaroth
[28/04/2024 00:33:09] /goto demodras
[28/04/2024 00:33:57] /t
