[11/12/2013 17:57:36] /r
[11/12/2013 17:57:37] /r
[11/12/2013 17:57:39] /r
[11/12/2013 17:57:40] /r
[11/12/2013 17:57:40] /r
[11/12/2013 17:57:41] /r
[11/12/2013 17:57:42] /r
[21/02/2015 21:28:45] /t
[21/02/2015 21:29:09] /n seller
[21/02/2015 21:29:15] /r
[21/02/2015 21:29:34] /n upidate seller
[21/02/2015 21:29:39] /n update seller
[21/02/2015 21:29:47] /n update seller
[21/02/2015 21:30:31] /n Updade Seller
[21/02/2015 21:30:56] /r
[21/02/2015 21:31:13] /n senha
[21/02/2015 21:31:24] /r
[21/02/2015 21:31:40] /n Yalaharian addon 1
[21/02/2015 21:31:46] /r
[21/02/2015 21:31:54] /n Varkhal
[21/02/2015 21:32:07] /i addon doll
[21/02/2015 21:32:16] /m frost dragon
[21/02/2015 21:33:02] /r
[21/02/2015 21:40:11] /i addon doll
[21/02/2015 21:40:46] /i addon doll
[06/03/2015 17:07:16] /a 2
[06/03/2015 17:07:17] /up
[06/03/2015 17:07:22] /t
[06/03/2015 17:07:41] /i vip doll
[06/03/2015 17:10:31] /reload movements
[06/03/2015 17:11:27] /r
[06/03/2015 17:12:38] /r
[06/03/2015 17:13:54] /reload actions
[06/03/2015 17:18:59] /reload actions
[06/03/2015 17:47:07] /r
[06/03/2015 17:47:16] /i backpack of holding
[06/03/2015 17:47:24] /i small helmet
[06/03/2015 17:47:29] /i small armor
[06/03/2015 17:47:32] /i small legs
[06/03/2015 17:47:35] /i small boots
[06/03/2015 17:47:38] /i small shield
[06/03/2015 17:47:41] /i small axe
[06/03/2015 17:47:47] /i small sword
[06/03/2015 17:47:50] /i small club
[06/03/2015 17:48:27] /r
[06/03/2015 17:48:30] /save
[06/03/2015 17:49:23] /i small axe
[06/03/2015 17:49:28] /i small wand
[06/03/2015 17:49:32] /i small staff
[06/03/2015 17:50:34] /i crystal wand
[06/03/2015 17:50:40] /i jester rod
[06/03/2015 17:51:18] /i small star
[06/03/2015 17:51:19] /i small star
[06/03/2015 17:51:23] /r
[06/03/2015 17:59:52] /i small star
[06/03/2015 21:14:54] /a
[06/03/2015 21:14:56] /a
[06/03/2015 21:15:02] /a
[06/03/2015 21:15:02] /a
[06/03/2015 21:15:03] /a
[06/03/2015 21:15:04] /a
[06/03/2015 21:15:08] /a
[06/03/2015 21:15:48] /a
[06/03/2015 21:15:56] /a 2
[06/03/2015 21:15:59] /a 2
[06/03/2015 21:16:01] /a 2
[06/03/2015 21:16:04] /s demo
[06/03/2015 21:16:05] /s demon
[06/03/2015 21:16:07] /a
[06/03/2015 21:16:16] /a 3
[06/03/2015 21:16:17] /a 3
[06/03/2015 21:16:21] /s demon
[06/03/2015 21:16:54] /ghost
[06/03/2015 21:17:59] /a 5
[06/03/2015 21:17:59] /a 5
[06/03/2015 21:18:00] /a 5
[06/03/2015 21:18:09] /s demon
[06/03/2015 21:18:22] /a
[06/03/2015 21:18:24] /a 3
[06/03/2015 21:18:35] /s demon
[06/03/2015 21:18:36] /a
[06/03/2015 21:18:39] /a
[06/03/2015 21:18:40] /a
[06/03/2015 21:19:02] /s demon
[06/03/2015 21:19:14] /a
[06/03/2015 22:45:52] /s
[06/03/2015 22:45:53] /a
[06/03/2015 22:46:01] /s demon
[06/03/2015 22:47:34] /r
[06/03/2015 22:47:36] /r
[06/03/2015 22:47:42] /a
[06/03/2015 22:48:47] /a
[06/03/2015 22:49:00] /save
[06/03/2015 22:50:18] /a
[06/03/2015 22:50:21] /s demon
[06/03/2015 22:50:23] /s demon
[06/03/2015 22:50:38] /s demon
[06/03/2015 22:51:00] /a
[06/03/2015 22:51:07] /s demon
[06/03/2015 22:51:22] /a
[06/03/2015 22:51:30] /a
[06/03/2015 22:51:36] /r
[06/03/2015 22:51:38] /r
[06/03/2015 22:51:39] /r
[06/03/2015 22:51:40] /r
[06/03/2015 22:51:41] /r
[06/03/2015 22:51:43] /r
[06/03/2015 22:55:29] /r
[06/03/2015 22:55:31] /r
[06/03/2015 22:55:33] /r
[06/03/2015 22:56:08] /r
[06/03/2015 22:59:41] /r
[06/03/2015 22:59:46] /a 3
[06/03/2015 22:59:52] /s massacre
[06/03/2015 23:00:23] /t
[06/03/2015 23:01:09] /i machete
[07/03/2015 15:56:22] /a
[07/03/2015 15:56:24] /up
[07/03/2015 15:57:51] /a
[07/03/2015 15:58:01] /ghost
[07/03/2015 15:59:00] /a
[07/03/2015 15:59:10] /a
[07/03/2015 16:00:14] /t
[07/03/2015 16:00:39] /a
[07/03/2015 16:00:54] /a
[07/03/2015 16:06:04] /t
[07/03/2015 16:07:16] /t
[07/03/2015 16:09:19] /a
[07/03/2015 16:09:26] /s demon
[07/03/2015 16:09:43] /a
[07/03/2015 16:09:47] /a 2
[07/03/2015 16:09:50] /a 2
[07/03/2015 16:09:56] /a 2
[07/03/2015 16:10:01] /a 2
[07/03/2015 16:10:03] /a 2
[07/03/2015 16:10:15] /a 2
[07/03/2015 16:15:18] /t
[07/03/2015 16:15:51] /a
[07/03/2015 16:15:52] /a
[07/03/2015 16:15:53] /a
[07/03/2015 16:15:54] /a
[07/03/2015 16:15:57] /t
[07/03/2015 16:30:15] /a 100
[07/03/2015 16:30:16] /a 100
[07/03/2015 16:30:17] /a 100
[07/03/2015 16:30:20] /a 100
[07/03/2015 16:30:28] /a 100
[07/03/2015 17:25:11] /s demon
[07/03/2015 17:25:40] /s demon
[07/03/2015 17:25:45] /ghost
[07/03/2015 17:25:51] /a
[07/03/2015 17:26:18] /t
[07/03/2015 17:28:26] /a
[07/03/2015 17:28:38] /ghost
[07/03/2015 17:29:24] /s demon
[07/03/2015 17:29:40] /s bazir
[07/03/2015 17:30:03] /a
[07/03/2015 17:32:26] /t
[07/03/2015 17:45:14] /a
[07/03/2015 17:45:49] /ghost
[07/03/2015 17:46:02] /s demon
[07/03/2015 17:46:24] /a
[07/03/2015 17:46:25] /s demon
[07/03/2015 17:46:28] /a
[07/03/2015 17:46:30] /a
[07/03/2015 17:46:30] /a
[07/03/2015 17:46:31] /a
[07/03/2015 17:46:48] /s demon
[07/03/2015 17:47:15] /a
[07/03/2015 17:47:25] /a
[07/03/2015 17:47:42] /a
[07/03/2015 17:47:46] /a
[07/03/2015 17:47:47] /a
[07/03/2015 17:47:49] /a
[07/03/2015 17:47:50] /a
[07/03/2015 17:47:51] /a
[07/03/2015 17:47:51] /a
[07/03/2015 17:47:51] /a
[07/03/2015 17:48:06] /a
[07/03/2015 17:48:06] /a
[07/03/2015 17:48:07] /a
[07/03/2015 17:48:08] /a
[07/03/2015 17:48:11] /a 5
[07/03/2015 17:48:12] /a 5
[07/03/2015 17:48:27] /a 5
[07/03/2015 17:48:29] /a
[07/03/2015 17:48:32] /a
[07/03/2015 17:48:41] /r
[07/03/2015 17:48:45] /r
[07/03/2015 17:49:00] /r
[07/03/2015 17:53:17] /s demon
[07/03/2015 17:54:23] /s demon
[07/03/2015 17:54:39] /s demon
[07/03/2015 17:55:18] /s demon
[07/03/2015 17:56:09] /t
[07/03/2015 17:56:29] /a
[07/03/2015 17:56:48] /t
[07/03/2015 18:01:24] /reload monster
[08/03/2015 01:48:54] /a
[08/03/2015 01:49:00] /a
[08/03/2015 01:49:04] /ghost
[08/03/2015 01:49:06] /a
[08/03/2015 01:49:09] /a
[08/03/2015 01:49:09] /a
[08/03/2015 01:49:10] /a
[08/03/2015 01:55:24] /a 50
[08/03/2015 01:55:24] /a 50
[08/03/2015 01:55:25] /a 50
[08/03/2015 01:55:27] /a 50
[08/03/2015 01:55:28] /a 50
[08/03/2015 01:55:29] /a 50
[08/03/2015 01:55:33] /a 50
[08/03/2015 01:55:33] /a 50
[08/03/2015 01:55:34] /a 50
[08/03/2015 01:55:34] /a 50
[08/03/2015 01:55:35] /a 50
[08/03/2015 01:55:36] /a 50
[08/03/2015 01:55:37] /a 50
[08/03/2015 01:55:37] /a 50
[08/03/2015 01:55:38] /a 50
[08/03/2015 01:55:39] /a 50
[08/03/2015 01:55:41] /a 50
[08/03/2015 01:55:41] /a 50
[08/03/2015 01:55:42] /a 50
[08/03/2015 01:55:43] /a 50
[08/03/2015 01:56:02] /a
[09/03/2015 14:28:59] /down
[09/03/2015 14:29:01] /a
[09/03/2015 14:29:05] /down
[09/03/2015 14:29:07] /a
[09/03/2015 14:29:08] /a
[09/03/2015 14:29:38] /ghost
[09/03/2015 14:30:00] /a
[09/03/2015 14:30:02] /a
[09/03/2015 17:50:09] /up
[09/03/2015 17:50:22] /a
[09/03/2015 17:50:27] /down
[09/03/2015 17:50:30] /down
[09/03/2015 17:50:36] /down
[09/03/2015 17:51:55] /up
[09/03/2015 17:52:03] /t
[10/03/2015 15:01:25] /t
[10/03/2015 15:04:50] /t
[10/03/2015 15:08:33] /s demon
[10/03/2015 15:09:18] /r
[10/03/2015 15:26:43] /reload talkactions
[10/03/2015 15:27:10] /reload talkactions
[10/03/2015 15:27:57] /reload talkactions
[10/03/2015 15:28:21] /reload talkactions
[10/03/2015 15:28:46] /reload talkactions
[10/03/2015 15:29:32] /reload talkactions
[10/03/2015 15:31:13] /i medal of honour
[10/03/2015 15:31:32] /reload talkactions
[10/03/2015 15:31:51] /t
[10/03/2015 15:32:39] /reload talkactions
[10/03/2015 15:34:22] /reload talkactions
[10/03/2015 15:34:45] /reload talkactions
[10/03/2015 15:38:47] /reload talkactions
[10/03/2015 15:39:12] /i 2140
[10/03/2015 15:39:14] /i 2141
[10/03/2015 15:39:17] /i 2139
[10/03/2015 15:42:00] /t
[10/03/2015 15:45:19] /i 2139
[10/03/2015 15:45:22] /i 2141
[10/03/2015 15:45:24] /i 2140
[10/03/2015 15:52:25] /town 2
[10/03/2015 23:04:41] /goto camilo
[10/03/2015 23:04:43] /a
[10/03/2015 23:04:44] /a
[10/03/2015 23:04:46] /r
[11/03/2015 13:26:54] /goto camilo
[11/03/2015 13:53:26] /save
[11/03/2015 15:46:18] /goto camilo
[11/03/2015 15:46:24] /m ghasbaran
[11/03/2015 15:46:39] /m gasbharan
[11/03/2015 15:46:59] /m ghazbaran
[11/03/2015 15:48:08] /reload monster
[11/03/2015 15:48:20] /m ghazbaran
[11/03/2015 15:49:27] /m morgaroth
[11/03/2015 15:50:37] /m ferumbras
[11/03/2015 16:07:05] /goto camilo
[11/03/2015 16:07:13] /i 8925
[11/03/2015 16:07:15] /i 8925
[12/03/2015 21:43:13] /m morgaroth
[12/03/2015 22:32:06] /save
[12/03/2015 22:47:51] /save
[12/03/2015 22:48:20] /up
[12/03/2015 22:48:21] /up
[12/03/2015 22:48:23] /up
[12/03/2015 22:48:23] /up
[12/03/2015 22:48:24] /up
[12/03/2015 22:48:26] /a
[12/03/2015 22:48:28] /up
[12/03/2015 22:48:33] /r
[12/03/2015 22:48:45] /down
[12/03/2015 22:48:46] /r
[13/03/2015 22:18:44] /save
[14/03/2015 02:16:49] /goto jurubeba
[14/03/2015 02:16:58] /i 10073
[14/03/2015 02:23:16] /r
[14/03/2015 13:04:36] /goto camilo
[14/03/2015 13:05:18] /t
[14/03/2015 13:06:05] /goto camilo
[14/03/2015 13:06:40] /m haunted spirit
[14/03/2015 13:06:41] /m haunted spirit
[14/03/2015 13:06:59] /m haunted treeling
[14/03/2015 13:07:08] /m azerus
[14/03/2015 13:08:38] /m Yalahari
[14/03/2015 13:11:07] /reload monster
[14/03/2015 13:11:17] /m Yalahari
[14/03/2015 13:11:38] /r
[14/03/2015 13:14:13] /reload monster
[14/03/2015 13:14:27] /m Yalahari
[14/03/2015 13:19:15] /save
[14/03/2015 13:43:27] /i small axe
[27/03/2015 14:19:14] /t
[27/03/2015 14:19:25] /a 2
[27/03/2015 14:19:31] /t
[27/03/2015 15:25:41] /m morgaroth
[27/03/2015 15:27:45] /m ghazbaran
[18/05/2016 22:38:09] /i small armor
[18/05/2016 22:38:16] /i small legs
[18/05/2016 22:38:19] /i small boots
[18/05/2016 22:38:22] /i small shield
[18/05/2016 22:38:26] /i small helmet
[18/05/2016 22:39:18] /i addon doll
[18/05/2016 22:40:38] /s bazir
[18/05/2016 22:42:12] /s bazir
[18/05/2016 22:42:14] /s bazir
[18/05/2016 22:42:14] /s bazir
[18/05/2016 22:42:15] /s bazir
[18/05/2016 22:42:16] /s bazir
[18/05/2016 22:42:16] /s bazir
[18/05/2016 22:42:25] /s bazir
[18/05/2016 22:43:00] /up
[18/05/2016 22:43:10] /up
[18/05/2016 22:43:13] /up
[18/05/2016 22:43:49] /a
[18/05/2016 22:44:39] /down
[18/05/2016 22:44:42] /up
[18/05/2016 22:44:43] /up
[18/05/2016 22:45:04] /i small wand
[18/05/2016 22:45:06] /i small staff
[18/05/2016 22:45:38] /r
[18/05/2016 22:45:40] /r
[18/05/2016 22:45:41] /r
[18/05/2016 22:45:42] /r
[18/05/2016 22:45:42] /r
[18/05/2016 22:45:52] /a
[18/05/2016 22:46:21] /down
[18/05/2016 22:46:27] /down
[18/05/2016 22:46:45] /down
[18/05/2016 22:46:50] /up
[18/05/2016 22:46:54] /up
[18/05/2016 22:46:56] /up
[18/05/2016 22:46:58] /t
[19/05/2016 20:34:40] /ghost
[19/05/2016 20:34:42] /ghost
[19/05/2016 22:29:44] /ghost
[19/05/2016 22:29:54] /goto piquinha de gato
[19/05/2016 22:29:55] /goto piquinha de gato
[19/05/2016 22:30:11] /goto piquinha de gato
[19/05/2016 22:30:15] /ghost
[19/05/2016 22:30:39] /m dragon
[19/05/2016 22:30:52] /m dragon lord
[19/05/2016 22:31:01] /m dragon lord
[19/05/2016 22:31:21] /s morgaroth
[19/05/2016 22:31:48] /m demon
[19/05/2016 22:32:10] /r
[19/05/2016 22:32:11] /r
[19/05/2016 22:32:12] /r
[19/05/2016 22:32:25] /i addon doll
[19/05/2016 22:32:58] /newtype 236
[19/05/2016 22:33:47] /newtype 237
[19/05/2016 22:33:49] /newtype 238
[19/05/2016 22:33:50] /newtype 239
[19/05/2016 22:33:53] /newtype 240
[19/05/2016 22:33:55] /newtype 241
[19/05/2016 22:33:56] /newtype 242
[19/05/2016 22:33:57] /newtype 243
[19/05/2016 22:33:59] /newtype 244
[19/05/2016 22:34:00] /newtype 245
[19/05/2016 22:34:06] /newtype 246
[19/05/2016 22:34:06] /newtype 247
[19/05/2016 22:34:06] /newtype 248
[19/05/2016 22:34:09] /newtype 249
[19/05/2016 22:34:36] /newtype 249 piquinha de gato
[19/05/2016 22:35:00] /r
[19/05/2016 22:35:01] /r
[19/05/2016 22:35:02] /r
[19/05/2016 22:35:03] /r
[19/05/2016 22:35:04] /r
[19/05/2016 22:35:05] /r
[19/05/2016 22:35:06] /r
[19/05/2016 22:35:07] /r
[19/05/2016 22:35:08] /r
[19/05/2016 22:35:09] /r
[19/05/2016 22:35:10] /r
[19/05/2016 22:35:11] /r
[20/05/2016 05:49:37] /ghost
[20/05/2016 05:49:45] /goto ka lincon
[20/05/2016 05:50:04] /goto cunha
[20/05/2016 05:50:39] /r
[20/05/2016 05:50:49] /goto piru na buceta
[20/05/2016 05:51:36] /r
[20/05/2016 05:51:40] /goto cunha
[20/05/2016 05:51:49] /clean
[20/05/2016 05:51:57] /a
[20/05/2016 05:52:00] /up
[20/05/2016 06:29:00] /goto ka lincon
[20/05/2016 16:06:22] /ghost
[20/05/2016 16:06:23] /t
[20/05/2016 16:06:37] /r
[20/05/2016 16:06:39] /r
[20/05/2016 16:09:06] /ghost
[20/05/2016 16:09:14] /i 5968
[20/05/2016 16:10:29] /newtype 27
[20/05/2016 16:10:31] /ghost
[20/05/2016 16:11:03] /m wolf
[20/05/2016 16:11:06] /r
[20/05/2016 16:11:24] /m wolf
[20/05/2016 16:11:28] /r
[20/05/2016 16:11:32] /goto sorcera
[20/05/2016 16:11:37] /goto sorquera
[20/05/2016 16:11:42] /m wolf
[20/05/2016 16:11:45] /m wolf
[20/05/2016 16:11:46] /m wolf
[20/05/2016 16:11:46] /m wolf
[20/05/2016 16:11:47] /m wolf
[20/05/2016 16:11:48] /m wolf
[20/05/2016 16:11:48] /m wolf
[20/05/2016 16:11:49] /m wolf
[20/05/2016 16:11:50] /m wolf
[20/05/2016 16:11:51] /m wolf
[20/05/2016 16:11:51] /m wolf
[20/05/2016 16:11:52] /m wolf
[20/05/2016 16:11:52] /m wolf
[20/05/2016 16:11:54] /m wolf
[20/05/2016 16:11:54] /m wolf
[20/05/2016 16:11:55] /m wolf
[20/05/2016 16:11:55] /m wolf
[20/05/2016 16:11:55] /m wolf
[20/05/2016 16:11:55] /m wolf
[20/05/2016 16:11:56] /m wolf
[20/05/2016 16:11:56] /m wolf
[20/05/2016 16:11:56] /m wolf
[20/05/2016 16:11:56] /m wolf
[20/05/2016 16:11:57] /m wolf
[20/05/2016 16:11:57] /m wolf
[20/05/2016 16:11:58] /m wolf
[20/05/2016 16:11:58] /m wolf
[20/05/2016 16:11:58] /m wolf
[20/05/2016 16:11:59] /m wolf
[20/05/2016 16:11:59] /m wolf
[20/05/2016 16:11:59] /m wolf
[20/05/2016 16:12:00] /m wolf
[20/05/2016 16:12:00] /m wolf
[20/05/2016 16:12:00] /m wolf
[20/05/2016 16:12:01] /m wolf
[20/05/2016 16:12:01] /m wolf
[20/05/2016 16:12:01] /m wolf
[20/05/2016 16:12:02] /m wolf
[20/05/2016 16:12:02] /m wolf
[20/05/2016 16:12:02] /m wolf
[20/05/2016 16:12:03] /m wolf
[20/05/2016 16:12:03] /m wolf
[20/05/2016 16:12:03] /m wolf
[20/05/2016 16:12:04] /m wolf
[20/05/2016 16:12:04] /m wolf
[20/05/2016 16:12:04] /m wolf
[20/05/2016 16:12:04] /m wolf
[20/05/2016 16:12:05] /m wolf
[20/05/2016 16:12:05] /m wolf
[20/05/2016 16:12:05] /m wolf
[20/05/2016 16:12:06] /m wolf
[20/05/2016 16:12:06] /m wolf
[20/05/2016 16:12:06] /m wolf
[20/05/2016 16:12:11] /m hydra
[20/05/2016 16:12:15] /m hydra
[20/05/2016 16:12:16] /m hydra
[20/05/2016 16:12:22] /m hydra
[20/05/2016 16:12:32] /save
[20/05/2016 16:13:09] /c sorquera
[20/05/2016 16:13:56] /t sorquera
[20/05/2016 16:13:57] /t
[20/05/2016 16:15:07] /m wolf
[20/05/2016 16:15:40] /n task
[20/05/2016 16:15:41] /n task
[20/05/2016 16:15:43] /n task
[20/05/2016 16:17:02] /n task
[20/05/2016 16:17:03] /n task
[20/05/2016 16:46:15] /c Diguinho Obrabo
[20/05/2016 16:46:19] /c Diguinho Obrabo
[20/05/2016 16:46:22] /c Diguinho Obrabo
[20/05/2016 16:46:30] /i mana pot
[20/05/2016 16:46:34] /i mana potion
[20/05/2016 16:46:47] /c Diguinho Obrabo
[20/05/2016 16:46:56] /c Diguinho Obrabo
[20/05/2016 16:47:14] /c Diguinho Obrabo
[20/05/2016 16:48:33] /a
[20/05/2016 16:48:41] /t diguinho obrabo
[20/05/2016 16:48:42] /t
[20/05/2016 16:51:23] /c diguinho obrabo
[20/05/2016 16:51:43] /i jester rod
[20/05/2016 16:51:53] /i yalaharian mask
[20/05/2016 16:52:12] /i 9778
[20/05/2016 16:52:16] /i focus cape
[20/05/2016 16:52:28] /i blue legs
[20/05/2016 16:52:35] /i boots of haste
[20/05/2016 16:53:32] /r
[20/05/2016 16:53:34] /r
[20/05/2016 16:53:35] /r
[20/05/2016 16:54:18] /i crystal coin
[20/05/2016 16:54:42] /m wolf
[20/05/2016 16:54:45] /m wolf
[20/05/2016 16:54:54] /m exp bug
[20/05/2016 16:55:03] /m exp bug
[20/05/2016 16:55:52] /s bazir
[20/05/2016 20:48:38] /ghost
[20/05/2016 20:48:46] /goto kohon
[20/05/2016 20:48:47] /goto kohon
[20/05/2016 20:48:49] /goto kohon
[20/05/2016 20:48:49] /goto kohon
[20/05/2016 20:48:51] /goto kohon
[20/05/2016 20:48:53] /ghost
[20/05/2016 20:52:18] /a 30
[20/05/2016 20:52:19] /a 30
[20/05/2016 20:52:20] /a 30
[20/05/2016 20:52:21] /a 30
[20/05/2016 20:52:45] /c kohon
[20/05/2016 20:52:48] /m exp bug
[20/05/2016 20:52:57] /m exp bug
[20/05/2016 20:53:03] /m exp bug
[20/05/2016 20:53:07] /m exp bug
[20/05/2016 20:53:10] /m exp bug
[20/05/2016 20:53:13] /m exp bug
[20/05/2016 20:53:18] /m exp bug
[20/05/2016 20:53:21] /m exp bug
[20/05/2016 20:53:23] /m exp bug
[20/05/2016 20:53:26] /m exp bug
[20/05/2016 20:53:28] /m exp bug
[20/05/2016 20:53:30] /m exp bug
[20/05/2016 20:53:32] /m exp bug
[20/05/2016 20:53:38] /t kohon
[20/05/2016 20:53:40] /t
[20/05/2016 20:54:48] /t
[20/05/2016 20:54:50] /town 2
[20/05/2016 20:54:52] /town 3
[20/05/2016 20:54:59] /town 
[20/05/2016 20:55:00] /town
[20/05/2016 20:55:02] /t
[20/05/2016 20:55:06] /ghost
[20/05/2016 20:55:10] /goto piquinha de gato
[20/05/2016 20:55:13] /ghost
[20/05/2016 20:55:38] /m exp bug
[20/05/2016 20:55:46] /m exp bug
[20/05/2016 20:55:46] /m exp bug
[20/05/2016 20:55:47] /m exp bug
[20/05/2016 20:55:47] /m exp bug
[20/05/2016 20:56:25] /ghost
[20/05/2016 20:56:28] /ghost
[20/05/2016 20:56:33] /ghost
[20/05/2016 20:56:46] /ghost
[20/05/2016 20:56:49] /ghost
[20/05/2016 20:57:13] /goto kohon
[20/05/2016 21:16:26] /goto piquinha de gato
[20/05/2016 21:16:38] /goto terroz lincon
[20/05/2016 21:16:42] /goto kohon
[20/05/2016 21:18:08] /goto kohon
[20/05/2016 21:18:09] /goto kohon
[20/05/2016 21:18:10] /goto kohon
[20/05/2016 21:18:11] /goto kohon
[20/05/2016 21:18:11] /goto kohon
[20/05/2016 21:18:12] /goto kohon
[20/05/2016 21:18:14] /goto piquinha de gato
[20/05/2016 21:18:43] /goto piquinha de gato
[20/05/2016 21:18:45] /goto kohon
[20/05/2016 21:19:11] /goto kohon
[20/05/2016 21:19:12] /goto piquinha de gato
[20/05/2016 21:19:25] /goto piquinha de gato
[20/05/2016 21:19:26] /goto piquinha de gato
[20/05/2016 21:19:27] /goto kohon
[20/05/2016 21:19:36] /goto kohon
[20/05/2016 21:20:30] /goto kohon
[20/05/2016 21:20:41] /goto kohon
[20/05/2016 21:20:43] /goto kohon
[20/05/2016 21:21:00] /goto kohon
[20/05/2016 21:23:28] /a
[20/05/2016 21:23:28] /a
[20/05/2016 21:23:29] /a
[20/05/2016 21:23:30] /a
[20/05/2016 21:23:32] /a
[20/05/2016 21:23:32] /a
[20/05/2016 21:23:33] /a
[20/05/2016 21:24:05] /a
[20/05/2016 21:24:07] /goto kohon
[20/05/2016 21:45:39] /goto johon
[20/05/2016 21:45:48] /goto carreta furacao
[20/05/2016 21:46:01] /goto sarrada fatal
[20/05/2016 21:46:13] /goto rusian
[20/05/2016 21:46:19] /ghost
[20/05/2016 21:47:17] /goto carreta furacão
[20/05/2016 21:47:19] /goto carreta furacao
[20/05/2016 21:55:33] /goto sarrada fatal
[20/05/2016 21:55:36] /goto sarrada fatal
[20/05/2016 21:55:49] /goto sarrada fatal
[20/05/2016 21:55:51] /goto sarrada fatal
[20/05/2016 21:55:52] /goto sarrada fatal
[20/05/2016 21:55:54] /goto sarrada fatal
[20/05/2016 21:55:55] /goto sarrada fatal
[20/05/2016 21:55:56] /goto sarrada fatal
[20/05/2016 21:55:57] /goto sarrada fatal
[20/05/2016 21:56:06] /goto carreta furacao
[20/05/2016 21:57:21] /a 30
[20/05/2016 21:57:23] /a 30
[20/05/2016 21:57:23] /a 30
[20/05/2016 21:57:24] /a 30
[20/05/2016 21:57:25] /a 30
[20/05/2016 21:57:26] /a 30
[20/05/2016 21:57:26] /a 30
[20/05/2016 21:57:27] /a 30
[20/05/2016 21:57:28] /a 30
[20/05/2016 21:57:29] /a 30
[20/05/2016 21:57:29] /a 30
[20/05/2016 21:57:30] /a 30
[20/05/2016 21:57:31] /a 30
[20/05/2016 21:57:32] /a 30
[20/05/2016 21:57:33] /a 30
[20/05/2016 21:57:33] /a 30
[20/05/2016 21:57:34] /a 30
[20/05/2016 21:57:34] /a 30
[20/05/2016 21:57:42] /a 30
[20/05/2016 21:57:44] /a 
[20/05/2016 21:57:44] /a 
[20/05/2016 21:57:45] /a 
[20/05/2016 21:57:46] /a 
[20/05/2016 21:57:46] /a 
[20/05/2016 21:57:47] /a 
[20/05/2016 21:57:47] /a 
[20/05/2016 21:57:53] /i sand
[20/05/2016 21:57:55] /a 
[20/05/2016 21:57:57] /i sand
[20/05/2016 21:58:21] /i sand
[20/05/2016 21:58:24] /a
[20/05/2016 21:58:25] /i sand
[20/05/2016 21:58:26] /a
[20/05/2016 21:58:26] /i sand
[20/05/2016 21:58:28] /a
[20/05/2016 21:58:28] /i sand
[20/05/2016 21:58:28] /a
[20/05/2016 21:58:28] /i sand
[20/05/2016 21:58:29] /a
[20/05/2016 21:58:29] /i sand
[20/05/2016 21:58:29] /a
[20/05/2016 21:58:31] /a
[20/05/2016 21:58:32] /i sand
[20/05/2016 21:58:33] /a
[20/05/2016 21:58:34] /i sand
[20/05/2016 21:58:34] /a
[20/05/2016 21:58:34] /i sand
[20/05/2016 21:58:35] /a
[20/05/2016 21:58:35] /i sand
[20/05/2016 21:58:35] /a
[20/05/2016 21:58:36] /i sand
[20/05/2016 21:58:36] /a
[20/05/2016 21:58:37] /i sand
[20/05/2016 21:58:38] /a
[20/05/2016 21:58:38] /i sand
[20/05/2016 21:58:39] /a
[20/05/2016 21:58:39] /i sand
[20/05/2016 21:58:40] /a
[20/05/2016 21:58:40] /i sand
[20/05/2016 21:58:41] /a
[20/05/2016 21:58:41] /i sand
[20/05/2016 21:58:42] /a
[20/05/2016 21:58:43] /i sand
[20/05/2016 21:58:43] /a
[20/05/2016 21:58:43] /i sand
[20/05/2016 21:58:44] /a
[20/05/2016 21:58:44] /i sand
[20/05/2016 21:58:44] /a
[20/05/2016 21:58:45] /i sand
[20/05/2016 21:58:46] /a
[20/05/2016 21:58:46] /i sand
[20/05/2016 21:58:47] /a
[20/05/2016 21:58:48] /i sand
[20/05/2016 21:58:49] /a
[20/05/2016 21:58:50] /i sand
[20/05/2016 21:58:52] /a
[20/05/2016 21:58:52] /i sand
[20/05/2016 21:58:53] /a
[20/05/2016 21:58:53] /i sand
[20/05/2016 21:58:54] /a
[20/05/2016 21:58:54] /i sand
[20/05/2016 21:58:55] /a
[20/05/2016 21:58:55] /i sand
[20/05/2016 21:58:56] /a
[20/05/2016 21:58:56] /i sand
[20/05/2016 21:58:57] /a
[20/05/2016 21:58:57] /i sand
[20/05/2016 21:58:58] /a
[20/05/2016 21:58:58] /i sand
[20/05/2016 21:58:58] /a
[20/05/2016 21:58:59] /i sand
[20/05/2016 21:58:59] /a
[20/05/2016 21:59:00] /i sand
[20/05/2016 21:59:09] /a
[20/05/2016 21:59:09] /i sand
[20/05/2016 21:59:16] /a
[20/05/2016 21:59:19] /a 2
[20/05/2016 21:59:19] /a 2
[20/05/2016 21:59:23] /a 2
[20/05/2016 21:59:24] /a 2
[20/05/2016 21:59:30] /i 2784
[20/05/2016 21:59:31] /i 2784
[20/05/2016 21:59:37] /i 2784
[20/05/2016 21:59:44] /i magic plate armor
[20/05/2016 22:00:01] /i skrullcrack armor
[20/05/2016 22:00:05] /i masterarcher
[20/05/2016 22:00:06] /i masterarcher armor
[20/05/2016 22:01:13] /i 8888
[20/05/2016 22:01:24] /i 8889
[20/05/2016 22:01:32] /i 8890
[20/05/2016 22:02:00] /i 8903
[20/05/2016 22:02:02] /i 8904
[20/05/2016 22:02:03] /i 8905
[20/05/2016 22:02:04] /i 8906
[20/05/2016 22:02:05] /i 8907
[20/05/2016 22:02:06] /i 8908
[20/05/2016 22:02:07] /i 8909
[20/05/2016 22:02:10] /i 8910
[20/05/2016 22:02:12] /i 8912
[20/05/2016 22:02:33] /i zaoan helmet
[20/05/2016 22:02:37] /i dwarven legs
[20/05/2016 22:02:42] /i dice
[20/05/2016 22:02:51] /i crystal coin
[20/05/2016 22:02:55] /i addon doll
[20/05/2016 22:03:02] /a 10
[20/05/2016 22:03:14] /i 2735
[20/05/2016 22:03:17] /i 2735
[20/05/2016 22:03:18] /i 2735
[20/05/2016 22:03:19] /i 2735
[20/05/2016 22:03:20] /i 2735
[20/05/2016 22:03:21] /i 2735
[20/05/2016 22:03:21] /i 2735
[20/05/2016 22:03:22] /i 2735
[20/05/2016 22:03:22] /i 2735
[20/05/2016 22:03:23] /i 2735
[20/05/2016 22:03:23] /i 2735
[20/05/2016 22:03:23] /i 2735
[20/05/2016 22:03:25] /i 2735
[20/05/2016 22:03:25] /i 2735
[20/05/2016 22:03:26] /i 2735
[20/05/2016 22:03:27] /i 2735
[20/05/2016 22:03:28] /i 2735
[20/05/2016 22:03:28] /i 2735
[20/05/2016 22:03:29] /i 2735
[20/05/2016 22:03:29] /i 2735
[20/05/2016 22:03:29] /i 2735
[20/05/2016 22:03:30] /i 2735
[20/05/2016 22:03:30] /i 2735
[20/05/2016 22:03:31] /i 2735
[20/05/2016 22:03:31] /i 2735
[20/05/2016 22:03:32] /i 2735
[20/05/2016 22:03:32] /i 2735
[20/05/2016 22:03:33] /i 2735
[20/05/2016 22:03:33] /i 2735
[20/05/2016 22:03:34] /i 2735
[20/05/2016 22:03:35] /i 2735
[20/05/2016 22:03:35] /i 2735
[20/05/2016 22:03:36] /i 2735
[20/05/2016 22:03:37] /i 2735
[20/05/2016 22:03:37] /i 2735
[20/05/2016 22:03:38] /i 2735
[20/05/2016 22:03:38] /i 2735
[20/05/2016 22:03:39] /i 2735
[20/05/2016 22:03:39] /i 2735
[20/05/2016 22:03:40] /i 2735
[20/05/2016 22:03:40] /i 2735
[20/05/2016 22:03:40] /i 2735
[20/05/2016 22:03:41] /i 2735
[20/05/2016 22:03:41] /i 2735
[20/05/2016 22:03:42] /i 2735
[20/05/2016 22:03:42] /i 2735
[20/05/2016 22:03:42] /i 2735
[20/05/2016 22:03:47] /i 2735
[20/05/2016 22:03:48] /i 2735
[20/05/2016 22:03:48] /i 2735
[20/05/2016 22:03:50] /i 2735
[20/05/2016 22:03:50] /i 2735
[20/05/2016 22:03:52] /i 2735
[20/05/2016 22:03:54] /i 2735
[20/05/2016 22:03:55] /i 2735
[20/05/2016 22:03:56] /i 2735
[20/05/2016 22:03:58] /i 2735
[20/05/2016 22:04:00] /i 2735
[20/05/2016 22:04:02] /i 2735
[20/05/2016 22:04:28] /a 2
[20/05/2016 22:04:29] /a 2
[20/05/2016 22:04:30] /a 2
[20/05/2016 22:04:32] /ghost
[20/05/2016 22:04:36] /c sarrada fatal
[20/05/2016 22:04:43] /c kohon
[20/05/2016 22:05:31] /c carreta furacao
[20/05/2016 22:05:34] /ghost
[20/05/2016 22:05:36] /a
[20/05/2016 22:05:36] /a
[20/05/2016 22:05:37] /a
[20/05/2016 22:05:37] /a
[20/05/2016 22:05:38] /a
[20/05/2016 22:07:25] /r
[20/05/2016 22:07:35] /i 2784
[20/05/2016 22:08:51] /a
[20/05/2016 22:08:53] /a
[20/05/2016 22:08:56] /i 2784
[20/05/2016 22:08:59] /a
[20/05/2016 22:09:00] /a
[20/05/2016 22:11:10] /i backpack
[20/05/2016 22:13:58] /a
[20/05/2016 22:14:00] /a
[20/05/2016 22:14:00] /a
[20/05/2016 22:14:00] /a
[20/05/2016 22:14:00] /a
[20/05/2016 22:14:01] /a
[20/05/2016 22:14:01] /a
[20/05/2016 22:14:01] /a
[20/05/2016 22:14:01] /a
[20/05/2016 22:14:01] /a
[20/05/2016 22:14:02] /a
[20/05/2016 22:14:02] /a
[20/05/2016 22:14:03] /a
[20/05/2016 22:14:07] /a 30
[20/05/2016 22:14:10] /a 30
[20/05/2016 22:14:10] /a 30
[20/05/2016 22:14:11] /a 30
[20/05/2016 22:14:12] /a 30
[20/05/2016 22:14:12] /a 30
[20/05/2016 22:14:13] /a 30
[20/05/2016 22:14:14] /a 30
[20/05/2016 22:14:14] /a 30
[20/05/2016 22:14:15] /a 30
[20/05/2016 22:14:15] /a 30
[20/05/2016 22:14:16] /a 30
[20/05/2016 22:14:17] /a 30
[20/05/2016 22:14:17] /a 30
[20/05/2016 22:14:18] /a 30
[20/05/2016 22:14:18] /a 30
[20/05/2016 22:14:19] /a 30
[20/05/2016 22:14:20] /a 30
[20/05/2016 22:14:23] /a
[20/05/2016 22:14:23] /a
[20/05/2016 22:14:23] /a
[20/05/2016 22:14:28] /i sand
[20/05/2016 22:14:30] /a
[20/05/2016 22:14:30] /a
[20/05/2016 22:14:30] /a
[20/05/2016 22:14:30] /a
[20/05/2016 22:14:31] /i sand
[20/05/2016 22:14:31] /a
[20/05/2016 22:14:31] /i sand
[20/05/2016 22:14:32] /a
[20/05/2016 22:14:32] /i sand
[20/05/2016 22:14:32] /a
[20/05/2016 22:14:33] /i sand
[20/05/2016 22:14:33] /a
[20/05/2016 22:14:33] /i sand
[20/05/2016 22:14:33] /a
[20/05/2016 22:14:34] /i sand
[20/05/2016 22:14:34] /a
[20/05/2016 22:14:34] /i sand
[20/05/2016 22:14:35] /a
[20/05/2016 22:14:36] /i sand
[20/05/2016 22:14:36] /a
[20/05/2016 22:14:36] /i sand
[20/05/2016 22:14:36] /a
[20/05/2016 22:14:37] /i sand
[20/05/2016 22:14:37] /a
[20/05/2016 22:14:38] /i sand
[20/05/2016 22:14:39] /a
[20/05/2016 22:14:39] /i sand
[20/05/2016 22:14:39] /a
[20/05/2016 22:14:40] /i sand
[20/05/2016 22:14:40] /a
[20/05/2016 22:14:41] /i sand
[20/05/2016 22:14:41] /a
[20/05/2016 22:14:41] /i sand
[20/05/2016 22:14:43] /a
[20/05/2016 22:14:43] /i sand
[20/05/2016 22:14:44] /a
[20/05/2016 22:14:44] /i sand
[20/05/2016 22:14:44] /a
[20/05/2016 22:14:44] /i sand
[20/05/2016 22:14:45] /a
[20/05/2016 22:14:45] /i sand
[20/05/2016 22:14:46] /a
[20/05/2016 22:14:46] /i sand
[20/05/2016 22:14:46] /a
[20/05/2016 22:14:47] /i sand
[20/05/2016 22:14:47] /a
[20/05/2016 22:14:47] /i sand
[20/05/2016 22:14:47] /a
[20/05/2016 22:14:48] /i sand
[20/05/2016 22:14:48] /a
[20/05/2016 22:14:48] /i sand
[20/05/2016 22:14:49] /a
[20/05/2016 22:14:49] /i sand
[20/05/2016 22:14:49] /a
[20/05/2016 22:14:50] /i sand
[20/05/2016 22:14:50] /a
[20/05/2016 22:14:50] /i sand
[20/05/2016 22:14:52] /a
[20/05/2016 22:14:52] /i sand
[20/05/2016 22:14:54] /a
[20/05/2016 22:14:54] /i sand
[20/05/2016 22:14:59] /a
[20/05/2016 22:15:00] /a
[20/05/2016 22:15:00] /a
[20/05/2016 22:15:00] /a
[20/05/2016 22:15:00] /a
[20/05/2016 22:15:01] /a
[20/05/2016 22:15:01] /a
[20/05/2016 22:15:01] /a
[20/05/2016 22:15:09] /a
[20/05/2016 22:15:09] /a
[20/05/2016 22:15:09] /a
[20/05/2016 22:15:09] /a
[20/05/2016 22:15:10] /a
[20/05/2016 22:15:10] /a
[20/05/2016 22:15:10] /a
[20/05/2016 22:15:10] /a
[20/05/2016 22:15:10] /a
[20/05/2016 22:15:10] /a
[20/05/2016 22:15:11] /a
[20/05/2016 22:15:11] /i 2735
[20/05/2016 22:15:12] /i 2735
[20/05/2016 22:15:16] /i 2735
[20/05/2016 22:15:16] /i 2735
[20/05/2016 22:15:21] /ghost
[20/05/2016 22:15:22] /a
[20/05/2016 22:15:23] /a
[20/05/2016 22:15:27] /c sarrada fatal
[20/05/2016 22:15:34] /c carreta furacao
[20/05/2016 22:15:41] /c kohon
[20/05/2016 22:15:43] /ghost
[20/05/2016 22:15:45] /a
[20/05/2016 22:15:45] /a
[20/05/2016 22:15:45] /a
[20/05/2016 22:20:31] /i addon doll
[20/05/2016 22:22:53] /save
[20/05/2016 22:23:38] /m exp bug
[20/05/2016 22:23:46] /r
[20/05/2016 22:23:46] /r
[20/05/2016 22:23:48] /r
[20/05/2016 22:24:36] /t kohon
[20/05/2016 22:24:40] /t carreta furacao
[20/05/2016 22:24:42] /t sarrada fatal
[20/05/2016 22:24:44] /save
[20/05/2016 22:36:34] /goto sarrada fatal
[20/05/2016 22:36:45] /goto ka lincon
[20/05/2016 22:39:19] /goto sarrada fatal
[20/05/2016 22:39:42] /goto ka lincon
[20/05/2016 22:39:43] /r
[20/05/2016 22:40:07] /goto ka lincon
[20/05/2016 22:40:09] /goto sarrada fatal
[20/05/2016 22:49:43] /goto careta furacao
[20/05/2016 22:49:47] /goto carreta furacao
[20/05/2016 22:49:57] /ghost
[20/05/2016 22:51:36] /a
[20/05/2016 22:51:36] /a
[20/05/2016 22:51:37] /a
[20/05/2016 22:51:41] /i 2735
[20/05/2016 22:51:43] /a 10
[20/05/2016 22:51:43] /a 10
[20/05/2016 22:51:43] /a 10
[20/05/2016 22:51:44] /a 10
[20/05/2016 22:51:44] /a 10
[20/05/2016 22:51:45] /a 10
[20/05/2016 22:51:45] /a 10
[20/05/2016 22:51:45] /a 10
[20/05/2016 22:51:45] /a 10
[20/05/2016 22:51:46] /a 10
[20/05/2016 22:51:46] /a 10
[20/05/2016 22:51:46] /a 10
[20/05/2016 22:51:47] /a 10
[20/05/2016 22:51:47] /a 10
[20/05/2016 22:51:47] /a 10
[20/05/2016 22:51:47] /a 10
[20/05/2016 22:51:47] /a 10
[20/05/2016 22:51:47] /a 10
[20/05/2016 22:51:48] /a 10
[20/05/2016 22:51:48] /a 10
[20/05/2016 22:51:48] /a 10
[20/05/2016 22:51:48] /a 10
[20/05/2016 22:51:48] /a 10
[20/05/2016 22:51:48] /a 10
[20/05/2016 22:51:49] /a 10
[20/05/2016 22:51:49] /a 10
[20/05/2016 22:51:49] /a 10
[20/05/2016 22:51:49] /a 10
[20/05/2016 22:51:50] /a 10
[20/05/2016 22:51:50] /a 10
[20/05/2016 22:51:50] /a 10
[20/05/2016 22:51:51] /a 10
[20/05/2016 22:51:51] /a 10
[20/05/2016 22:51:51] /a 10
[20/05/2016 22:51:51] /a 10
[20/05/2016 22:51:52] /a 10
[20/05/2016 22:51:52] /a 10
[20/05/2016 22:51:53] /a 10
[20/05/2016 22:51:54] /i 2735
[20/05/2016 22:51:55] /i 2735
[20/05/2016 22:51:55] /i 2735
[20/05/2016 22:51:56] /i 2735
[20/05/2016 22:51:57] /i 2735
[20/05/2016 22:51:57] /i 2735
[20/05/2016 22:51:59] /i 2735
[20/05/2016 22:52:00] /i 2735
[20/05/2016 22:52:00] /i 2735
[20/05/2016 22:52:02] /i 2735
[20/05/2016 22:52:02] /i 2735
[20/05/2016 22:52:03] /i 2735
[20/05/2016 22:52:03] /i 2735
[20/05/2016 22:52:04] /i 2735
[20/05/2016 22:52:04] /i 2735
[20/05/2016 22:52:05] /i 2735
[20/05/2016 22:52:05] /i 2735
[20/05/2016 22:52:08] /i 2735
[20/05/2016 22:52:09] /i 2735
[20/05/2016 22:52:10] /i 2735
[20/05/2016 22:52:11] /i 2735
[20/05/2016 22:52:12] /i 2735
[20/05/2016 22:52:13] /i 2735
[20/05/2016 22:52:13] /i 2735
[20/05/2016 22:52:14] /i 2735
[20/05/2016 22:52:14] /i 2735
[20/05/2016 22:52:15] /i 2735
[20/05/2016 22:52:15] /i 2735
[20/05/2016 22:52:16] /i 2735
[20/05/2016 22:52:16] /i 2735
[20/05/2016 22:52:17] /i 2735
[20/05/2016 22:52:17] /i 2735
[20/05/2016 22:52:17] /i 2735
[20/05/2016 22:52:18] /i 2735
[20/05/2016 22:52:18] /i 2735
[20/05/2016 22:52:19] /i 2735
[20/05/2016 22:52:20] /i 2735
[20/05/2016 22:52:20] /i 2735
[20/05/2016 22:52:21] /i 2735
[20/05/2016 22:52:22] /i 2735
[20/05/2016 22:52:23] /i 2735
[20/05/2016 22:52:23] /i 2735
[20/05/2016 22:52:24] /i 2735
[20/05/2016 22:52:24] /i 2735
[20/05/2016 22:52:25] /i 2735
[20/05/2016 22:52:25] /i 2735
[20/05/2016 22:52:26] /i 2735
[20/05/2016 22:52:26] /i 2735
[20/05/2016 22:52:27] /i 2735
[20/05/2016 22:52:27] /i 2735
[20/05/2016 22:52:28] /i 2735
[20/05/2016 22:52:29] /i 2735
[20/05/2016 22:52:32] /i 2735
[20/05/2016 22:52:33] /i 2735
[20/05/2016 22:52:33] /i 2735
[20/05/2016 22:52:34] /i 2735
[20/05/2016 22:52:34] /i 2735
[20/05/2016 22:52:34] /i 2735
[20/05/2016 22:52:35] /i 2735
[20/05/2016 22:52:36] /i 2735
[20/05/2016 22:52:36] /i 2735
[20/05/2016 22:52:37] /i 2735
[20/05/2016 22:53:01] /a
[20/05/2016 22:53:07] /c carreta furacao
[20/05/2016 22:53:11] /c sarrada fatal
[20/05/2016 22:54:10] /m dragon
[20/05/2016 22:54:11] /m dragon
[20/05/2016 22:54:12] /m dragon
[20/05/2016 22:54:13] /m dragon
[20/05/2016 22:54:14] /m dragon
[20/05/2016 22:54:15] /m dragon
[20/05/2016 22:54:16] /m dragon
[20/05/2016 22:54:18] /m dragon
[20/05/2016 22:54:19] /m dragon
[20/05/2016 22:54:20] /m dragon
[20/05/2016 22:54:21] /m dragon
[20/05/2016 22:54:24] /m dragon
[20/05/2016 22:54:28] /m dragon
[20/05/2016 22:54:29] /m dragon
[20/05/2016 22:54:37] /m dragon
[20/05/2016 22:54:45] /m hydra
[20/05/2016 22:54:47] /m hydra
[20/05/2016 22:54:49] /m hydra
[20/05/2016 22:54:51] /m hydra
[20/05/2016 22:54:54] /m hydra
[20/05/2016 22:54:56] /m hydra
[20/05/2016 22:54:57] /m hydra
[20/05/2016 22:54:58] /m hydra
[20/05/2016 22:54:58] /m hydra
[20/05/2016 22:54:58] /m hydra
[20/05/2016 22:55:41] /m Frost Dragon
[20/05/2016 22:55:43] /m Frost Dragon
[20/05/2016 22:55:44] /m Frost Dragon
[20/05/2016 22:55:45] /m Frost Dragon
[20/05/2016 22:55:47] /m Frost Dragon
[20/05/2016 22:55:47] /m Frost Dragon
[20/05/2016 22:55:47] /m Frost Dragon
[20/05/2016 22:55:47] /m Frost Dragon
[20/05/2016 22:55:48] /m Frost Dragon
[20/05/2016 22:55:48] /m Frost Dragon
[20/05/2016 22:55:55] /m Frost Dragon
[20/05/2016 22:55:56] /m Frost Dragon
[20/05/2016 22:55:58] /m Frost Dragon
[20/05/2016 22:56:10] /m demon
[20/05/2016 22:56:11] /m demon
[20/05/2016 22:56:13] /m demon
[20/05/2016 22:56:15] /m demon
[20/05/2016 22:56:21] /m demon
[20/05/2016 22:57:16] /i emerald sword
[20/05/2016 22:57:24] /i greate shield
[20/05/2016 22:57:28] /i great shield
[20/05/2016 22:57:39] /i hellforged axe
[20/05/2016 22:58:01] /r
[21/05/2016 00:24:12] /ghost
[21/05/2016 00:24:13] /t
[21/05/2016 00:24:14] /ghost
[21/05/2016 00:24:20] /goto carreta furacao
[21/05/2016 00:24:27] /goto sarrada fatal
[21/05/2016 00:25:51] /r
[21/05/2016 00:25:53] /r
[21/05/2016 00:26:37] /n Mago Anciao
[21/05/2016 00:26:39] /n Mago Anciao
[21/05/2016 00:26:43] /n Mago Anciao
[21/05/2016 00:28:45] /n <?xml version="1.0" encoding="UTF-8"?>
[21/05/2016 00:28:49] /n mago anciao
[21/05/2016 00:29:36] /n mago anciao
[21/05/2016 00:30:12] /goto carreta furacao
[21/05/2016 00:30:18] /t
[21/05/2016 00:30:35] /goto carreta furacao
[21/05/2016 00:30:38] /a
[21/05/2016 00:30:39] /a
[21/05/2016 00:30:48] /n mago anciao
[21/05/2016 00:31:06] /t
[21/05/2016 00:31:50] /n mago anciao
[21/05/2016 00:34:15] /n mago anciao
[21/05/2016 00:39:05] /goto carreta furacao
[21/05/2016 00:39:22] /m frost dragon
[21/05/2016 00:39:45] /goto sarrada fatal
[21/05/2016 00:40:03] /n mago anciao
[21/05/2016 00:40:37] /n Osvaldo
[21/05/2016 00:40:43] /n Osvaldo
[21/05/2016 00:40:46] /n mago anciao
[21/05/2016 00:41:34] /n defaulti
[21/05/2016 00:41:38] /n osvaldo
[21/05/2016 00:41:42] /n osvaldo
[21/05/2016 00:42:14] /n osvaldo
[21/05/2016 00:44:15] /n osvaldo
[21/05/2016 00:44:34] /i 2090
[21/05/2016 00:44:44] /i 11237
[21/05/2016 00:44:49] /i 11327
[21/05/2016 00:44:54] /i 11273
[21/05/2016 00:45:08] /i 11237
[21/05/2016 00:53:58] /n jax
[21/05/2016 00:55:28] /i 6120
[21/05/2016 00:57:29] /i marlin
[21/05/2016 00:57:39] /i 7963
[21/05/2016 00:57:47] /r
[21/05/2016 00:58:00] /goto sarrada fatal
[21/05/2016 00:59:27] /i 7959
[21/05/2016 01:02:25] /n jax
[21/05/2016 01:02:41] /r
[21/05/2016 01:04:01] /goto sarrada fatal
[21/05/2016 01:04:09] /n jax
[21/05/2016 01:04:11] /n jax
[21/05/2016 01:04:17] /n jax
[21/05/2016 01:06:21] /n jax
[21/05/2016 01:06:55] /i shark fish
[21/05/2016 01:07:33] /r
[21/05/2016 01:42:02] /i 8882
[21/05/2016 01:42:23] /i 8883
[21/05/2016 01:42:24] /i 8884
[21/05/2016 02:07:51] /goto carreta furacao
[21/05/2016 02:07:57] /goto sorquera
[21/05/2016 02:08:34] /goto sarrada fatal
[21/05/2016 02:09:40] /a
[21/05/2016 02:09:41] /a
[21/05/2016 02:09:42] /a
[21/05/2016 02:10:23] /a
[21/05/2016 02:10:46] /a
[21/05/2016 02:11:10] /a
[21/05/2016 02:11:41] /a
[21/05/2016 02:11:42] /a
[21/05/2016 02:11:43] /a
[21/05/2016 02:11:43] /a
[21/05/2016 02:11:44] /a
[21/05/2016 02:11:45] /a
[21/05/2016 02:11:45] /a
[21/05/2016 02:11:46] /a
[21/05/2016 02:11:46] /a
[21/05/2016 02:11:47] /a
[21/05/2016 02:11:47] /a
[21/05/2016 02:11:48] /a
[21/05/2016 02:11:48] /a
[21/05/2016 02:11:49] /a
[21/05/2016 02:11:50] /a
[21/05/2016 02:11:50] /a
[21/05/2016 02:11:50] /a
[21/05/2016 02:11:51] /a
[21/05/2016 02:11:52] /a
[21/05/2016 02:11:52] /a
[21/05/2016 02:11:53] /a
[21/05/2016 02:11:54] /a
[21/05/2016 02:11:54] /a
[21/05/2016 02:11:55] /a 2
[21/05/2016 02:11:57] /a 4
[21/05/2016 02:11:58] /a 4
[21/05/2016 02:11:59] /a 4
[21/05/2016 02:12:10] /ghost
[21/05/2016 02:12:25] /ghost
[21/05/2016 02:12:38] /t
[21/05/2016 02:13:25] /goto sarrada fatal
[21/05/2016 02:13:33] /i pair of softh boots
[21/05/2016 02:13:36] /i pair of soft boots
[21/05/2016 02:13:51] /t
[21/05/2016 02:22:28] /a
[21/05/2016 02:22:29] /a
[21/05/2016 02:22:30] /a
[21/05/2016 02:22:38] /a
[21/05/2016 02:23:08] /down
[21/05/2016 02:23:13] /a
[21/05/2016 02:23:18] /a
[21/05/2016 02:23:21] /a 6
[21/05/2016 02:23:22] /a 6
[21/05/2016 02:23:23] /a 6
[21/05/2016 02:23:24] /a 6
[21/05/2016 02:23:25] /a 6
[21/05/2016 02:23:26] /a 6
[21/05/2016 02:23:29] /a 6
[21/05/2016 02:23:29] /a 6
[21/05/2016 02:23:30] /a 6
[21/05/2016 02:23:30] /a 6
[21/05/2016 02:23:31] /a 6
[21/05/2016 02:23:32] /a 6
[21/05/2016 02:23:33] /a 6
[21/05/2016 02:24:16] /t
[21/05/2016 02:24:55] /a
[21/05/2016 02:24:56] /a
[21/05/2016 02:25:03] /a
[21/05/2016 02:25:09] /up
[21/05/2016 02:25:14] /c sarrada fatal
[21/05/2016 02:25:18] /ghost
[21/05/2016 02:25:30] /c terroz
[21/05/2016 02:26:07] /a
[21/05/2016 02:26:23] /down
[21/05/2016 02:26:30] /a 5
[21/05/2016 02:26:30] /a 5
[21/05/2016 02:26:31] /a 5
[21/05/2016 02:26:32] /a 5
[21/05/2016 02:26:32] /a 5
[21/05/2016 02:26:33] /a 5
[21/05/2016 02:26:33] /a 5
[21/05/2016 02:26:34] /a 5
[21/05/2016 02:26:49] /c terrozei
[21/05/2016 02:27:11] /c terroz
[21/05/2016 02:28:29] /r
[21/05/2016 02:28:31] /r
[21/05/2016 02:28:32] /r
[21/05/2016 02:28:43] /r
[21/05/2016 02:28:45] /r
[21/05/2016 02:28:47] /r
[21/05/2016 02:29:49] /b relog galera
[21/05/2016 02:29:53] /b rapidão
[21/05/2016 02:30:55] /t terroz
[21/05/2016 02:30:57] /a
[21/05/2016 02:30:57] /a
[21/05/2016 02:31:03] /a 5
[21/05/2016 02:31:03] /a 5
[21/05/2016 02:31:04] /a 5
[21/05/2016 02:31:05] /a 5
[21/05/2016 02:31:06] /a 5
[21/05/2016 02:31:06] /a 5
[21/05/2016 02:31:07] /a 5
[21/05/2016 02:31:08] /a 5
[21/05/2016 02:31:23] /t sarrada fatal
[21/05/2016 02:31:25] /r
[21/05/2016 02:31:30] /up
[21/05/2016 02:31:33] /up
[21/05/2016 02:31:51] /a
[21/05/2016 02:32:30] /c terroz
[21/05/2016 02:33:23] /t terroz
[21/05/2016 02:33:27] /ghost
[21/05/2016 02:49:02] /goto sarrada fatal
[21/05/2016 02:49:10] /b
[21/05/2016 02:49:12] /b galera
[21/05/2016 02:49:21] /b mais um relogim
[21/05/2016 02:50:04] /goto carreta furacao
[21/05/2016 02:50:16] /goto sarrada fatal
[21/05/2016 02:50:19] /goto sarrada fatal
[21/05/2016 02:50:27] /goto adolf hitler
[21/05/2016 02:50:41] /a
[21/05/2016 02:51:02] /a
[21/05/2016 02:51:22] /a
[21/05/2016 02:51:23] /a
[21/05/2016 02:51:23] /a
[21/05/2016 02:51:24] /a
[21/05/2016 02:51:25] /a
[21/05/2016 02:51:27] /a
[21/05/2016 02:51:31] /a
[21/05/2016 02:51:39] /a
[21/05/2016 02:51:50] /a
[21/05/2016 02:51:51] /a
[21/05/2016 02:51:52] /a
[21/05/2016 02:51:54] /a
[21/05/2016 02:51:54] /a
[21/05/2016 02:51:55] /a
[21/05/2016 02:52:00] /a
[21/05/2016 02:52:22] /a
[21/05/2016 02:52:37] /r
[21/05/2016 02:52:38] /r
[21/05/2016 02:53:43] /i mistic blade
[21/05/2016 02:53:47] /i mystic blade
[21/05/2016 02:54:46] /t
[21/05/2016 02:59:09] /i 2087
[21/05/2016 02:59:18] /i 1251
[21/05/2016 02:59:31] /i 1250
[21/05/2016 02:59:41] /i 3544
[21/05/2016 02:59:45] /r
[21/05/2016 02:59:48] /r
[21/05/2016 02:59:49] /r
[21/05/2016 03:05:48] /a
[21/05/2016 03:05:50] /a
[21/05/2016 03:05:50] /a
[21/05/2016 03:06:13] /a
[21/05/2016 03:06:17] /i 5107
[21/05/2016 03:07:35] /r
[21/05/2016 03:10:15] /b relog
[21/05/2016 03:10:57] /a
[21/05/2016 03:11:17] /up
[21/05/2016 03:11:44] /up
[21/05/2016 08:40:13] /t
[21/05/2016 08:40:23] /goto trai
[21/05/2016 08:40:28] /goto traui
[21/05/2016 08:40:34] /r
[21/05/2016 08:40:44] /goto sarrada fatal
[21/05/2016 08:41:08] /goto carreta furacao
[21/05/2016 08:41:45] /goto sarrada fatal
[21/05/2016 08:41:47] /goto sarrada fatal
[21/05/2016 11:11:26] /goto urakin
[21/05/2016 11:11:35] /goto sarrada fatal
[21/05/2016 11:11:43] /goto safadao
[21/05/2016 11:11:57] /goto carreta furacao
[21/05/2016 11:12:04] /goto urakin
[21/05/2016 12:58:17] /goto kohon paladin
[21/05/2016 12:58:21] /goto urakin
[21/05/2016 12:58:26] /goto carreta furacao
[21/05/2016 12:58:42] /goto piquinha lincon
[21/05/2016 12:58:45] /goto carreta furacao
[21/05/2016 12:59:20] /goto carreta furacao
[21/05/2016 12:59:21] /goto carreta furacao
[21/05/2016 12:59:22] /goto carreta furacao
[21/05/2016 12:59:23] /goto carreta furacao
[21/05/2016 12:59:24] /goto carreta furacao
[21/05/2016 12:59:25] /goto carreta furacao
[21/05/2016 12:59:26] /goto carreta furacao
[21/05/2016 12:59:27] /goto carreta furacao
[21/05/2016 12:59:28] /goto carreta furacao
[21/05/2016 12:59:29] /goto carreta furacao
[21/05/2016 12:59:31] /goto carreta furacao
[21/05/2016 12:59:33] /goto carreta furacao
[21/05/2016 12:59:36] /goto carreta furacao
[21/05/2016 12:59:38] /goto carreta furacao
[21/05/2016 15:15:17] /goto juditi
[21/05/2016 15:15:23] /goto sarrada fatal
[21/05/2016 15:15:29] /goto carreta furacao
[21/05/2016 15:15:34] /goto safadao
[21/05/2016 15:15:39] /b galera
[21/05/2016 15:15:50] /b vou dar um relog pra ver a area que criei
[21/05/2016 15:15:55] /b para os iniciantes
[21/05/2016 15:17:11] /a
[21/05/2016 15:17:32] /a
[21/05/2016 15:17:33] /a
[21/05/2016 15:17:49] /a
[21/05/2016 15:17:49] /a
[21/05/2016 15:17:50] /a
[21/05/2016 15:17:54] /n prisioneira
[21/05/2016 15:17:56] /n prisioneiro
[21/05/2016 15:18:01] /goto nign
[21/05/2016 15:18:08] /ghost
[21/05/2016 15:19:04] /a
[21/05/2016 15:19:05] /a
[21/05/2016 15:19:11] /t juditi
[21/05/2016 15:19:12] /t
[21/05/2016 15:20:10] /a
[21/05/2016 15:20:11] /a
[21/05/2016 15:20:11] /a
[21/05/2016 15:20:15] /r
[21/05/2016 15:20:16] /r
[21/05/2016 15:20:18] /r
[21/05/2016 15:20:22] /r
[21/05/2016 15:20:23] /r
[21/05/2016 15:20:24] /r
[21/05/2016 15:20:25] /r
[21/05/2016 15:20:25] /r
[21/05/2016 15:20:26] /r
[21/05/2016 15:20:28] /r
[21/05/2016 15:20:29] /r
[21/05/2016 15:20:33] /a
[21/05/2016 15:21:09] /down
[21/05/2016 15:21:12] /c juditi
[21/05/2016 15:21:40] /a
[21/05/2016 15:21:43] /a
[21/05/2016 15:21:47] /ghost
[21/05/2016 15:21:50] /a
[21/05/2016 15:21:51] /a
[21/05/2016 15:21:52] /a
[21/05/2016 15:21:52] /a
[21/05/2016 15:21:53] /a
[21/05/2016 15:22:49] /ghost
[21/05/2016 15:22:51] /goto nign
[21/05/2016 15:23:08] /goto juditi
[21/05/2016 15:24:34] /a
[21/05/2016 15:25:15] /a
[21/05/2016 15:25:15] /a
[21/05/2016 15:25:17] /a
[21/05/2016 15:25:18] /a
[21/05/2016 15:25:40] /down
[21/05/2016 15:26:18] /i machete
[21/05/2016 15:30:32] /i crossbol
[21/05/2016 15:30:33] /i crossbow
[21/05/2016 15:38:09] /n pala
[21/05/2016 15:38:13] /n kina
[21/05/2016 15:38:14] /n mage
[21/05/2016 15:38:50] /b pessoal
[21/05/2016 15:38:59] /b desculpa pelo lag e os relog, é o erro do ot
[21/05/2016 15:39:05] /b mas ainda hoje vou tirar
[21/05/2016 15:39:46] /a
[21/05/2016 15:39:58] /i acorn
[21/05/2016 15:40:12] /a
[21/05/2016 15:40:17] /a
[21/05/2016 15:40:17] /a
[21/05/2016 15:40:18] /a
[21/05/2016 15:40:18] /a
[21/05/2016 15:40:19] /a
[21/05/2016 15:40:19] /a
[21/05/2016 15:40:20] /a
[21/05/2016 15:40:20] /a
[21/05/2016 15:40:42] /a
[21/05/2016 15:41:20] /i 7384
[21/05/2016 15:41:28] /i 7959
[21/05/2016 15:41:51] /i royal axe
[21/05/2016 15:42:42] /n kina
[21/05/2016 15:42:53] /i acorn
[21/05/2016 15:42:59] /r
[21/05/2016 15:50:06] /ghost
[21/05/2016 15:50:11] /goto fofao
[21/05/2016 18:12:44] /t
[21/05/2016 18:13:06] /ghost
[21/05/2016 18:13:33] /goto ferumbras
[21/05/2016 18:13:34] /goto ferumbras
[21/05/2016 18:13:41] /s bazir
[21/05/2016 18:14:23] /a
[21/05/2016 18:14:28] /t
[22/05/2016 00:35:42] /i 10016
[22/05/2016 00:37:33] /i 10349
[22/05/2016 00:37:37] /r
[22/05/2016 00:38:55] /i 10364
[22/05/2016 00:39:44] /i 10513
[22/05/2016 00:40:08] /i 10515
[22/05/2016 00:40:09] /i 10512
[22/05/2016 00:41:40] /i 11118
[22/05/2016 00:41:59] /i dragon scale boots
[22/05/2016 00:42:05] /r
[22/05/2016 00:42:29] /i 11203
[22/05/2016 00:42:43] /i dragon throne
[22/05/2016 00:43:02] /i 11197
[22/05/2016 00:43:05] /r
[22/05/2016 00:43:07] /r
[22/05/2016 00:45:28] /i 12492
[22/05/2016 00:45:32] /r
[22/05/2016 00:45:33] /r
[22/05/2016 00:45:36] /r
[22/05/2016 00:45:36] /r
[22/05/2016 00:45:39] /r
[22/05/2016 00:45:59] /i 12607
[22/05/2016 00:46:29] /i 12608
[22/05/2016 00:46:35] /i 12607
[22/05/2016 00:46:38] /i 12609
[22/05/2016 00:46:44] /i 12610
[22/05/2016 00:46:46] /i 12611
[22/05/2016 00:46:48] /i 12612
[22/05/2016 00:46:51] /i 12613
[22/05/2016 00:46:53] /i 12614
[22/05/2016 00:46:55] /i 12615
[22/05/2016 00:46:57] /i 12616
[22/05/2016 00:46:59] /i 12617
[22/05/2016 00:47:01] /i 12618
[22/05/2016 00:47:05] /i 12619
[22/05/2016 00:47:08] /i 12620
[22/05/2016 00:47:10] /i 12621
[22/05/2016 00:47:11] /i 12622
[22/05/2016 00:47:21] /i 12606
[22/05/2016 00:47:23] /i 12605
[22/05/2016 00:47:25] /i 12604
[22/05/2016 00:47:27] /i 12603
[22/05/2016 00:47:28] /i 12602
[22/05/2016 00:47:31] /i 12601
[22/05/2016 00:47:35] /i 12600
[22/05/2016 00:47:40] /i 12599
[22/05/2016 00:47:43] /i 12598
[22/05/2016 00:47:44] /i 12597
[22/05/2016 00:47:46] /i 12596
[22/05/2016 00:47:48] /i 12595
[22/05/2016 00:47:50] /i 12594
[22/05/2016 00:47:52] /i 12593
[22/05/2016 00:47:53] /i 12592
[22/05/2016 00:47:55] /i 12591
[22/05/2016 00:48:07] /i 12591
[22/05/2016 00:51:23] /i key ring
[22/05/2016 00:51:24] /i key ring
[22/05/2016 00:51:24] /i key ring
[22/05/2016 00:51:25] /i key ring
[22/05/2016 00:54:09] /i small armor
[22/05/2016 00:54:33] /i small helmet
[22/05/2016 00:55:38] /i 10016
[22/05/2016 00:56:07] /i 9778
[22/05/2016 01:22:39] /t
[22/05/2016 01:23:03] /a
[22/05/2016 01:23:04] /up
[22/05/2016 01:23:10] /up
[22/05/2016 01:23:22] /r
[22/05/2016 01:23:36] /m Sarvmor
[22/05/2016 01:23:40] /r
[22/05/2016 01:24:29] /m Sarvmor
[22/05/2016 01:24:37] /s hydra
[22/05/2016 01:24:48] /s demon
[22/05/2016 01:29:27] /m Carvmor
[22/05/2016 01:29:32] /m Sarvmor
[22/05/2016 01:43:37] /m barbaro
[22/05/2016 01:48:38] /m Poltway
[22/05/2016 01:49:41] /r
[22/05/2016 01:49:51] /m poltway
[22/05/2016 01:50:42] /m poltway
[22/05/2016 01:50:42] /m poltway
[22/05/2016 01:50:43] /m poltway
[22/05/2016 01:50:43] /m poltway
[22/05/2016 01:52:16] /m poltway
[22/05/2016 01:54:52] /m poltway
[22/05/2016 02:05:59] /m guerreiro de luz
[22/05/2016 02:06:02] /r
[22/05/2016 02:48:10] /a
[22/05/2016 02:48:28] /i light shovel
[22/05/2016 02:48:36] /i shovel
[22/05/2016 02:48:44] /down
[22/05/2016 02:48:48] /ghost
[22/05/2016 02:48:49] /s demon
[22/05/2016 02:49:06] /s demon
[22/05/2016 02:49:33] /s demon
[22/05/2016 02:51:11] /s demon
[22/05/2016 02:51:16] /s demon
[22/05/2016 02:51:31] /a
[22/05/2016 02:51:32] /a
[22/05/2016 02:51:33] /a
[22/05/2016 02:51:34] /a
[22/05/2016 02:51:39] /a
[22/05/2016 02:51:41] /s demon
[22/05/2016 02:51:55] /s morgaroth
[22/05/2016 02:53:48] /ghost
[22/05/2016 02:53:51] /a
[22/05/2016 02:53:57] /a
[22/05/2016 02:54:16] /a
[22/05/2016 02:54:24] /s morgaroth
[22/05/2016 02:55:03] /s morgaroth
[22/05/2016 02:56:12] /a
[22/05/2016 02:56:12] /a
[22/05/2016 02:56:13] /a
[22/05/2016 02:56:14] /a
[22/05/2016 02:56:26] /a
[22/05/2016 02:56:29] /a
[22/05/2016 02:56:30] /a
[22/05/2016 02:57:29] /r
[22/05/2016 02:57:31] /c terroz
[22/05/2016 02:58:01] /r
[22/05/2016 02:58:02] /r
[22/05/2016 02:58:03] /r
[22/05/2016 02:58:03] /r
[22/05/2016 02:58:04] /r
[22/05/2016 02:58:04] /r
[22/05/2016 02:58:05] /r
[22/05/2016 03:02:36] /a
[22/05/2016 03:03:32] /a
[22/05/2016 03:03:33] /a
[22/05/2016 03:03:34] /a
[22/05/2016 03:03:40] /a
[22/05/2016 03:03:43] /a
[22/05/2016 03:04:00] /t
[22/05/2016 03:05:17] /town 2
[22/05/2016 03:05:45] /m hacker
[22/05/2016 03:06:40] /m crystal spider
[22/05/2016 03:06:56] /r
[22/05/2016 03:12:30] /i crystal sword
[22/05/2016 03:12:50] /i frost armor
[22/05/2016 03:13:00] /i armor
[22/05/2016 03:13:06] /i frostgiant armor
[22/05/2016 03:13:12] /i blue robe
[22/05/2016 03:13:20] /i blue legs
[22/05/2016 03:13:56] /i blue helmet
[22/05/2016 03:14:05] /i jade helmet
[22/05/2016 03:14:10] /i hat of the mad
[22/05/2016 03:15:21] /m Spider Img
[22/05/2016 03:16:53] /m spide img
[22/05/2016 03:16:55] /m spide rimg
[22/05/2016 03:16:59] /m spider img
[22/05/2016 03:17:00] /m spider img
[22/05/2016 04:03:03] /t
[22/05/2016 04:03:08] /town 3
[22/05/2016 04:03:31] /s demon
[22/05/2016 04:05:22] /s demon
[22/05/2016 04:05:41] /s demon
[22/05/2016 04:06:04] /t
[22/05/2016 12:32:35] /i crystal coin
[22/05/2016 12:32:37] /town 2
[22/05/2016 12:32:38] /town 3
[22/05/2016 12:32:46] /town 3
[22/05/2016 12:32:53] /i crystal coin
[22/05/2016 12:32:55] /i crystal coin
[22/05/2016 12:32:55] /i crystal coin
