[09/07/2016 21:36:57] /a
[09/07/2016 21:36:57] /a
[09/07/2016 21:37:01] /a 5
[09/07/2016 21:37:02] /a 5
[09/07/2016 21:37:03] /up
[09/07/2016 21:37:07] /r
[09/07/2016 21:37:10] /c lincon
[09/07/2016 21:37:17] /save
[09/07/2016 21:37:36] /a
[09/07/2016 21:37:45] /a 5
[09/07/2016 21:37:46] /a 5
[09/07/2016 21:37:46] /a 5
[09/07/2016 21:37:47] /a 5
[09/07/2016 21:37:47] /a 5
[09/07/2016 21:37:48] /a 5
[09/07/2016 21:37:49] /a 5
[09/07/2016 21:37:52] /c lincon
[09/07/2016 21:38:07] /save
[09/07/2016 21:38:27] /a
[09/07/2016 21:38:31] /a 5
[09/07/2016 21:38:34] /c lincon
[09/07/2016 21:38:46] /save
[09/07/2016 21:38:57] /t
[09/07/2016 21:39:07] /a
[09/07/2016 21:39:14] /town 2
[09/07/2016 21:39:23] /a
[09/07/2016 21:39:30] /r
[09/07/2016 21:39:32] /c lincon
[09/07/2016 21:39:55] /save
[09/07/2016 21:40:15] /a
[09/07/2016 21:40:19] /a 6
[09/07/2016 21:40:19] /a 6
[09/07/2016 21:40:20] /a 6
[09/07/2016 21:40:20] /a 6
[09/07/2016 21:40:21] /a 6
[09/07/2016 21:40:21] /a 6
[09/07/2016 21:40:22] /a 6
[09/07/2016 21:40:22] /a 6
[09/07/2016 21:40:23] /a 6
[09/07/2016 21:40:23] /a 6
[09/07/2016 21:40:24] /a 6
[09/07/2016 21:40:25] /a 6
[09/07/2016 21:40:27] /r
[09/07/2016 21:40:29] /r
[09/07/2016 21:40:30] /r
[09/07/2016 21:40:31] /r
[09/07/2016 21:40:32] /r
[09/07/2016 21:40:35] /c lincon
[09/07/2016 21:40:41] /save
[09/07/2016 21:41:00] /a 4
[09/07/2016 21:41:01] /a 4
[09/07/2016 21:41:03] /a 4
[09/07/2016 21:41:06] /r
[09/07/2016 21:41:08] /c lincon
[09/07/2016 21:41:14] /save
[09/07/2016 21:41:33] /t
[09/07/2016 21:41:44] /a
[09/07/2016 21:41:45] /a
[09/07/2016 21:41:49] /a
[09/07/2016 21:41:49] /a
[09/07/2016 21:41:50] /a
[09/07/2016 21:41:50] /a
[09/07/2016 21:41:51] /a
[09/07/2016 21:41:55] /r
[09/07/2016 21:41:56] /r
[09/07/2016 21:41:57] /r
[09/07/2016 21:41:59] /r
[09/07/2016 21:42:00] /r
[09/07/2016 21:42:01] /r
[09/07/2016 21:42:02] /r
[09/07/2016 21:42:05] /r
[09/07/2016 21:42:08] /c lincon
[09/07/2016 21:42:21] /save
[09/07/2016 21:42:41] /a
[09/07/2016 21:42:44] /a 5
[09/07/2016 21:42:45] /a 5
[09/07/2016 21:42:45] /a 5
[09/07/2016 21:42:46] /a 5
[09/07/2016 21:42:46] /a 5
[09/07/2016 21:42:46] /a 5
[09/07/2016 21:42:47] /a 5
[09/07/2016 21:42:47] /a 5
[09/07/2016 21:42:48] /a 5
[09/07/2016 21:42:50] /a 5
[09/07/2016 21:42:50] /a 5
[09/07/2016 21:42:50] /a 5
[09/07/2016 21:42:51] /a 5
[09/07/2016 21:42:53] /c lincon
[09/07/2016 21:43:31] /save
[09/07/2016 21:43:50] /a
[09/07/2016 21:43:56] /a 10
[09/07/2016 21:43:56] /a 10
[09/07/2016 21:43:57] /a 10
[09/07/2016 21:43:58] /a 10
[09/07/2016 21:43:59] /a 10
[09/07/2016 21:43:59] /a 10
[09/07/2016 21:44:00] /a 10
[09/07/2016 21:44:00] /a 10
[09/07/2016 21:44:01] /a 10
[09/07/2016 21:44:02] /a 10
[09/07/2016 21:44:09] /a
[09/07/2016 21:44:10] /a
[09/07/2016 21:44:11] /a
[09/07/2016 21:44:16] /a 3
[09/07/2016 21:44:19] /a 3
[09/07/2016 21:44:22] /a 3
[09/07/2016 21:44:23] /a 3
[09/07/2016 21:44:26] /c lincon
[09/07/2016 21:45:03] /save
[09/07/2016 21:45:30] /a
[09/07/2016 21:45:30] /a
[09/07/2016 21:45:38] /a 10
[09/07/2016 21:45:38] /a 10
[09/07/2016 21:45:39] /a 10
[09/07/2016 21:45:43] /a
[09/07/2016 21:45:48] /a
[09/07/2016 21:45:51] /a
[09/07/2016 21:45:54] /r
[09/07/2016 21:45:56] /a
[09/07/2016 21:45:59] /c lincon
[09/07/2016 21:46:19] /save
[09/07/2016 21:46:29] /a
[09/07/2016 21:46:32] /a
[09/07/2016 21:46:34] /a
[09/07/2016 21:46:37] /a 10
[09/07/2016 21:46:38] /a 10
[09/07/2016 21:46:38] /a 10
[09/07/2016 21:46:39] /a 10
[09/07/2016 21:46:41] /a 10
[09/07/2016 21:46:42] /a 10
[09/07/2016 21:46:44] /up
[09/07/2016 21:46:46] /a 2
[09/07/2016 21:46:48] /c lincon
[09/07/2016 21:47:02] /save
[09/07/2016 21:47:20] /save
[09/07/2016 21:47:33] /a
[09/07/2016 21:47:36] /a 4
[09/07/2016 21:47:37] /a 4
[09/07/2016 21:47:38] /a 5
[09/07/2016 21:47:41] /a 5
[09/07/2016 21:47:42] /r
[09/07/2016 21:47:43] /r
[09/07/2016 21:47:46] /r
[09/07/2016 21:47:53] /c lincon
[09/07/2016 21:48:02] /save
[09/07/2016 21:48:18] /a
[09/07/2016 21:48:26] /a 7
[09/07/2016 21:48:26] /a 7
[09/07/2016 21:48:27] /a 7
[09/07/2016 21:48:27] /a 7
[09/07/2016 21:48:28] /a 7
[09/07/2016 21:48:28] /a 7
[09/07/2016 21:48:28] /a 7
[09/07/2016 21:48:29] /a 7
[09/07/2016 21:48:29] /a 7
[09/07/2016 21:48:30] /a 7
[09/07/2016 21:48:31] /a 7
[09/07/2016 21:48:31] /a 7
[09/07/2016 21:48:31] /a 7
[09/07/2016 21:48:32] /a 7
[09/07/2016 21:48:32] /a 7
[09/07/2016 21:48:33] /a 7
[09/07/2016 21:48:34] /a 7
[09/07/2016 21:48:35] /a 7
[09/07/2016 21:48:35] /a 7
[09/07/2016 21:48:37] /a 2
[09/07/2016 21:48:40] /c lincon
[09/07/2016 21:49:15] /save
[09/07/2016 21:49:34] /town 2
[09/07/2016 21:49:43] /town 5
[09/07/2016 21:49:48] /a 4
[09/07/2016 21:49:55] /a 4
[09/07/2016 21:50:01] /a
[09/07/2016 21:50:01] /a
[09/07/2016 21:50:02] /r
[09/07/2016 21:50:04] /a
[09/07/2016 21:50:04] /a
[09/07/2016 21:50:07] /c lincon
[09/07/2016 21:50:29] /save
[09/07/2016 21:50:46] /t lincon
[09/07/2016 21:50:47] /t
[09/07/2016 21:55:39] /addskill Lincon,level,1000
[09/07/2016 21:56:06] /addskill Lincon,distance,100
[09/07/2016 21:56:17] /i addon doll
[09/07/2016 21:56:56] /save
[09/07/2016 21:59:29] /i small armor
[09/07/2016 22:04:10] /ghost
[09/07/2016 22:04:15] /ghost
[11/07/2016 09:06:50] /i small helmet
[11/07/2016 09:06:55] /i small legs
[11/07/2016 09:07:01] /i small boots
[11/07/2016 09:07:07] /i small book
[11/07/2016 09:07:12] /i small shield
[11/07/2016 09:07:18] /i small staff
[11/07/2016 09:14:50] /i supreme small helmet
[11/07/2016 09:14:55] /i supreme small armor
[11/07/2016 09:15:00] /i supreme small legs
[11/07/2016 09:15:06] /i supreme small boots
[11/07/2016 09:15:11] /i supreme small shield
[11/07/2016 09:15:26] /i supreme small ring
[11/07/2016 09:16:41] /i ranger legs
[11/07/2016 09:17:04] /i supreme small legs
[11/07/2016 09:17:31] /i small legs
[11/07/2016 09:20:23] /i 2664
[11/07/2016 09:22:43] /r
[11/07/2016 09:22:44] /r
[11/07/2016 09:22:45] /r
[11/07/2016 09:22:46] /r
[11/07/2016 09:22:47] /r
[11/07/2016 09:22:49] /r
[11/07/2016 09:28:37] /r
[11/07/2016 09:30:00] /r
[11/07/2016 09:30:54] /r
[11/07/2016 09:31:03] /i small wand
[11/07/2016 09:31:07] /i small staff
[11/07/2016 09:31:21] /i small star
[11/07/2016 09:32:01] /r
[11/07/2016 09:38:07] /i Marlin Trophy
[11/07/2016 09:39:46] /i Noble Sword
[11/07/2016 09:40:28] /i CM Token
[11/07/2016 09:49:42] /i Impward
[11/07/2016 09:49:59] /i pet pig
[11/07/2016 09:50:07] /i Whinona
[11/07/2016 09:52:45] /i small shield
[11/07/2016 10:06:21] /r
[11/07/2016 10:06:29] /save
[13/07/2016 01:34:47] /a 10
[13/07/2016 01:34:48] /a 10
[13/07/2016 01:34:48] /a 10
[13/07/2016 01:34:48] /a 10
[13/07/2016 01:34:49] /a 10
[13/07/2016 01:34:50] /a 10
[13/07/2016 01:34:50] /a 10
[13/07/2016 01:34:51] /a 10
[13/07/2016 01:34:51] /a 10
[13/07/2016 01:34:52] /a 10
[13/07/2016 01:34:52] /a 10
[13/07/2016 01:34:53] /a 10
[13/07/2016 01:34:53] /a 10
[13/07/2016 01:34:54] /a 10
[13/07/2016 01:34:55] /a 10
[13/07/2016 01:34:55] /a 10
[13/07/2016 01:34:56] /a 10
[13/07/2016 01:34:58] /a 20
[13/07/2016 01:34:59] /a 20
[13/07/2016 01:34:59] /a 20
[13/07/2016 01:35:00] /a 20
[13/07/2016 01:35:01] /a 20
[13/07/2016 01:35:02] /a 20
[13/07/2016 01:35:02] /a 20
[13/07/2016 01:35:04] /a 20
[13/07/2016 01:35:05] /a 20
[13/07/2016 01:35:06] /a 20
[13/07/2016 01:35:33] /a
[13/07/2016 01:35:34] /a
[13/07/2016 01:35:35] /a
[13/07/2016 01:35:38] /a
[13/07/2016 01:35:38] /a
[13/07/2016 01:35:46] /s demon
[13/07/2016 01:36:04] /s demon
[13/07/2016 01:36:33] /a 30
[13/07/2016 01:36:33] /a 30
[13/07/2016 01:36:34] /a 30
[13/07/2016 01:36:35] /a 30
[13/07/2016 01:36:36] /a 30
[13/07/2016 01:36:36] /a 30
[13/07/2016 01:36:37] /a 30
[13/07/2016 01:36:38] /a 30
[13/07/2016 01:36:39] /a 30
[13/07/2016 01:36:40] /a 30
[13/07/2016 01:36:40] /a 30
[13/07/2016 01:36:42] /a 5
[13/07/2016 01:37:22] /t
[13/07/2016 01:39:16] /a 30
[13/07/2016 01:39:17] /a 30
[13/07/2016 01:39:17] /a 30
[13/07/2016 01:39:18] /a 30
[13/07/2016 01:39:18] /a 30
[13/07/2016 01:39:19] /a 30
[13/07/2016 01:39:20] /a 30
[13/07/2016 01:39:21] /a 30
[13/07/2016 01:39:21] /a 30
[13/07/2016 01:39:22] /a 30
[13/07/2016 01:39:23] /a 30
[13/07/2016 01:39:34] /s demon
[13/07/2016 01:39:42] /a
[13/07/2016 01:39:44] /a
[13/07/2016 01:39:45] /a
[13/07/2016 01:39:46] /a
[13/07/2016 01:40:11] /s carvmor
[13/07/2016 01:40:13] /a
[13/07/2016 01:40:15] /s carvmor
[13/07/2016 01:40:16] /a
[13/07/2016 01:40:18] /s carvmor
[13/07/2016 01:40:19] /a
[13/07/2016 01:40:27] /a 2
