[04/07/2013 20:59:59] /save
[04/07/2013 21:49:26] /save
[05/07/2013 11:00:31] /i backpack
[05/07/2013 11:00:35] /ghost
[05/07/2013 11:01:12] /i crystal coin
[05/07/2013 11:01:13] /i crystal coin
[05/07/2013 11:01:13] /i crystal coin
[05/07/2013 11:01:14] /i crystal coin
[05/07/2013 11:01:14] /i crystal coin
[05/07/2013 11:01:14] /i crystal coin
[05/07/2013 11:01:14] /i crystal coin
[05/07/2013 11:01:15] /i crystal coin
[05/07/2013 11:01:15] /i crystal coin
[05/07/2013 11:01:16] /i crystal coin
[05/07/2013 11:01:17] /i crystal coin
[05/07/2013 11:01:17] /i crystal coin
[05/07/2013 11:01:17] /i crystal coin
[05/07/2013 11:01:17] /i crystal coin
[05/07/2013 11:01:18] /i crystal coin
[05/07/2013 11:01:18] /i crystal coin
[05/07/2013 11:01:18] /i crystal coin
[05/07/2013 11:01:18] /i crystal coin
[05/07/2013 11:01:19] /i crystal coin
[05/07/2013 11:01:19] /i crystal coin
[05/07/2013 11:01:20] /i crystal coin
[05/07/2013 11:01:30] /i backpack
[05/07/2013 11:01:33] /i crystal coin
[05/07/2013 11:01:35] /i crystal coin
[05/07/2013 11:01:35] /i crystal coin
[05/07/2013 11:01:35] /i crystal coin
[05/07/2013 11:01:35] /i crystal coin
[05/07/2013 11:01:37] /i crystal coin
[05/07/2013 11:01:37] /i crystal coin
[05/07/2013 11:01:37] /i crystal coin
[05/07/2013 11:01:37] /i crystal coin
[05/07/2013 11:01:37] /i crystal coin
[05/07/2013 11:01:38] /i crystal coin
[05/07/2013 11:01:38] /i crystal coin
[05/07/2013 11:01:38] /i crystal coin
[05/07/2013 11:01:39] /i crystal coin
[05/07/2013 11:01:39] /i crystal coin
[05/07/2013 11:01:39] /i crystal coin
[05/07/2013 11:01:41] /i crystal coin
[05/07/2013 11:01:41] /i crystal coin
[05/07/2013 11:01:41] /i crystal coin
[05/07/2013 11:01:42] /i crystal coin
[05/07/2013 12:13:13] /reload stages
